<ShowPlanXML xmlns="http://schemas.microsoft.com/sqlserver/2004/07/showplan" Version="1.480" Build="12.0.6444.4">
  <BatchSequence>
    <Batch>
      <Statements>
        <StmtSimple StatementText="&#xD;&#xA;CREATE procedure [dbo].[FinalizeExtractPosting]&#xD;&#xA;(&#xD;&#xA;   @lenderId bigint,&#xD;&#xA;   @branchCode nvarchar(20) = null,&#xD;&#xA;   @divisionCode nvarchar(20) = null&#xD;&#xA;)&#xD;&#xA;as&#xD;&#xA;begin&#xD;&#xA;&#x9;SET XACT_ABORT ON &#xD;&#xA;&#x9;" StatementId="1" StatementCompId="2" StatementType="SET ON/OFF" RetrievedFromCache="true" />
        <StmtSimple StatementText="BEGIN TRY&#xD;&#xA;&#x9;&#x9;" StatementId="2" StatementCompId="3" StatementType="BEGIN TRY" RetrievedFromCache="true" />
        <StmtSimple StatementText="BEGIN TRANSACTION&#xD;&#xA;&#xD;&#xA;&#x9;&#x9;" StatementId="3" StatementCompId="4" StatementType="BEGIN TRANSACTION" RetrievedFromCache="true" />
        <StmtSimple StatementText="SELECT &#xD;&#xA;&#x9;&#x9;&#x9;distinct P.ID AS PROPERTY_ID&#xD;&#xA;&#x9;&#x9;INTO #PROPERTY_IDS_TO_CONSIDER_TMP&#xD;&#xA;&#x9;&#x9;FROM &#xD;&#xA;&#x9;&#x9;&#x9;PROPERTY P&#xD;&#xA;&#x9;&#x9;&#x9;JOIN COLLATERAL C ON C.PROPERTY_ID = P.ID AND C.PURGE_DT IS NULL &#xD;&#xA;&#x9;&#x9;&#x9;JOIN LOAN L ON &#xD;&#xA;&#x9;&#x9;&#x9;&#x9;L.ID = C.LOAN_ID &#xD;&#xA;&#x9;&#x9;&#x9;&#x9;AND L.PURGE_DT IS NULL &#xD;&#xA;&#x9;&#x9;&#x9;&#x9;AND L.RECORD_TYPE_CD IN ('G','A','D')&#xD;&#xA;&#x9;&#x9;&#x9;&#x9;AND L.LENDER_ID = @lenderId &#xD;&#xA;&#x9;&#x9;&#x9;&#x9;AND ( @branchCode IS NULL OR L.BRANCH_CODE_TX = @branchCode )&#xD;&#xA;&#x9;&#x9;&#x9;&#x9;AND ( @divisionCode IS NULL OR L.DIVISION_CODE_TX = @divisionCode )&#xD;&#xA;&#x9;&#x9;WHERE&#xD;&#xA;&#x9;&#x9;&#x9;P.record_type_cd = 'G'&#xD;&#xA;&#x9;&#x9;&#x9;and P.PURGE_DT is null" StatementId="4" StatementCompId="5" StatementType="SELECT INTO" RetrievedFromCache="true" StatementSubTreeCost="1385.03" StatementEstRows="293738" StatementOptmLevel="FULL" QueryHash="0x7ABDB8F2A9A02C6F" QueryPlanHash="0x8D484A3D59C7DB0" CardinalityEstimationModelVersion="120">
          <StatementSetOptions QUOTED_IDENTIFIER="true" ARITHABORT="false" CONCAT_NULL_YIELDS_NULL="true" ANSI_NULLS="true" ANSI_PADDING="true" ANSI_WARNINGS="true" NUMERIC_ROUNDABORT="false" />
          <QueryPlan CachedPlanSize="128" CompileTime="15" CompileCPU="15" CompileMemory="1352">
            <ThreadStat Branches="3" />
            <MissingIndexes>
              <MissingIndexGroup Impact="27.1437">
                <MissingIndex Database="[UniTrac]" Schema="[dbo]" Table="[PROPERTY]">
                  <ColumnGroup Usage="EQUALITY">
                    <Column Name="[RECORD_TYPE_CD]" ColumnId="11" />
                    <Column Name="[PURGE_DT]" ColumnId="24" />
                  </ColumnGroup>
                  <ColumnGroup Usage="INCLUDE">
                    <Column Name="[ID]" ColumnId="1" />
                  </ColumnGroup>
                </MissingIndex>
              </MissingIndexGroup>
              <MissingIndexGroup Impact="50.4134">
                <MissingIndex Database="[UniTrac]" Schema="[dbo]" Table="[COLLATERAL]">
                  <ColumnGroup Usage="EQUALITY">
                    <Column Name="[PURGE_DT]" ColumnId="27" />
                  </ColumnGroup>
                  <ColumnGroup Usage="INCLUDE">
                    <Column Name="[LOAN_ID]" ColumnId="2" />
                    <Column Name="[PROPERTY_ID]" ColumnId="3" />
                  </ColumnGroup>
                </MissingIndex>
              </MissingIndexGroup>
            </MissingIndexes>
            <MemoryGrantInfo SerialRequiredMemory="2048" SerialDesiredMemory="960344" />
            <OptimizerHardwareDependentProperties EstimatedAvailableMemoryGrant="1668249" EstimatedPagesCached="5004748" EstimatedAvailableDegreeOfParallelism="4" MaxCompileMemory="501250152" />
            <TraceFlags IsCompileTime="1">
              <TraceFlag Value="1117" Scope="Global" />
              <TraceFlag Value="2371" Scope="Global" />
              <TraceFlag Value="3226" Scope="Global" />
            </TraceFlags>
            <RelOp NodeId="0" PhysicalOp="Parallelism" LogicalOp="Gather Streams" EstimateRows="293738" EstimateIO="0" EstimateCPU="0.120477" AvgRowSize="9" EstimatedTotalSubtreeCost="1385.03" Parallel="1" EstimateRebinds="0" EstimateRewinds="0" EstimatedExecutionMode="Row">
              <OutputList />
              <Parallelism>
                <RelOp NodeId="1" PhysicalOp="Table Insert" LogicalOp="Insert" EstimateRows="293738" EstimateIO="0.909343" EstimateCPU="0.0734346" AvgRowSize="9" EstimatedTotalSubtreeCost="1384.91" Parallel="1" EstimateRebinds="0" EstimateRewinds="0" EstimatedExecutionMode="Row">
                  <OutputList />
                  <Update DMLRequestSort="0">
                    <Object Table="[#PROPERTY_IDS_TO_CONSIDER_TMP]" Storage="RowStore" />
                    <SetPredicate>
                      <ScalarOperator ScalarString="[#PROPERTY_IDS_TO_CONSIDER_TMP].[PROPERTY_ID] = [UniTrac].[dbo].[PROPERTY].[ID] as [P].[ID]">
                        <ScalarExpressionList>
                          <ScalarOperator>
                            <MultipleAssign>
                              <Assign>
                                <ColumnReference Table="[#PROPERTY_IDS_TO_CONSIDER_TMP]" Column="PROPERTY_ID" />
                                <ScalarOperator>
                                  <Identifier>
                                    <ColumnReference Database="[UniTrac]" Schema="[dbo]" Table="[PROPERTY]" Alias="[P]" Column="ID" />
                                  </Identifier>
                                </ScalarOperator>
                              </Assign>
                            </MultipleAssign>
                          </ScalarOperator>
                        </ScalarExpressionList>
                      </ScalarOperator>
                    </SetPredicate>
                    <RelOp NodeId="3" PhysicalOp="Hash Match" LogicalOp="Right Semi Join" EstimateRows="297929" EstimateIO="0" EstimateCPU="54.6755" AvgRowSize="15" EstimatedTotalSubtreeCost="1383.92" Parallel="1" EstimateRebinds="0" EstimateRewinds="0" EstimatedExecutionMode="Row">
                      <OutputList>
                        <ColumnReference Database="[UniTrac]" Schema="[dbo]" Table="[PROPERTY]" Alias="[P]" Column="ID" />
                      </OutputList>
                      <MemoryFractions Input="0.404919" Output="1" />
                      <Hash>
                        <DefinedValues />
                        <HashKeysBuild>
                          <ColumnReference Database="[UniTrac]" Schema="[dbo]" Table="[COLLATERAL]" Alias="[C]" Column="PROPERTY_ID" />
                        </HashKeysBuild>
                        <HashKeysProbe>
                          <ColumnReference Database="[UniTrac]" Schema="[dbo]" Table="[PROPERTY]" Alias="[P]" Column="ID" />
                        </HashKeysProbe>
                        <ProbeResidual>
                          <ScalarOperator ScalarString="[UniTrac].[dbo].[COLLATERAL].[PROPERTY_ID] as [C].[PROPERTY_ID]=[UniTrac].[dbo].[PROPERTY].[ID] as [P].[ID]">
                            <Compare CompareOp="EQ">
                              <ScalarOperator>
                                <Identifier>
                                  <ColumnReference Database="[UniTrac]" Schema="[dbo]" Table="[COLLATERAL]" Alias="[C]" Column="PROPERTY_ID" />
                                </Identifier>
                              </ScalarOperator>
                              <ScalarOperator>
                                <Identifier>
                                  <ColumnReference Database="[UniTrac]" Schema="[dbo]" Table="[PROPERTY]" Alias="[P]" Column="ID" />
                                </Identifier>
                              </ScalarOperator>
                            </Compare>
                          </ScalarOperator>
                        </ProbeResidual>
                        <RelOp NodeId="4" PhysicalOp="Bitmap" LogicalOp="Bitmap Create" EstimateRows="839108" EstimateIO="0" EstimateCPU="0.630612" AvgRowSize="15" EstimatedTotalSubtreeCost="930.826" Parallel="1" EstimateRebinds="0" EstimateRewinds="0" EstimatedExecutionMode="Row">
                          <OutputList>
                            <ColumnReference Database="[UniTrac]" Schema="[dbo]" Table="[COLLATERAL]" Alias="[C]" Column="PROPERTY_ID" />
                          </OutputList>
                          <Bitmap>
                            <DefinedValues>
                              <DefinedValue>
                                <ColumnReference Column="Bitmap1009" />
                              </DefinedValue>
                            </DefinedValues>
                            <HashKeys>
                              <ColumnReference Database="[UniTrac]" Schema="[dbo]" Table="[COLLATERAL]" Alias="[C]" Column="PROPERTY_ID" />
                            </HashKeys>
                            <RelOp NodeId="5" PhysicalOp="Parallelism" LogicalOp="Repartition Streams" EstimateRows="839108" EstimateIO="0" EstimateCPU="0.630612" AvgRowSize="15" EstimatedTotalSubtreeCost="930.826" Parallel="1" EstimateRebinds="0" EstimateRewinds="0" EstimatedExecutionMode="Row">
                              <OutputList>
                                <ColumnReference Database="[UniTrac]" Schema="[dbo]" Table="[COLLATERAL]" Alias="[C]" Column="PROPERTY_ID" />
                              </OutputList>
                              <Parallelism PartitioningType="Hash">
                                <PartitionColumns>
                                  <ColumnReference Database="[UniTrac]" Schema="[dbo]" Table="[COLLATERAL]" Alias="[C]" Column="PROPERTY_ID" />
                                </PartitionColumns>
                                <RelOp NodeId="6" PhysicalOp="Hash Match" LogicalOp="Inner Join" EstimateRows="839108" EstimateIO="0" EstimateCPU="137.59" AvgRowSize="15" EstimatedTotalSubtreeCost="930.195" Parallel="1" EstimateRebinds="0" EstimateRewinds="0" EstimatedExecutionMode="Row">
                                  <OutputList>
                                    <ColumnReference Database="[UniTrac]" Schema="[dbo]" Table="[COLLATERAL]" Alias="[C]" Column="PROPERTY_ID" />
                                  </OutputList>
                                  <MemoryFractions Input="1" Output="0.595081" />
                                  <Hash>
                                    <DefinedValues />
                                    <HashKeysBuild>
                                      <ColumnReference Database="[UniTrac]" Schema="[dbo]" Table="[LOAN]" Alias="[L]" Column="ID" />
                                    </HashKeysBuild>
                                    <HashKeysProbe>
                                      <ColumnReference Database="[UniTrac]" Schema="[dbo]" Table="[COLLATERAL]" Alias="[C]" Column="LOAN_ID" />
                                    </HashKeysProbe>
                                    <ProbeResidual>
                                      <ScalarOperator ScalarString="[UniTrac].[dbo].[LOAN].[ID] as [L].[ID]=[UniTrac].[dbo].[COLLATERAL].[LOAN_ID] as [C].[LOAN_ID]">
                                        <Compare CompareOp="EQ">
                                          <ScalarOperator>
                                            <Identifier>
                                              <ColumnReference Database="[UniTrac]" Schema="[dbo]" Table="[LOAN]" Alias="[L]" Column="ID" />
                                            </Identifier>
                                          </ScalarOperator>
                                          <ScalarOperator>
                                            <Identifier>
                                              <ColumnReference Database="[UniTrac]" Schema="[dbo]" Table="[COLLATERAL]" Alias="[C]" Column="LOAN_ID" />
                                            </Identifier>
                                          </ScalarOperator>
                                        </Compare>
                                      </ScalarOperator>
                                    </ProbeResidual>
                                    <RelOp NodeId="7" PhysicalOp="Bitmap" LogicalOp="Bitmap Create" EstimateRows="901202" EstimateIO="0" EstimateCPU="0.675169" AvgRowSize="15" EstimatedTotalSubtreeCost="14.6939" Parallel="1" EstimateRebinds="0" EstimateRewinds="0" EstimatedExecutionMode="Row">
                                      <OutputList>
                                        <ColumnReference Database="[UniTrac]" Schema="[dbo]" Table="[LOAN]" Alias="[L]" Column="ID" />
                                      </OutputList>
                                      <Bitmap>
                                        <DefinedValues>
                                          <DefinedValue>
                                            <ColumnReference Column="Bitmap1008" />
                                          </DefinedValue>
                                        </DefinedValues>
                                        <HashKeys>
                                          <ColumnReference Database="[UniTrac]" Schema="[dbo]" Table="[LOAN]" Alias="[L]" Column="ID" />
                                        </HashKeys>
                                        <RelOp NodeId="8" PhysicalOp="Parallelism" LogicalOp="Repartition Streams" EstimateRows="901202" EstimateIO="0" EstimateCPU="0.675169" AvgRowSize="15" EstimatedTotalSubtreeCost="14.6939" Parallel="1" EstimateRebinds="0" EstimateRewinds="0" EstimatedExecutionMode="Row">
                                          <OutputList>
                                            <ColumnReference Database="[UniTrac]" Schema="[dbo]" Table="[LOAN]" Alias="[L]" Column="ID" />
                                          </OutputList>
                                          <Parallelism PartitioningType="Hash">
                                            <PartitionColumns>
                                              <ColumnReference Database="[UniTrac]" Schema="[dbo]" Table="[LOAN]" Alias="[L]" Column="ID" />
                                            </PartitionColumns>
                                            <RelOp NodeId="9" PhysicalOp="Index Seek" LogicalOp="Index Seek" EstimateRows="901202" EstimateIO="13.4431" EstimateCPU="0.266059" AvgRowSize="42" EstimatedTotalSubtreeCost="13.7092" TableCardinality="8.94349e+007" Parallel="1" EstimateRebinds="0" EstimateRewinds="0" EstimatedExecutionMode="Row">
                                              <OutputList>
                                                <ColumnReference Database="[UniTrac]" Schema="[dbo]" Table="[LOAN]" Alias="[L]" Column="ID" />
                                              </OutputList>
                                              <IndexScan Ordered="1" ScanDirection="FORWARD" ForcedIndex="0" ForceSeek="0" ForceScan="0" NoExpandHint="0" Storage="RowStore">
                                                <DefinedValues>
                                                  <DefinedValue>
                                                    <ColumnReference Database="[UniTrac]" Schema="[dbo]" Table="[LOAN]" Alias="[L]" Column="ID" />
                                                  </DefinedValue>
                                                </DefinedValues>
                                                <Object Database="[UniTrac]" Schema="[dbo]" Table="[LOAN]" Index="[IDX_LOAN_LENDER_ID_RECORD_TYPE_CD_PURGE_DT]" Alias="[L]" IndexKind="NonClustered" Storage="RowStore" />
                                                <SeekPredicates>
                                                  <SeekPredicateNew>
                                                    <SeekKeys>
                                                      <Prefix ScanType="EQ">
                                                        <RangeColumns>
                                                          <ColumnReference Database="[UniTrac]" Schema="[dbo]" Table="[LOAN]" Alias="[L]" Column="LENDER_ID" />
                                                          <ColumnReference Database="[UniTrac]" Schema="[dbo]" Table="[LOAN]" Alias="[L]" Column="RECORD_TYPE_CD" />
                                                          <ColumnReference Database="[UniTrac]" Schema="[dbo]" Table="[LOAN]" Alias="[L]" Column="PURGE_DT" />
                                                        </RangeColumns>
                                                        <RangeExpressions>
                                                          <ScalarOperator ScalarString="[@lenderId]">
                                                            <Identifier>
                                                              <ColumnReference Column="@lenderId" />
                                                            </Identifier>
                                                          </ScalarOperator>
                                                          <ScalarOperator ScalarString="'A'">
                                                            <Const ConstValue="'A'" />
                                                          </ScalarOperator>
                                                          <ScalarOperator ScalarString="NULL">
                                                            <Const ConstValue="NULL" />
                                                          </ScalarOperator>
                                                        </RangeExpressions>
                                                      </Prefix>
                                                    </SeekKeys>
                                                  </SeekPredicateNew>
                                                  <SeekPredicateNew>
                                                    <SeekKeys>
                                                      <Prefix ScanType="EQ">
                                                        <RangeColumns>
                                                          <ColumnReference Database="[UniTrac]" Schema="[dbo]" Table="[LOAN]" Alias="[L]" Column="LENDER_ID" />
                                                          <ColumnReference Database="[UniTrac]" Schema="[dbo]" Table="[LOAN]" Alias="[L]" Column="RECORD_TYPE_CD" />
                                                          <ColumnReference Database="[UniTrac]" Schema="[dbo]" Table="[LOAN]" Alias="[L]" Column="PURGE_DT" />
                                                        </RangeColumns>
                                                        <RangeExpressions>
                                                          <ScalarOperator ScalarString="[@lenderId]">
                                                            <Identifier>
                                                              <ColumnReference Column="@lenderId" />
                                                            </Identifier>
                                                          </ScalarOperator>
                                                          <ScalarOperator ScalarString="'D'">
                                                            <Const ConstValue="'D'" />
                                                          </ScalarOperator>
                                                          <ScalarOperator ScalarString="NULL">
                                                            <Const ConstValue="NULL" />
                                                          </ScalarOperator>
                                                        </RangeExpressions>
                                                      </Prefix>
                                                    </SeekKeys>
                                                  </SeekPredicateNew>
                                                  <SeekPredicateNew>
                                                    <SeekKeys>
                                                      <Prefix ScanType="EQ">
                                                        <RangeColumns>
                                                          <ColumnReference Database="[UniTrac]" Schema="[dbo]" Table="[LOAN]" Alias="[L]" Column="LENDER_ID" />
                                                          <ColumnReference Database="[UniTrac]" Schema="[dbo]" Table="[LOAN]" Alias="[L]" Column="RECORD_TYPE_CD" />
                                                          <ColumnReference Database="[UniTrac]" Schema="[dbo]" Table="[LOAN]" Alias="[L]" Column="PURGE_DT" />
                                                        </RangeColumns>
                                                        <RangeExpressions>
                                                          <ScalarOperator ScalarString="[@lenderId]">
                                                            <Identifier>
                                                              <ColumnReference Column="@lenderId" />
                                                            </Identifier>
                                                          </ScalarOperator>
                                                          <ScalarOperator ScalarString="'G'">
                                                            <Const ConstValue="'G'" />
                                                          </ScalarOperator>
                                                          <ScalarOperator ScalarString="NULL">
                                                            <Const ConstValue="NULL" />
                                                          </ScalarOperator>
                                                        </RangeExpressions>
                                                      </Prefix>
                                                    </SeekKeys>
                                                  </SeekPredicateNew>
                                                </SeekPredicates>
                                                <Predicate>
                                                  <ScalarOperator ScalarString="([@branchCode] IS NULL OR [UniTrac].[dbo].[LOAN].[BRANCH_CODE_TX] as [L].[BRANCH_CODE_TX]=[@branchCode]) AND ([@divisionCode] IS NULL OR [UniTrac].[dbo].[LOAN].[DIVISION_CODE_TX] as [L].[DIVISION_CODE_TX]=[@divisionCode])">
                                                    <Logical Operation="AND">
                                                      <ScalarOperator>
                                                        <Logical Operation="OR">
                                                          <ScalarOperator>
                                                            <Identifier>
                                                              <ColumnReference Column="ConstExpr1006">
                                                                <ScalarOperator>
                                                                  <Compare CompareOp="IS">
                                                                    <ScalarOperator>
                                                                      <Identifier>
                                                                        <ColumnReference Column="@branchCode" />
                                                                      </Identifier>
                                                                    </ScalarOperator>
                                                                    <ScalarOperator>
                                                                      <Const ConstValue="NULL" />
                                                                    </ScalarOperator>
                                                                  </Compare>
                                                                </ScalarOperator>
                                                              </ColumnReference>
                                                            </Identifier>
                                                          </ScalarOperator>
                                                          <ScalarOperator>
                                                            <Compare CompareOp="EQ">
                                                              <ScalarOperator>
                                                                <Identifier>
                                                                  <ColumnReference Database="[UniTrac]" Schema="[dbo]" Table="[LOAN]" Alias="[L]" Column="BRANCH_CODE_TX" />
                                                                </Identifier>
                                                              </ScalarOperator>
                                                              <ScalarOperator>
                                                                <Identifier>
                                                                  <ColumnReference Column="@branchCode" />
                                                                </Identifier>
                                                              </ScalarOperator>
                                                            </Compare>
                                                          </ScalarOperator>
                                                        </Logical>
                                                      </ScalarOperator>
                                                      <ScalarOperator>
                                                        <Logical Operation="OR">
                                                          <ScalarOperator>
                                                            <Identifier>
                                                              <ColumnReference Column="ConstExpr1007">
                                                                <ScalarOperator>
                                                                  <Compare CompareOp="IS">
                                                                    <ScalarOperator>
                                                                      <Identifier>
                                                                        <ColumnReference Column="@divisionCode" />
                                                                      </Identifier>
                                                                    </ScalarOperator>
                                                                    <ScalarOperator>
                                                                      <Const ConstValue="NULL" />
                                                                    </ScalarOperator>
                                                                  </Compare>
                                                                </ScalarOperator>
                                                              </ColumnReference>
                                                            </Identifier>
                                                          </ScalarOperator>
                                                          <ScalarOperator>
                                                            <Compare CompareOp="EQ">
                                                              <ScalarOperator>
                                                                <Identifier>
                                                                  <ColumnReference Database="[UniTrac]" Schema="[dbo]" Table="[LOAN]" Alias="[L]" Column="DIVISION_CODE_TX" />
                                                                </Identifier>
                                                              </ScalarOperator>
                                                              <ScalarOperator>
                                                                <Identifier>
                                                                  <ColumnReference Column="@divisionCode" />
                                                                </Identifier>
                                                              </ScalarOperator>
                                                            </Compare>
                                                          </ScalarOperator>
                                                        </Logical>
                                                      </ScalarOperator>
                                                    </Logical>
                                                  </ScalarOperator>
                                                </Predicate>
                                              </IndexScan>
                                            </RelOp>
                                          </Parallelism>
                                        </RelOp>
                                      </Bitmap>
                                    </RelOp>
                                    <RelOp NodeId="10" PhysicalOp="Parallelism" LogicalOp="Repartition Streams" EstimateRows="8.13443e+007" EstimateIO="0" EstimateCPU="79.4459" AvgRowSize="23" EstimatedTotalSubtreeCost="777.912" Parallel="1" EstimateRebinds="0" EstimateRewinds="0" EstimatedExecutionMode="Row">
                                      <OutputList>
                                        <ColumnReference Database="[UniTrac]" Schema="[dbo]" Table="[COLLATERAL]" Alias="[C]" Column="LOAN_ID" />
                                        <ColumnReference Database="[UniTrac]" Schema="[dbo]" Table="[COLLATERAL]" Alias="[C]" Column="PROPERTY_ID" />
                                      </OutputList>
                                      <Parallelism PartitioningType="Hash">
                                        <PartitionColumns>
                                          <ColumnReference Database="[UniTrac]" Schema="[dbo]" Table="[COLLATERAL]" Alias="[C]" Column="LOAN_ID" />
                                        </PartitionColumns>
                                        <RelOp NodeId="11" PhysicalOp="Index Scan" LogicalOp="Index Scan" EstimateRows="8.13443e+007" EstimateIO="662.313" EstimateCPU="25.1692" AvgRowSize="31" EstimatedTotalSubtreeCost="687.483" TableCardinality="9.15244e+007" Parallel="1" EstimateRebinds="0" EstimateRewinds="0" EstimatedExecutionMode="Row">
                                          <OutputList>
                                            <ColumnReference Database="[UniTrac]" Schema="[dbo]" Table="[COLLATERAL]" Alias="[C]" Column="LOAN_ID" />
                                            <ColumnReference Database="[UniTrac]" Schema="[dbo]" Table="[COLLATERAL]" Alias="[C]" Column="PROPERTY_ID" />
                                          </OutputList>
                                          <IndexScan Ordered="0" ForcedIndex="0" ForceSeek="0" ForceScan="0" NoExpandHint="0" Storage="RowStore">
                                            <DefinedValues>
                                              <DefinedValue>
                                                <ColumnReference Database="[UniTrac]" Schema="[dbo]" Table="[COLLATERAL]" Alias="[C]" Column="LOAN_ID" />
                                              </DefinedValue>
                                              <DefinedValue>
                                                <ColumnReference Database="[UniTrac]" Schema="[dbo]" Table="[COLLATERAL]" Alias="[C]" Column="PROPERTY_ID" />
                                              </DefinedValue>
                                            </DefinedValues>
                                            <Object Database="[UniTrac]" Schema="[dbo]" Table="[COLLATERAL]" Index="[IDX_COLLATERAL_LOAN_ID_PURGE_DT]" Alias="[C]" IndexKind="NonClustered" Storage="RowStore" />
                                            <Predicate>
                                              <ScalarOperator ScalarString="[UniTrac].[dbo].[COLLATERAL].[PURGE_DT] as [C].[PURGE_DT] IS NULL AND PROBE([Bitmap1008],[UniTrac].[dbo].[COLLATERAL].[LOAN_ID] as [C].[LOAN_ID],N'[IN ROW]')">
                                                <Logical Operation="AND">
                                                  <ScalarOperator>
                                                    <Compare CompareOp="IS">
                                                      <ScalarOperator>
                                                        <Identifier>
                                                          <ColumnReference Database="[UniTrac]" Schema="[dbo]" Table="[COLLATERAL]" Alias="[C]" Column="PURGE_DT" />
                                                        </Identifier>
                                                      </ScalarOperator>
                                                      <ScalarOperator>
                                                        <Const ConstValue="NULL" />
                                                      </ScalarOperator>
                                                    </Compare>
                                                  </ScalarOperator>
                                                  <ScalarOperator>
                                                    <Intrinsic FunctionName="PROBE">
                                                      <ScalarOperator>
                                                        <Identifier>
                                                          <ColumnReference Column="Bitmap1008" />
                                                        </Identifier>
                                                      </ScalarOperator>
                                                      <ScalarOperator>
                                                        <Identifier>
                                                          <ColumnReference Database="[UniTrac]" Schema="[dbo]" Table="[COLLATERAL]" Alias="[C]" Column="LOAN_ID" />
                                                        </Identifier>
                                                      </ScalarOperator>
                                                      <ScalarOperator>
                                                        <Const ConstValue="N'[IN ROW]'" />
                                                      </ScalarOperator>
                                                    </Intrinsic>
                                                  </ScalarOperator>
                                                </Logical>
                                              </ScalarOperator>
                                            </Predicate>
                                          </IndexScan>
                                        </RelOp>
                                      </Parallelism>
                                    </RelOp>
                                  </Hash>
                                </RelOp>
                              </Parallelism>
                            </RelOp>
                          </Bitmap>
                        </RelOp>
                        <RelOp NodeId="13" PhysicalOp="Parallelism" LogicalOp="Repartition Streams" EstimateRows="3.11191e+007" EstimateIO="0" EstimateCPU="22.3584" AvgRowSize="15" EstimatedTotalSubtreeCost="398.419" Parallel="1" EstimateRebinds="0" EstimateRewinds="0" EstimatedExecutionMode="Row">
                          <OutputList>
                            <ColumnReference Database="[UniTrac]" Schema="[dbo]" Table="[PROPERTY]" Alias="[P]" Column="ID" />
                          </OutputList>
                          <Parallelism PartitioningType="Hash">
                            <PartitionColumns>
                              <ColumnReference Database="[UniTrac]" Schema="[dbo]" Table="[PROPERTY]" Alias="[P]" Column="ID" />
                            </PartitionColumns>
                            <RelOp NodeId="14" PhysicalOp="Index Scan" LogicalOp="Index Scan" EstimateRows="3.11191e+007" EstimateIO="332.093" EstimateCPU="24.4267" AvgRowSize="24" EstimatedTotalSubtreeCost="356.519" TableCardinality="8.88242e+007" Parallel="1" EstimateRebinds="0" EstimateRewinds="0" EstimatedExecutionMode="Row">
                              <OutputList>
                                <ColumnReference Database="[UniTrac]" Schema="[dbo]" Table="[PROPERTY]" Alias="[P]" Column="ID" />
                              </OutputList>
                              <IndexScan Ordered="0" ForcedIndex="0" ForceSeek="0" ForceScan="0" NoExpandHint="0" Storage="RowStore">
                                <DefinedValues>
                                  <DefinedValue>
                                    <ColumnReference Database="[UniTrac]" Schema="[dbo]" Table="[PROPERTY]" Alias="[P]" Column="ID" />
                                  </DefinedValue>
                                </DefinedValues>
                                <Object Database="[UniTrac]" Schema="[dbo]" Table="[PROPERTY]" Index="[IDX_PROPERTY_LENDER_ID_PURGE_DT]" Alias="[P]" IndexKind="NonClustered" Storage="RowStore" />
                                <Predicate>
                                  <ScalarOperator ScalarString="[UniTrac].[dbo].[PROPERTY].[PURGE_DT] as [P].[PURGE_DT] IS NULL AND [UniTrac].[dbo].[PROPERTY].[RECORD_TYPE_CD] as [P].[RECORD_TYPE_CD]='G' AND PROBE([Bitmap1009],[UniTrac].[dbo].[PROPERTY].[ID] as [P].[ID],N'[IN ROW]')">
                                    <Logical Operation="AND">
                                      <ScalarOperator>
                                        <Logical Operation="AND">
                                          <ScalarOperator>
                                            <Compare CompareOp="IS">
                                              <ScalarOperator>
                                                <Identifier>
                                                  <ColumnReference Database="[UniTrac]" Schema="[dbo]" Table="[PROPERTY]" Alias="[P]" Column="PURGE_DT" />
                                                </Identifier>
                                              </ScalarOperator>
                                              <ScalarOperator>
                                                <Const ConstValue="NULL" />
                                              </ScalarOperator>
                                            </Compare>
                                          </ScalarOperator>
                                          <ScalarOperator>
                                            <Compare CompareOp="EQ">
                                              <ScalarOperator>
                                                <Identifier>
                                                  <ColumnReference Database="[UniTrac]" Schema="[dbo]" Table="[PROPERTY]" Alias="[P]" Column="RECORD_TYPE_CD" />
                                                </Identifier>
                                              </ScalarOperator>
                                              <ScalarOperator>
                                                <Const ConstValue="'G'" />
                                              </ScalarOperator>
                                            </Compare>
                                          </ScalarOperator>
                                        </Logical>
                                      </ScalarOperator>
                                      <ScalarOperator>
                                        <Intrinsic FunctionName="PROBE">
                                          <ScalarOperator>
                                            <Identifier>
                                              <ColumnReference Column="Bitmap1009" />
                                            </Identifier>
                                          </ScalarOperator>
                                          <ScalarOperator>
                                            <Identifier>
                                              <ColumnReference Database="[UniTrac]" Schema="[dbo]" Table="[PROPERTY]" Alias="[P]" Column="ID" />
                                            </Identifier>
                                          </ScalarOperator>
                                          <ScalarOperator>
                                            <Const ConstValue="N'[IN ROW]'" />
                                          </ScalarOperator>
                                        </Intrinsic>
                                      </ScalarOperator>
                                    </Logical>
                                  </ScalarOperator>
                                </Predicate>
                              </IndexScan>
                            </RelOp>
                          </Parallelism>
                        </RelOp>
                      </Hash>
                    </RelOp>
                  </Update>
                </RelOp>
              </Parallelism>
            </RelOp>
            <ParameterList>
              <ColumnReference Column="@divisionCode" ParameterCompiledValue="N'3'" />
              <ColumnReference Column="@branchCode" ParameterCompiledValue="NULL" />
              <ColumnReference Column="@lenderId" ParameterCompiledValue="(2385)" />
            </ParameterList>
          </QueryPlan>
        </StmtSimple>
        <StmtSimple StatementText="&#xD;&#xA;&#xD;&#xA;&#x9;&#x9;SELECT &#xD;&#xA;&#x9;&#x9;&#x9;P.ID AS PROPERTY_ID, count(p.id) AS COLLATERAL_COUNT&#xD;&#xA;&#x9;&#x9;INTO #PROPERTY_ID_TMP&#xD;&#xA;&#x9;&#x9;FROM &#xD;&#xA;&#x9;&#x9;&#x9;PROPERTY P&#xD;&#xA;&#x9;&#x9;&#x9;JOIN COLLATERAL C ON C.PROPERTY_ID = P.ID AND C.PURGE_DT IS NULL &#xD;&#xA;&#x9;&#x9;&#x9;JOIN LOAN L ON L.ID = C.LOAN_ID AND L.PURGE_DT IS NULL AND L.RECORD_TYPE_CD IN ('G','A','D')&#xD;&#xA;&#x9;&#x9;&#x9;JOIN #PROPERTY_IDS_TO_CONSIDER_TMP TMP ON TMP.PROPERTY_ID = P.ID&#xD;&#xA;&#x9;&#x9;WHERE&#xD;&#xA;&#x9;&#x9;&#x9;P.record_type_cd = 'G'&#xD;&#xA;&#x9;&#x9;&#x9;and P.PURGE_DT is null&#xD;&#xA;&#x9;&#x9;GROUP BY &#xD;&#xA;&#x9;&#x9;&#x9;P.ID&#xD;&#xA;&#x9;&#x9;HAVING COUNT(P.ID) &gt; 1" StatementId="5" StatementCompId="6" StatementType="SELECT INTO" RetrievedFromCache="true" StatementSubTreeCost="695.656" StatementEstRows="29355.5" StatementOptmLevel="FULL" QueryHash="0x37071B4538E64D6C" QueryPlanHash="0x6D1CEDAB1BFC166B" CardinalityEstimationModelVersion="120">
          <StatementSetOptions QUOTED_IDENTIFIER="true" ARITHABORT="false" CONCAT_NULL_YIELDS_NULL="true" ANSI_NULLS="true" ANSI_PADDING="true" ANSI_WARNINGS="true" NUMERIC_ROUNDABORT="false" />
          <QueryPlan CachedPlanSize="120" CompileTime="159" CompileCPU="159" CompileMemory="1368">
            <ThreadStat Branches="2" />
            <MissingIndexes>
              <MissingIndexGroup Impact="54.9999">
                <MissingIndex Database="[UniTrac]" Schema="[dbo]" Table="[PROPERTY]">
                  <ColumnGroup Usage="EQUALITY">
                    <Column Name="[RECORD_TYPE_CD]" ColumnId="11" />
                    <Column Name="[PURGE_DT]" ColumnId="24" />
                  </ColumnGroup>
                  <ColumnGroup Usage="INCLUDE">
                    <Column Name="[ID]" ColumnId="1" />
                  </ColumnGroup>
                </MissingIndex>
              </MissingIndexGroup>
            </MissingIndexes>
            <MemoryGrantInfo SerialRequiredMemory="1536" SerialDesiredMemory="61648" />
            <OptimizerHardwareDependentProperties EstimatedAvailableMemoryGrant="1668249" EstimatedPagesCached="5004748" EstimatedAvailableDegreeOfParallelism="4" MaxCompileMemory="501243088" />
            <TraceFlags IsCompileTime="1">
              <TraceFlag Value="1117" Scope="Global" />
              <TraceFlag Value="2371" Scope="Global" />
              <TraceFlag Value="3226" Scope="Global" />
            </TraceFlags>
            <RelOp NodeId="0" PhysicalOp="Parallelism" LogicalOp="Gather Streams" EstimateRows="29355.5" EstimateIO="0" EstimateCPU="0.037692" AvgRowSize="9" EstimatedTotalSubtreeCost="695.656" Parallel="1" EstimateRebinds="0" EstimateRewinds="0" EstimatedExecutionMode="Row">
              <OutputList />
              <Parallelism>
                <RelOp NodeId="1" PhysicalOp="Table Insert" LogicalOp="Insert" EstimateRows="29355.5" EstimateIO="0.11582" EstimateCPU="0.00733889" AvgRowSize="9" EstimatedTotalSubtreeCost="695.619" Parallel="1" EstimateRebinds="0" EstimateRewinds="0" EstimatedExecutionMode="Row">
                  <OutputList />
                  <Update DMLRequestSort="0">
                    <Object Table="[#PROPERTY_ID_TMP]" Storage="RowStore" />
                    <SetPredicate>
                      <ScalarOperator ScalarString="[#PROPERTY_ID_TMP].[PROPERTY_ID] = [UniTrac].[dbo].[PROPERTY].[ID] as [P].[ID],[#PROPERTY_ID_TMP].[COLLATERAL_COUNT] = [Expr1008]">
                        <ScalarExpressionList>
                          <ScalarOperator>
                            <MultipleAssign>
                              <Assign>
                                <ColumnReference Table="[#PROPERTY_ID_TMP]" Column="PROPERTY_ID" />
                                <ScalarOperator>
                                  <Identifier>
                                    <ColumnReference Database="[UniTrac]" Schema="[dbo]" Table="[PROPERTY]" Alias="[P]" Column="ID" />
                                  </Identifier>
                                </ScalarOperator>
                              </Assign>
                              <Assign>
                                <ColumnReference Table="[#PROPERTY_ID_TMP]" Column="COLLATERAL_COUNT" />
                                <ScalarOperator>
                                  <Identifier>
                                    <ColumnReference Column="Expr1008" />
                                  </Identifier>
                                </ScalarOperator>
                              </Assign>
                            </MultipleAssign>
                          </ScalarOperator>
                        </ScalarExpressionList>
                      </ScalarOperator>
                    </SetPredicate>
                    <RelOp NodeId="2" PhysicalOp="Filter" LogicalOp="Filter" EstimateRows="29355.5" EstimateIO="0" EstimateCPU="0.0107397" AvgRowSize="19" EstimatedTotalSubtreeCost="695.496" Parallel="1" EstimateRebinds="0" EstimateRewinds="0" EstimatedExecutionMode="Row">
                      <OutputList>
                        <ColumnReference Database="[UniTrac]" Schema="[dbo]" Table="[PROPERTY]" Alias="[P]" Column="ID" />
                        <ColumnReference Column="Expr1008" />
                      </OutputList>
                      <Filter StartupExpression="0">
                        <RelOp NodeId="3" PhysicalOp="Compute Scalar" LogicalOp="Compute Scalar" EstimateRows="89497.5" EstimateIO="0" EstimateCPU="0.0252122" AvgRowSize="19" EstimatedTotalSubtreeCost="695.485" Parallel="1" EstimateRebinds="0" EstimateRewinds="0" EstimatedExecutionMode="Row">
                          <OutputList>
                            <ColumnReference Database="[UniTrac]" Schema="[dbo]" Table="[PROPERTY]" Alias="[P]" Column="ID" />
                            <ColumnReference Column="Expr1008" />
                          </OutputList>
                          <ComputeScalar>
                            <DefinedValues>
                              <DefinedValue>
                                <ColumnReference Column="Expr1008" />
                                <ScalarOperator ScalarString="CONVERT_IMPLICIT(int,[Expr1014],0)">
                                  <Convert DataType="int" Style="0" Implicit="1">
                                    <ScalarOperator>
                                      <Identifier>
                                        <ColumnReference Column="Expr1014" />
                                      </Identifier>
                                    </ScalarOperator>
                                  </Convert>
                                </ScalarOperator>
                              </DefinedValue>
                            </DefinedValues>
                            <RelOp NodeId="4" PhysicalOp="Stream Aggregate" LogicalOp="Aggregate" EstimateRows="89497.5" EstimateIO="0" EstimateCPU="0.0252122" AvgRowSize="19" EstimatedTotalSubtreeCost="695.485" Parallel="1" EstimateRebinds="0" EstimateRewinds="0" EstimatedExecutionMode="Row">
                              <OutputList>
                                <ColumnReference Database="[UniTrac]" Schema="[dbo]" Table="[PROPERTY]" Alias="[P]" Column="ID" />
                                <ColumnReference Column="Expr1014" />
                              </OutputList>
                              <StreamAggregate>
                                <DefinedValues>
                                  <DefinedValue>
                                    <ColumnReference Column="Expr1014" />
                                    <ScalarOperator ScalarString="Count(*)">
                                      <Aggregate AggType="countstar" Distinct="0" />
                                    </ScalarOperator>
                                  </DefinedValue>
                                </DefinedValues>
                                <GroupBy>
                                  <ColumnReference Database="[UniTrac]" Schema="[dbo]" Table="[PROPERTY]" Alias="[P]" Column="ID" />
                                </GroupBy>
                                <RelOp NodeId="5" PhysicalOp="Parallelism" LogicalOp="Repartition Streams" EstimateRows="93499.9" EstimateIO="0" EstimateCPU="0.563091" AvgRowSize="15" EstimatedTotalSubtreeCost="695.46" Parallel="1" EstimateRebinds="0" EstimateRewinds="0" EstimatedExecutionMode="Row">
                                  <OutputList>
                                    <ColumnReference Database="[UniTrac]" Schema="[dbo]" Table="[PROPERTY]" Alias="[P]" Column="ID" />
                                  </OutputList>
                                  <Parallelism PartitioningType="Hash">
                                    <PartitionColumns>
                                      <ColumnReference Database="[UniTrac]" Schema="[dbo]" Table="[PROPERTY]" Alias="[P]" Column="ID" />
                                    </PartitionColumns>
                                    <OrderBy>
                                      <OrderByColumn Ascending="1">
                                        <ColumnReference Database="[UniTrac]" Schema="[dbo]" Table="[PROPERTY]" Alias="[P]" Column="ID" />
                                      </OrderByColumn>
                                    </OrderBy>
                                    <RelOp NodeId="6" PhysicalOp="Nested Loops" LogicalOp="Inner Join" EstimateRows="93499.9" EstimateIO="0" EstimateCPU="0.109402" AvgRowSize="15" EstimatedTotalSubtreeCost="694.897" Parallel="1" EstimateRebinds="0" EstimateRewinds="0" EstimatedExecutionMode="Row">
                                      <OutputList>
                                        <ColumnReference Database="[UniTrac]" Schema="[dbo]" Table="[PROPERTY]" Alias="[P]" Column="ID" />
                                      </OutputList>
                                      <NestedLoops Optimized="0" WithOrderedPrefetch="1">
                                        <OuterReferences>
                                          <ColumnReference Database="[UniTrac]" Schema="[dbo]" Table="[COLLATERAL]" Alias="[C]" Column="LOAN_ID" />
                                          <ColumnReference Column="Expr1013" />
                                        </OuterReferences>
                                        <RelOp NodeId="8" PhysicalOp="Nested Loops" LogicalOp="Inner Join" EstimateRows="104691" EstimateIO="0" EstimateCPU="0.116129" AvgRowSize="23" EstimatedTotalSubtreeCost="676.885" Parallel="1" EstimateRebinds="0" EstimateRewinds="0" EstimatedExecutionMode="Row">
                                          <OutputList>
                                            <ColumnReference Database="[UniTrac]" Schema="[dbo]" Table="[PROPERTY]" Alias="[P]" Column="ID" />
                                            <ColumnReference Database="[UniTrac]" Schema="[dbo]" Table="[COLLATERAL]" Alias="[C]" Column="LOAN_ID" />
                                          </OutputList>
                                          <NestedLoops Optimized="0" WithOrderedPrefetch="1">
                                            <OuterReferences>
                                              <ColumnReference Database="[UniTrac]" Schema="[dbo]" Table="[PROPERTY]" Alias="[P]" Column="ID" />
                                              <ColumnReference Column="Expr1012" />
                                            </OuterReferences>
                                            <RelOp NodeId="11" PhysicalOp="Sort" LogicalOp="Sort" EstimateRows="111129" EstimateIO="0.00281532" EstimateCPU="2.1375" AvgRowSize="23" EstimatedTotalSubtreeCost="387.451" Parallel="1" EstimateRebinds="0" EstimateRewinds="0" EstimatedExecutionMode="Row">
                                              <OutputList>
                                                <ColumnReference Database="[UniTrac]" Schema="[dbo]" Table="[PROPERTY]" Alias="[P]" Column="ID" />
                                              </OutputList>
                                              <MemoryFractions Input="0.142667" Output="1" />
                                              <Sort Distinct="0">
                                                <OrderBy>
                                                  <OrderByColumn Ascending="1">
                                                    <ColumnReference Database="[UniTrac]" Schema="[dbo]" Table="[PROPERTY]" Alias="[P]" Column="ID" />
                                                  </OrderByColumn>
                                                </OrderBy>
                                                <RelOp NodeId="12" PhysicalOp="Hash Match" LogicalOp="Inner Join" EstimateRows="111129" EstimateIO="0" EstimateCPU="1.63844" AvgRowSize="23" EstimatedTotalSubtreeCost="385.311" Parallel="1" EstimateRebinds="0" EstimateRewinds="0" EstimatedExecutionMode="Row">
                                                  <OutputList>
                                                    <ColumnReference Database="[UniTrac]" Schema="[dbo]" Table="[PROPERTY]" Alias="[P]" Column="ID" />
                                                    <ColumnReference Table="#PROPERTY_IDS_TO_CONSIDER_TMP" Alias="[TMP]" Column="PROPERTY_ID" />
                                                  </OutputList>
                                                  <MemoryFractions Input="1" Output="0.857333" />
                                                  <Hash>
                                                    <DefinedValues />
                                                    <HashKeysBuild>
                                                      <ColumnReference Table="#PROPERTY_IDS_TO_CONSIDER_TMP" Alias="[TMP]" Column="PROPERTY_ID" />
                                                    </HashKeysBuild>
                                                    <HashKeysProbe>
                                                      <ColumnReference Database="[UniTrac]" Schema="[dbo]" Table="[PROPERTY]" Alias="[P]" Column="ID" />
                                                    </HashKeysProbe>
                                                    <ProbeResidual>
                                                      <ScalarOperator ScalarString="[UniTrac].[dbo].[PROPERTY].[ID] as [P].[ID]=#PROPERTY_IDS_TO_CONSIDER_TMP.[PROPERTY_ID] as [TMP].[PROPERTY_ID]">
                                                        <Compare CompareOp="EQ">
                                                          <ScalarOperator>
                                                            <Identifier>
                                                              <ColumnReference Database="[UniTrac]" Schema="[dbo]" Table="[PROPERTY]" Alias="[P]" Column="ID" />
                                                            </Identifier>
                                                          </ScalarOperator>
                                                          <ScalarOperator>
                                                            <Identifier>
                                                              <ColumnReference Table="#PROPERTY_IDS_TO_CONSIDER_TMP" Alias="[TMP]" Column="PROPERTY_ID" />
                                                            </Identifier>
                                                          </ScalarOperator>
                                                        </Compare>
                                                      </ScalarOperator>
                                                    </ProbeResidual>
                                                    <RelOp NodeId="13" PhysicalOp="Bitmap" LogicalOp="Bitmap Create" EstimateRows="317198" EstimateIO="0" EstimateCPU="0.256109" AvgRowSize="15" EstimatedTotalSubtreeCost="0.841377" Parallel="1" EstimateRebinds="0" EstimateRewinds="0" EstimatedExecutionMode="Row">
                                                      <OutputList>
                                                        <ColumnReference Table="#PROPERTY_IDS_TO_CONSIDER_TMP" Alias="[TMP]" Column="PROPERTY_ID" />
                                                      </OutputList>
                                                      <Bitmap>
                                                        <DefinedValues>
                                                          <DefinedValue>
                                                            <ColumnReference Column="Opt_Bitmap1009" />
                                                          </DefinedValue>
                                                        </DefinedValues>
                                                        <HashKeys>
                                                          <ColumnReference Table="#PROPERTY_IDS_TO_CONSIDER_TMP" Alias="[TMP]" Column="PROPERTY_ID" />
                                                        </HashKeys>
                                                        <RelOp NodeId="14" PhysicalOp="Parallelism" LogicalOp="Repartition Streams" EstimateRows="317198" EstimateIO="0" EstimateCPU="0.256109" AvgRowSize="15" EstimatedTotalSubtreeCost="0.841377" Parallel="1" EstimateRebinds="0" EstimateRewinds="0" EstimatedExecutionMode="Row">
                                                          <OutputList>
                                                            <ColumnReference Table="#PROPERTY_IDS_TO_CONSIDER_TMP" Alias="[TMP]" Column="PROPERTY_ID" />
                                                          </OutputList>
                                                          <Parallelism PartitioningType="Hash">
                                                            <PartitionColumns>
                                                              <ColumnReference Table="#PROPERTY_IDS_TO_CONSIDER_TMP" Alias="[TMP]" Column="PROPERTY_ID" />
                                                            </PartitionColumns>
                                                            <RelOp NodeId="15" PhysicalOp="Table Scan" LogicalOp="Table Scan" EstimateRows="317198" EstimateIO="0.498018" EstimateCPU="0.0872491" AvgRowSize="15" EstimatedTotalSubtreeCost="0.585267" TableCardinality="317198" Parallel="1" EstimateRebinds="0" EstimateRewinds="0" EstimatedExecutionMode="Row">
                                                              <OutputList>
                                                                <ColumnReference Table="#PROPERTY_IDS_TO_CONSIDER_TMP" Alias="[TMP]" Column="PROPERTY_ID" />
                                                              </OutputList>
                                                              <TableScan Ordered="0" ForcedIndex="0" ForceScan="0" NoExpandHint="0" Storage="RowStore">
                                                                <DefinedValues>
                                                                  <DefinedValue>
                                                                    <ColumnReference Table="#PROPERTY_IDS_TO_CONSIDER_TMP" Alias="[TMP]" Column="PROPERTY_ID" />
                                                                  </DefinedValue>
                                                                </DefinedValues>
                                                                <Object Database="[tempdb]" Schema="[dbo]" Table="[#PROPERTY_IDS_TO_CONSIDER_TMP]" Alias="[TMP]" Storage="RowStore" />
                                                              </TableScan>
                                                            </RelOp>
                                                          </Parallelism>
                                                        </RelOp>
                                                      </Bitmap>
                                                    </RelOp>
                                                    <RelOp NodeId="16" PhysicalOp="Parallelism" LogicalOp="Repartition Streams" EstimateRows="111129" EstimateIO="0" EstimateCPU="0.108242" AvgRowSize="15" EstimatedTotalSubtreeCost="382.831" Parallel="1" EstimateRebinds="0" EstimateRewinds="0" EstimatedExecutionMode="Row">
                                                      <OutputList>
                                                        <ColumnReference Database="[UniTrac]" Schema="[dbo]" Table="[PROPERTY]" Alias="[P]" Column="ID" />
                                                      </OutputList>
                                                      <Parallelism PartitioningType="Hash">
                                                        <PartitionColumns>
                                                          <ColumnReference Database="[UniTrac]" Schema="[dbo]" Table="[PROPERTY]" Alias="[P]" Column="ID" />
                                                        </PartitionColumns>
                                                        <RelOp NodeId="18" PhysicalOp="Index Scan" LogicalOp="Index Scan" EstimateRows="111129" EstimateIO="332.093" EstimateCPU="24.4267" AvgRowSize="24" EstimatedTotalSubtreeCost="356.519" TableCardinality="8.88242e+007" Parallel="1" EstimateRebinds="0" EstimateRewinds="0" EstimatedExecutionMode="Row">
                                                          <OutputList>
                                                            <ColumnReference Database="[UniTrac]" Schema="[dbo]" Table="[PROPERTY]" Alias="[P]" Column="ID" />
                                                          </OutputList>
                                                          <IndexScan Ordered="0" ForcedIndex="0" ForceSeek="0" ForceScan="0" NoExpandHint="0" Storage="RowStore">
                                                            <DefinedValues>
                                                              <DefinedValue>
                                                                <ColumnReference Database="[UniTrac]" Schema="[dbo]" Table="[PROPERTY]" Alias="[P]" Column="ID" />
                                                              </DefinedValue>
                                                            </DefinedValues>
                                                            <Object Database="[UniTrac]" Schema="[dbo]" Table="[PROPERTY]" Index="[IDX_PROPERTY_LENDER_ID_PURGE_DT]" Alias="[P]" IndexKind="NonClustered" Storage="RowStore" />
                                                            <Predicate>
                                                              <ScalarOperator ScalarString="[UniTrac].[dbo].[PROPERTY].[PURGE_DT] as [P].[PURGE_DT] IS NULL AND [UniTrac].[dbo].[PROPERTY].[RECORD_TYPE_CD] as [P].[RECORD_TYPE_CD]='G' AND PROBE([Opt_Bitmap1009],[UniTrac].[dbo].[PROPERTY].[ID] as [P].[ID],N'[IN ROW]')">
                                                                <Logical Operation="AND">
                                                                  <ScalarOperator>
                                                                    <Logical Operation="AND">
                                                                      <ScalarOperator>
                                                                        <Compare CompareOp="IS">
                                                                          <ScalarOperator>
                                                                            <Identifier>
                                                                              <ColumnReference Database="[UniTrac]" Schema="[dbo]" Table="[PROPERTY]" Alias="[P]" Column="PURGE_DT" />
                                                                            </Identifier>
                                                                          </ScalarOperator>
                                                                          <ScalarOperator>
                                                                            <Const ConstValue="NULL" />
                                                                          </ScalarOperator>
                                                                        </Compare>
                                                                      </ScalarOperator>
                                                                      <ScalarOperator>
                                                                        <Compare CompareOp="EQ">
                                                                          <ScalarOperator>
                                                                            <Identifier>
                                                                              <ColumnReference Database="[UniTrac]" Schema="[dbo]" Table="[PROPERTY]" Alias="[P]" Column="RECORD_TYPE_CD" />
                                                                            </Identifier>
                                                                          </ScalarOperator>
                                                                          <ScalarOperator>
                                                                            <Const ConstValue="'G'" />
                                                                          </ScalarOperator>
                                                                        </Compare>
                                                                      </ScalarOperator>
                                                                    </Logical>
                                                                  </ScalarOperator>
                                                                  <ScalarOperator>
                                                                    <Intrinsic FunctionName="PROBE">
                                                                      <ScalarOperator>
                                                                        <Identifier>
                                                                          <ColumnReference Column="Opt_Bitmap1009" />
                                                                        </Identifier>
                                                                      </ScalarOperator>
                                                                      <ScalarOperator>
                                                                        <Identifier>
                                                                          <ColumnReference Database="[UniTrac]" Schema="[dbo]" Table="[PROPERTY]" Alias="[P]" Column="ID" />
                                                                        </Identifier>
                                                                      </ScalarOperator>
                                                                      <ScalarOperator>
                                                                        <Const ConstValue="N'[IN ROW]'" />
                                                                      </ScalarOperator>
                                                                    </Intrinsic>
                                                                  </ScalarOperator>
                                                                </Logical>
                                                              </ScalarOperator>
                                                            </Predicate>
                                                          </IndexScan>
                                                        </RelOp>
                                                      </Parallelism>
                                                    </RelOp>
                                                  </Hash>
                                                </RelOp>
                                              </Sort>
                                            </RelOp>
                                            <RelOp NodeId="24" PhysicalOp="Index Seek" LogicalOp="Index Seek" EstimateRows="1" EstimateIO="0.003125" EstimateCPU="0.000158166" AvgRowSize="31" EstimatedTotalSubtreeCost="289.261" TableCardinality="9.15244e+007" Parallel="1" EstimateRebinds="111128" EstimateRewinds="0" EstimatedExecutionMode="Row">
                                              <OutputList>
                                                <ColumnReference Database="[UniTrac]" Schema="[dbo]" Table="[COLLATERAL]" Alias="[C]" Column="LOAN_ID" />
                                              </OutputList>
                                              <IndexScan Ordered="1" ScanDirection="FORWARD" ForcedIndex="0" ForceSeek="0" ForceScan="0" NoExpandHint="0" Storage="RowStore">
                                                <DefinedValues>
                                                  <DefinedValue>
                                                    <ColumnReference Database="[UniTrac]" Schema="[dbo]" Table="[COLLATERAL]" Alias="[C]" Column="LOAN_ID" />
                                                  </DefinedValue>
                                                </DefinedValues>
                                                <Object Database="[UniTrac]" Schema="[dbo]" Table="[COLLATERAL]" Index="[IDX_COLLATERAL_PROPERTY_ID_PURGE_DT]" Alias="[C]" IndexKind="NonClustered" Storage="RowStore" />
                                                <SeekPredicates>
                                                  <SeekPredicateNew>
                                                    <SeekKeys>
                                                      <Prefix ScanType="EQ">
                                                        <RangeColumns>
                                                          <ColumnReference Database="[UniTrac]" Schema="[dbo]" Table="[COLLATERAL]" Alias="[C]" Column="PROPERTY_ID" />
                                                        </RangeColumns>
                                                        <RangeExpressions>
                                                          <ScalarOperator ScalarString="[UniTrac].[dbo].[PROPERTY].[ID] as [P].[ID]">
                                                            <Identifier>
                                                              <ColumnReference Database="[UniTrac]" Schema="[dbo]" Table="[PROPERTY]" Alias="[P]" Column="ID" />
                                                            </Identifier>
                                                          </ScalarOperator>
                                                        </RangeExpressions>
                                                      </Prefix>
                                                    </SeekKeys>
                                                  </SeekPredicateNew>
                                                </SeekPredicates>
                                                <Predicate>
                                                  <ScalarOperator ScalarString="[UniTrac].[dbo].[COLLATERAL].[PURGE_DT] as [C].[PURGE_DT] IS NULL">
                                                    <Compare CompareOp="IS">
                                                      <ScalarOperator>
                                                        <Identifier>
                                                          <ColumnReference Database="[UniTrac]" Schema="[dbo]" Table="[COLLATERAL]" Alias="[C]" Column="PURGE_DT" />
                                                        </Identifier>
                                                      </ScalarOperator>
                                                      <ScalarOperator>
                                                        <Const ConstValue="NULL" />
                                                      </ScalarOperator>
                                                    </Compare>
                                                  </ScalarOperator>
                                                </Predicate>
                                              </IndexScan>
                                            </RelOp>
                                          </NestedLoops>
                                        </RelOp>
                                        <RelOp NodeId="25" PhysicalOp="Clustered Index Seek" LogicalOp="Clustered Index Seek" EstimateRows="1" EstimateIO="0.003125" EstimateCPU="0.0001581" AvgRowSize="16" EstimatedTotalSubtreeCost="17.7367" TableCardinality="8.94349e+007" Parallel="1" EstimateRebinds="104418" EstimateRewinds="271.537" EstimatedExecutionMode="Row">
                                          <OutputList />
                                          <IndexScan Ordered="1" ScanDirection="FORWARD" ForcedIndex="0" ForceSeek="0" ForceScan="0" NoExpandHint="0" Storage="RowStore">
                                            <DefinedValues />
                                            <Object Database="[UniTrac]" Schema="[dbo]" Table="[LOAN]" Index="[PK_LOAN]" Alias="[L]" IndexKind="Clustered" Storage="RowStore" />
                                            <SeekPredicates>
                                              <SeekPredicateNew>
                                                <SeekKeys>
                                                  <Prefix ScanType="EQ">
                                                    <RangeColumns>
                                                      <ColumnReference Database="[UniTrac]" Schema="[dbo]" Table="[LOAN]" Alias="[L]" Column="ID" />
                                                    </RangeColumns>
                                                    <RangeExpressions>
                                                      <ScalarOperator ScalarString="[UniTrac].[dbo].[COLLATERAL].[LOAN_ID] as [C].[LOAN_ID]">
                                                        <Identifier>
                                                          <ColumnReference Database="[UniTrac]" Schema="[dbo]" Table="[COLLATERAL]" Alias="[C]" Column="LOAN_ID" />
                                                        </Identifier>
                                                      </ScalarOperator>
                                                    </RangeExpressions>
                                                  </Prefix>
                                                </SeekKeys>
                                              </SeekPredicateNew>
                                            </SeekPredicates>
                                            <Predicate>
                                              <ScalarOperator ScalarString="[UniTrac].[dbo].[LOAN].[PURGE_DT] as [L].[PURGE_DT] IS NULL AND ([UniTrac].[dbo].[LOAN].[RECORD_TYPE_CD] as [L].[RECORD_TYPE_CD]='A' OR [UniTrac].[dbo].[LOAN].[RECORD_TYPE_CD] as [L].[RECORD_TYPE_CD]='D' OR [UniTrac].[dbo].[LOAN].[RECORD_TYPE_CD] as [L].[RECORD_TYPE_CD]='G')">
                                                <Logical Operation="AND">
                                                  <ScalarOperator>
                                                    <Compare CompareOp="IS">
                                                      <ScalarOperator>
                                                        <Identifier>
                                                          <ColumnReference Database="[UniTrac]" Schema="[dbo]" Table="[LOAN]" Alias="[L]" Column="PURGE_DT" />
                                                        </Identifier>
                                                      </ScalarOperator>
                                                      <ScalarOperator>
                                                        <Const ConstValue="NULL" />
                                                      </ScalarOperator>
                                                    </Compare>
                                                  </ScalarOperator>
                                                  <ScalarOperator>
                                                    <Logical Operation="OR">
                                                      <ScalarOperator>
                                                        <Compare CompareOp="EQ">
                                                          <ScalarOperator>
                                                            <Identifier>
                                                              <ColumnReference Database="[UniTrac]" Schema="[dbo]" Table="[LOAN]" Alias="[L]" Column="RECORD_TYPE_CD" />
                                                            </Identifier>
                                                          </ScalarOperator>
                                                          <ScalarOperator>
                                                            <Const ConstValue="'A'" />
                                                          </ScalarOperator>
                                                        </Compare>
                                                      </ScalarOperator>
                                                      <ScalarOperator>
                                                        <Compare CompareOp="EQ">
                                                          <ScalarOperator>
                                                            <Identifier>
                                                              <ColumnReference Database="[UniTrac]" Schema="[dbo]" Table="[LOAN]" Alias="[L]" Column="RECORD_TYPE_CD" />
                                                            </Identifier>
                                                          </ScalarOperator>
                                                          <ScalarOperator>
                                                            <Const ConstValue="'D'" />
                                                          </ScalarOperator>
                                                        </Compare>
                                                      </ScalarOperator>
                                                      <ScalarOperator>
                                                        <Compare CompareOp="EQ">
                                                          <ScalarOperator>
                                                            <Identifier>
                                                              <ColumnReference Database="[UniTrac]" Schema="[dbo]" Table="[LOAN]" Alias="[L]" Column="RECORD_TYPE_CD" />
                                                            </Identifier>
                                                          </ScalarOperator>
                                                          <ScalarOperator>
                                                            <Const ConstValue="'G'" />
                                                          </ScalarOperator>
                                                        </Compare>
                                                      </ScalarOperator>
                                                    </Logical>
                                                  </ScalarOperator>
                                                </Logical>
                                              </ScalarOperator>
                                            </Predicate>
                                          </IndexScan>
                                        </RelOp>
                                      </NestedLoops>
                                    </RelOp>
                                  </Parallelism>
                                </RelOp>
                              </StreamAggregate>
                            </RelOp>
                          </ComputeScalar>
                        </RelOp>
                        <Predicate>
                          <ScalarOperator ScalarString="[Expr1008]&gt;(1)">
                            <Compare CompareOp="GT">
                              <ScalarOperator>
                                <Identifier>
                                  <ColumnReference Column="Expr1008" />
                                </Identifier>
                              </ScalarOperator>
                              <ScalarOperator>
                                <Const ConstValue="(1)" />
                              </ScalarOperator>
                            </Compare>
                          </ScalarOperator>
                        </Predicate>
                      </Filter>
                    </RelOp>
                  </Update>
                </RelOp>
              </Parallelism>
            </RelOp>
          </QueryPlan>
        </StmtSimple>
        <StmtSimple StatementText=" &#xD;&#xA;            &#xD;&#xA;      -- Build a table to define if the Lien Position Order should be used&#xD;&#xA;      -- If all the collaterals in a loan have a lien position, then the lien position&#xD;&#xA;      -- can be used in the order by clause; determine this by checking the count of&#xD;&#xA;      -- collaterals that HAVE a Lien Position equal to 0, if there are any for a &#xD;&#xA;      -- collateral, then that loan cannot use lien positioning&#xD;&#xA;      declare @tmp as table (LOAN_ID bigint, USE_LIENPOS_ORDER int)&#xD;&#xA;      insert into @tmp&#xD;&#xA;      SELECT   C.LOAN_ID,&#xD;&#xA;               ULPO.USE_LIENPOS_ORDER&#xD;&#xA;      FROM     COLLATERAL c&#xD;&#xA;&#x9;            JOIN #PROPERTY_ID_TMP tmp ON tmp.PROPERTY_ID = C.PROPERTY_ID AND c.PURGE_DT IS null&#xD;&#xA;               OUTER APPLY (&#xD;&#xA;                  SELECT   CASE WHEN COUNT(*) &gt; 0 THEN 0 ELSE 1 END AS USE_LIENPOS_ORDER&#xD;&#xA;                  FROM     COLLATERAL OAC&#xD;&#xA;                  WHERE    OAC.PROPERTY_ID = c.PROPERTY_ID AND ISNULL(OAC.LIEN_POSITION_NO , 0) = 0 &#xD;&#xA;               ) ULPO" StatementId="6" StatementCompId="8" StatementType="INSERT" RetrievedFromCache="true" StatementSubTreeCost="364.147" StatementEstRows="37320.9" StatementOptmLevel="FULL" QueryHash="0x1D9916B64E145DE3" QueryPlanHash="0x9FE9B8E47497BA50" CardinalityEstimationModelVersion="120">
          <StatementSetOptions QUOTED_IDENTIFIER="true" ARITHABORT="false" CONCAT_NULL_YIELDS_NULL="true" ANSI_NULLS="true" ANSI_PADDING="true" ANSI_WARNINGS="true" NUMERIC_ROUNDABORT="false" />
          <QueryPlan NonParallelPlanReason="CouldNotGenerateValidParallelPlan" CachedPlanSize="56" CompileTime="20" CompileCPU="20" CompileMemory="664">
            <MemoryGrantInfo SerialRequiredMemory="1024" SerialDesiredMemory="5344" />
            <OptimizerHardwareDependentProperties EstimatedAvailableMemoryGrant="1668249" EstimatedPagesCached="5004748" EstimatedAvailableDegreeOfParallelism="4" MaxCompileMemory="501252728" />
            <TraceFlags IsCompileTime="1">
              <TraceFlag Value="1117" Scope="Global" />
              <TraceFlag Value="2371" Scope="Global" />
              <TraceFlag Value="3226" Scope="Global" />
            </TraceFlags>
            <RelOp NodeId="0" PhysicalOp="Table Insert" LogicalOp="Insert" EstimateRows="37320.9" EstimateIO="0.588107" EstimateCPU="0.0373209" AvgRowSize="9" EstimatedTotalSubtreeCost="364.147" Parallel="0" EstimateRebinds="0" EstimateRewinds="0" EstimatedExecutionMode="Row">
              <OutputList />
              <Update DMLRequestSort="0">
                <Object Table="[@tmp]" Storage="RowStore" />
                <SetPredicate>
                  <ScalarOperator ScalarString="[LOAN_ID] = [UniTrac].[dbo].[COLLATERAL].[LOAN_ID] as [c].[LOAN_ID],[USE_LIENPOS_ORDER] = [Expr1008]">
                    <ScalarExpressionList>
                      <ScalarOperator>
                        <MultipleAssign>
                          <Assign>
                            <ColumnReference Column="LOAN_ID" />
                            <ScalarOperator>
                              <Identifier>
                                <ColumnReference Database="[UniTrac]" Schema="[dbo]" Table="[COLLATERAL]" Alias="[c]" Column="LOAN_ID" />
                              </Identifier>
                            </ScalarOperator>
                          </Assign>
                          <Assign>
                            <ColumnReference Column="USE_LIENPOS_ORDER" />
                            <ScalarOperator>
                              <Identifier>
                                <ColumnReference Column="Expr1008" />
                              </Identifier>
                            </ScalarOperator>
                          </Assign>
                        </MultipleAssign>
                      </ScalarOperator>
                    </ScalarExpressionList>
                  </ScalarOperator>
                </SetPredicate>
                <RelOp NodeId="1" PhysicalOp="Nested Loops" LogicalOp="Left Outer Join" EstimateRows="37320.9" EstimateIO="0" EstimateCPU="0.156002" AvgRowSize="19" EstimatedTotalSubtreeCost="363.522" Parallel="0" EstimateRebinds="0" EstimateRewinds="0" EstimatedExecutionMode="Row">
                  <OutputList>
                    <ColumnReference Database="[UniTrac]" Schema="[dbo]" Table="[COLLATERAL]" Alias="[c]" Column="LOAN_ID" />
                    <ColumnReference Column="Expr1008" />
                  </OutputList>
                  <NestedLoops Optimized="0">
                    <OuterReferences>
                      <ColumnReference Database="[UniTrac]" Schema="[dbo]" Table="[COLLATERAL]" Alias="[c]" Column="PROPERTY_ID" />
                    </OuterReferences>
                    <RelOp NodeId="2" PhysicalOp="Nested Loops" LogicalOp="Inner Join" EstimateRows="37320.9" EstimateIO="0" EstimateCPU="0.165754" AvgRowSize="23" EstimatedTotalSubtreeCost="126.56" Parallel="0" EstimateRebinds="0" EstimateRewinds="0" EstimatedExecutionMode="Row">
                      <OutputList>
                        <ColumnReference Database="[UniTrac]" Schema="[dbo]" Table="[COLLATERAL]" Alias="[c]" Column="LOAN_ID" />
                        <ColumnReference Database="[UniTrac]" Schema="[dbo]" Table="[COLLATERAL]" Alias="[c]" Column="PROPERTY_ID" />
                      </OutputList>
                      <MemoryFractions Input="0" Output="0.992593" />
                      <NestedLoops Optimized="1" WithUnorderedPrefetch="1">
                        <OuterReferences>
                          <ColumnReference Table="#PROPERTY_ID_TMP" Alias="[tmp]" Column="PROPERTY_ID" />
                          <ColumnReference Column="Expr1012" />
                        </OuterReferences>
                        <RelOp NodeId="5" PhysicalOp="Table Scan" LogicalOp="Table Scan" EstimateRows="39654" EstimateIO="0.080162" EstimateCPU="0.0437764" AvgRowSize="15" EstimatedTotalSubtreeCost="0.123938" TableCardinality="39654" Parallel="0" EstimateRebinds="0" EstimateRewinds="0" EstimatedExecutionMode="Row">
                          <OutputList>
                            <ColumnReference Table="#PROPERTY_ID_TMP" Alias="[tmp]" Column="PROPERTY_ID" />
                          </OutputList>
                          <TableScan Ordered="0" ForcedIndex="0" ForceScan="0" NoExpandHint="0" Storage="RowStore">
                            <DefinedValues>
                              <DefinedValue>
                                <ColumnReference Table="#PROPERTY_ID_TMP" Alias="[tmp]" Column="PROPERTY_ID" />
                              </DefinedValue>
                            </DefinedValues>
                            <Object Database="[tempdb]" Schema="[dbo]" Table="[#PROPERTY_ID_TMP]" Alias="[tmp]" Storage="RowStore" />
                          </TableScan>
                        </RelOp>
                        <RelOp NodeId="6" PhysicalOp="Index Seek" LogicalOp="Index Seek" EstimateRows="1" EstimateIO="0.003125" EstimateCPU="0.000158165" AvgRowSize="31" EstimatedTotalSubtreeCost="126.25" TableCardinality="9.15244e+007" Parallel="0" EstimateRebinds="39653" EstimateRewinds="0" EstimatedExecutionMode="Row">
                          <OutputList>
                            <ColumnReference Database="[UniTrac]" Schema="[dbo]" Table="[COLLATERAL]" Alias="[c]" Column="LOAN_ID" />
                            <ColumnReference Database="[UniTrac]" Schema="[dbo]" Table="[COLLATERAL]" Alias="[c]" Column="PROPERTY_ID" />
                          </OutputList>
                          <IndexScan Ordered="1" ScanDirection="FORWARD" ForcedIndex="0" ForceSeek="0" ForceScan="0" NoExpandHint="0" Storage="RowStore">
                            <DefinedValues>
                              <DefinedValue>
                                <ColumnReference Database="[UniTrac]" Schema="[dbo]" Table="[COLLATERAL]" Alias="[c]" Column="LOAN_ID" />
                              </DefinedValue>
                              <DefinedValue>
                                <ColumnReference Database="[UniTrac]" Schema="[dbo]" Table="[COLLATERAL]" Alias="[c]" Column="PROPERTY_ID" />
                              </DefinedValue>
                            </DefinedValues>
                            <Object Database="[UniTrac]" Schema="[dbo]" Table="[COLLATERAL]" Index="[IDX_COLLATERAL_PROPERTY_ID_PURGE_DT]" Alias="[c]" IndexKind="NonClustered" Storage="RowStore" />
                            <SeekPredicates>
                              <SeekPredicateNew>
                                <SeekKeys>
                                  <Prefix ScanType="EQ">
                                    <RangeColumns>
                                      <ColumnReference Database="[UniTrac]" Schema="[dbo]" Table="[COLLATERAL]" Alias="[c]" Column="PROPERTY_ID" />
                                    </RangeColumns>
                                    <RangeExpressions>
                                      <ScalarOperator ScalarString="#PROPERTY_ID_TMP.[PROPERTY_ID] as [tmp].[PROPERTY_ID]">
                                        <Identifier>
                                          <ColumnReference Table="#PROPERTY_ID_TMP" Alias="[tmp]" Column="PROPERTY_ID" />
                                        </Identifier>
                                      </ScalarOperator>
                                    </RangeExpressions>
                                  </Prefix>
                                </SeekKeys>
                              </SeekPredicateNew>
                            </SeekPredicates>
                            <Predicate>
                              <ScalarOperator ScalarString="[UniTrac].[dbo].[COLLATERAL].[PURGE_DT] as [c].[PURGE_DT] IS NULL">
                                <Compare CompareOp="IS">
                                  <ScalarOperator>
                                    <Identifier>
                                      <ColumnReference Database="[UniTrac]" Schema="[dbo]" Table="[COLLATERAL]" Alias="[c]" Column="PURGE_DT" />
                                    </Identifier>
                                  </ScalarOperator>
                                  <ScalarOperator>
                                    <Const ConstValue="NULL" />
                                  </ScalarOperator>
                                </Compare>
                              </ScalarOperator>
                            </Predicate>
                          </IndexScan>
                        </RelOp>
                      </NestedLoops>
                    </RelOp>
                    <RelOp NodeId="7" PhysicalOp="Index Spool" LogicalOp="Lazy Spool" EstimateRows="1" EstimateIO="0.003125" EstimateCPU="0.000259056" AvgRowSize="11" EstimatedTotalSubtreeCost="236.805" Parallel="0" EstimateRebinds="37319.9" EstimateRewinds="0.0459717" EstimatedExecutionMode="Row">
                      <OutputList>
                        <ColumnReference Column="Expr1008" />
                      </OutputList>
                      <Spool>
                        <SeekPredicateNew>
                          <SeekKeys>
                            <Prefix ScanType="EQ">
                              <RangeColumns>
                                <ColumnReference Database="[UniTrac]" Schema="[dbo]" Table="[COLLATERAL]" Alias="[c]" Column="PROPERTY_ID" />
                              </RangeColumns>
                              <RangeExpressions>
                                <ScalarOperator ScalarString="[UniTrac].[dbo].[COLLATERAL].[PROPERTY_ID] as [c].[PROPERTY_ID]">
                                  <Identifier>
                                    <ColumnReference Database="[UniTrac]" Schema="[dbo]" Table="[COLLATERAL]" Alias="[c]" Column="PROPERTY_ID" />
                                  </Identifier>
                                </ScalarOperator>
                              </RangeExpressions>
                            </Prefix>
                          </SeekKeys>
                        </SeekPredicateNew>
                        <RelOp NodeId="8" PhysicalOp="Compute Scalar" LogicalOp="Compute Scalar" EstimateRows="1" EstimateIO="0" EstimateCPU="1e-007" AvgRowSize="11" EstimatedTotalSubtreeCost="226.762" Parallel="0" EstimateRebinds="35680.6" EstimateRewinds="0" EstimatedExecutionMode="Row">
                          <OutputList>
                            <ColumnReference Column="Expr1008" />
                          </OutputList>
                          <ComputeScalar>
                            <DefinedValues>
                              <DefinedValue>
                                <ColumnReference Column="Expr1008" />
                                <ScalarOperator ScalarString="CASE WHEN [Expr1007]&gt;(0) THEN (0) ELSE (1) END">
                                  <IF>
                                    <Condition>
                                      <ScalarOperator>
                                        <Compare CompareOp="GT">
                                          <ScalarOperator>
                                            <Identifier>
                                              <ColumnReference Column="Expr1007" />
                                            </Identifier>
                                          </ScalarOperator>
                                          <ScalarOperator>
                                            <Const ConstValue="(0)" />
                                          </ScalarOperator>
                                        </Compare>
                                      </ScalarOperator>
                                    </Condition>
                                    <Then>
                                      <ScalarOperator>
                                        <Const ConstValue="(0)" />
                                      </ScalarOperator>
                                    </Then>
                                    <Else>
                                      <ScalarOperator>
                                        <Const ConstValue="(1)" />
                                      </ScalarOperator>
                                    </Else>
                                  </IF>
                                </ScalarOperator>
                              </DefinedValue>
                            </DefinedValues>
                            <RelOp NodeId="9" PhysicalOp="Compute Scalar" LogicalOp="Compute Scalar" EstimateRows="1" EstimateIO="0" EstimateCPU="1.11494e-006" AvgRowSize="11" EstimatedTotalSubtreeCost="226.758" Parallel="0" EstimateRebinds="35680.6" EstimateRewinds="0" EstimatedExecutionMode="Row">
                              <OutputList>
                                <ColumnReference Column="Expr1007" />
                              </OutputList>
                              <ComputeScalar>
                                <DefinedValues>
                                  <DefinedValue>
                                    <ColumnReference Column="Expr1007" />
                                    <ScalarOperator ScalarString="CONVERT_IMPLICIT(int,[Expr1013],0)">
                                      <Convert DataType="int" Style="0" Implicit="1">
                                        <ScalarOperator>
                                          <Identifier>
                                            <ColumnReference Column="Expr1013" />
                                          </Identifier>
                                        </ScalarOperator>
                                      </Convert>
                                    </ScalarOperator>
                                  </DefinedValue>
                                </DefinedValues>
                                <RelOp NodeId="10" PhysicalOp="Stream Aggregate" LogicalOp="Aggregate" EstimateRows="1" EstimateIO="0" EstimateCPU="1.11494e-006" AvgRowSize="11" EstimatedTotalSubtreeCost="226.758" Parallel="0" EstimateRebinds="35680.6" EstimateRewinds="0" EstimatedExecutionMode="Row">
                                  <OutputList>
                                    <ColumnReference Column="Expr1013" />
                                  </OutputList>
                                  <StreamAggregate>
                                    <DefinedValues>
                                      <DefinedValue>
                                        <ColumnReference Column="Expr1013" />
                                        <ScalarOperator ScalarString="Count(*)">
                                          <Aggregate AggType="countstar" Distinct="0" />
                                        </ScalarOperator>
                                      </DefinedValue>
                                    </DefinedValues>
                                    <RelOp NodeId="12" PhysicalOp="Nested Loops" LogicalOp="Inner Join" EstimateRows="1.0451" EstimateIO="0" EstimateCPU="4.36852e-006" AvgRowSize="11" EstimatedTotalSubtreeCost="226.69" Parallel="0" EstimateRebinds="35680.6" EstimateRewinds="0" EstimatedExecutionMode="Row">
                                      <OutputList />
                                      <MemoryFractions Input="0" Output="0.00740741" />
                                      <NestedLoops Optimized="1">
                                        <OuterReferences>
                                          <ColumnReference Database="[UniTrac]" Schema="[dbo]" Table="[COLLATERAL]" Alias="[OAC]" Column="ID" />
                                        </OuterReferences>
                                        <RelOp NodeId="14" PhysicalOp="Index Seek" LogicalOp="Index Seek" EstimateRows="1.0451" EstimateIO="0.003125" EstimateCPU="0.00015815" AvgRowSize="15" EstimatedTotalSubtreeCost="110.467" TableCardinality="9.15244e+007" Parallel="0" EstimateRebinds="35680.6" EstimateRewinds="0" EstimatedExecutionMode="Row">
                                          <OutputList>
                                            <ColumnReference Database="[UniTrac]" Schema="[dbo]" Table="[COLLATERAL]" Alias="[OAC]" Column="ID" />
                                          </OutputList>
                                          <IndexScan Ordered="1" ScanDirection="FORWARD" ForcedIndex="0" ForceSeek="0" ForceScan="0" NoExpandHint="0" Storage="RowStore">
                                            <DefinedValues>
                                              <DefinedValue>
                                                <ColumnReference Database="[UniTrac]" Schema="[dbo]" Table="[COLLATERAL]" Alias="[OAC]" Column="ID" />
                                              </DefinedValue>
                                            </DefinedValues>
                                            <Object Database="[UniTrac]" Schema="[dbo]" Table="[COLLATERAL]" Index="[IDX_COLLATERAL_PROPERTY_ID_PURGE_DT]" Alias="[OAC]" IndexKind="NonClustered" Storage="RowStore" />
                                            <SeekPredicates>
                                              <SeekPredicateNew>
                                                <SeekKeys>
                                                  <Prefix ScanType="EQ">
                                                    <RangeColumns>
                                                      <ColumnReference Database="[UniTrac]" Schema="[dbo]" Table="[COLLATERAL]" Alias="[OAC]" Column="PROPERTY_ID" />
                                                    </RangeColumns>
                                                    <RangeExpressions>
                                                      <ScalarOperator ScalarString="[UniTrac].[dbo].[COLLATERAL].[PROPERTY_ID] as [c].[PROPERTY_ID]">
                                                        <Identifier>
                                                          <ColumnReference Database="[UniTrac]" Schema="[dbo]" Table="[COLLATERAL]" Alias="[c]" Column="PROPERTY_ID" />
                                                        </Identifier>
                                                      </ScalarOperator>
                                                    </RangeExpressions>
                                                  </Prefix>
                                                </SeekKeys>
                                              </SeekPredicateNew>
                                            </SeekPredicates>
                                          </IndexScan>
                                        </RelOp>
                                        <RelOp NodeId="16" PhysicalOp="Clustered Index Seek" LogicalOp="Clustered Index Seek" EstimateRows="1.02489" EstimateIO="0.003125" EstimateCPU="0.0001581" AvgRowSize="11" EstimatedTotalSubtreeCost="116.067" TableCardinality="9.15244e+007" Parallel="0" EstimateRebinds="37289.9" EstimateRewinds="0" EstimatedExecutionMode="Row">
                                          <OutputList />
                                          <IndexScan Lookup="1" Ordered="1" ScanDirection="FORWARD" ForcedIndex="0" ForceSeek="0" ForceScan="0" NoExpandHint="0" Storage="RowStore">
                                            <DefinedValues />
                                            <Object Database="[UniTrac]" Schema="[dbo]" Table="[COLLATERAL]" Index="[PK_COLLATERAL]" Alias="[OAC]" TableReferenceId="-1" IndexKind="Clustered" Storage="RowStore" />
                                            <SeekPredicates>
                                              <SeekPredicateNew>
                                                <SeekKeys>
                                                  <Prefix ScanType="EQ">
                                                    <RangeColumns>
                                                      <ColumnReference Database="[UniTrac]" Schema="[dbo]" Table="[COLLATERAL]" Alias="[OAC]" Column="ID" />
                                                    </RangeColumns>
                                                    <RangeExpressions>
                                                      <ScalarOperator ScalarString="[UniTrac].[dbo].[COLLATERAL].[ID] as [OAC].[ID]">
                                                        <Identifier>
                                                          <ColumnReference Database="[UniTrac]" Schema="[dbo]" Table="[COLLATERAL]" Alias="[OAC]" Column="ID" />
                                                        </Identifier>
                                                      </ScalarOperator>
                                                    </RangeExpressions>
                                                  </Prefix>
                                                </SeekKeys>
                                              </SeekPredicateNew>
                                            </SeekPredicates>
                                            <Predicate>
                                              <ScalarOperator ScalarString="isnull([UniTrac].[dbo].[COLLATERAL].[LIEN_POSITION_NO] as [OAC].[LIEN_POSITION_NO],(0))=(0)">
                                                <Compare CompareOp="EQ">
                                                  <ScalarOperator>
                                                    <Intrinsic FunctionName="isnull">
                                                      <ScalarOperator>
                                                        <Identifier>
                                                          <ColumnReference Database="[UniTrac]" Schema="[dbo]" Table="[COLLATERAL]" Alias="[OAC]" Column="LIEN_POSITION_NO" />
                                                        </Identifier>
                                                      </ScalarOperator>
                                                      <ScalarOperator>
                                                        <Const ConstValue="(0)" />
                                                      </ScalarOperator>
                                                    </Intrinsic>
                                                  </ScalarOperator>
                                                  <ScalarOperator>
                                                    <Const ConstValue="(0)" />
                                                  </ScalarOperator>
                                                </Compare>
                                              </ScalarOperator>
                                            </Predicate>
                                          </IndexScan>
                                        </RelOp>
                                      </NestedLoops>
                                    </RelOp>
                                  </StreamAggregate>
                                </RelOp>
                              </ComputeScalar>
                            </RelOp>
                          </ComputeScalar>
                        </RelOp>
                      </Spool>
                    </RelOp>
                  </NestedLoops>
                </RelOp>
              </Update>
            </RelOp>
          </QueryPlan>
        </StmtSimple>
        <StmtSimple StatementText="&#xD;&#xA;      &#xD;&#xA;&#x9;&#x9;SELECT &#xD;&#xA;&#x9;&#x9;&#x9;C.ID AS COLLATERAL_ID,&#xD;&#xA;&#x9;&#x9;&#x9;C.PROPERTY_ID AS PROPERTY_ID,&#xD;&#xA;&#x9;&#x9;&#x9;RANK() OVER (PARTITION BY C.PROPERTY_ID&#x9;&#x9;   &#xD;&#xA;&#x9;&#x9;&#x9;&#x9;&#x9;&#x9;ORDER BY                     &#xD;&#xA;&#x9;&#x9;&#x9;&#x9;&#x9;&#x9;&#x9;case l.RECORD_TYPE_CD&#xD;&#xA;&#x9;&#x9;&#x9;&#x9;&#x9;&#x9;&#x9;&#x9;when 'G' THEN 1&#xD;&#xA;&#x9;&#x9;&#x9;&#x9;&#x9;&#x9;&#x9;&#x9;when 'A' THEN 2&#xD;&#xA;&#x9;&#x9;&#x9;&#x9;&#x9;&#x9;&#x9;&#x9;when 'D' THEN 3&#xD;&#xA;&#x9;&#x9;&#x9;&#x9;&#x9;&#x9;&#x9;&#x9;else 4&#xD;&#xA;&#x9;&#x9;&#x9;&#x9;&#x9;&#x9;&#x9;end ASC,&#xD;&#xA;&#x9;&#x9;&#x9;&#x9;&#x9;&#x9;&#x9;case &#xD;&#xA;&#x9;&#x9;&#x9;&#x9;&#x9;&#x9;&#x9;   when l.STATUS_CD = 'U' OR&#xD;&#xA;&#x9;&#x9;&#x9;&#x9;&#x9;&#x9;&#x9;         l.EXTRACT_UNMATCH_COUNT_NO &gt; 0 THEN 2&#x9;&#x9;&#x9;&#x9;&#x9;&#x9;&#x9;    &#x9;&#x9;&#x9;&#x9;&#x9;&#x9;&#x9;   &#x9;&#x9;&#x9;&#x9;&#x9;&#x9;&#x9;&#x9;&#xD;&#xA;&#x9;&#x9;&#x9;&#x9;&#x9;&#x9;&#x9;&#x9;else 1&#xD;&#xA;&#x9;&#x9;&#x9;&#x9;&#x9;&#x9;&#x9;END ASC,&#x9;&#x9;&#x9;&#x9;&#x9;&#x9;&#x9;&#xD;&#xA;&#x9;&#x9;&#x9;&#x9;&#x9;&#x9;&#x9;case &#xD;&#xA;&#x9;&#x9;&#x9;&#x9;&#x9;&#x9;&#x9;   when c.STATUS_CD = 'U' OR &#xD;&#xA;&#x9;&#x9;&#x9;&#x9;&#x9;&#x9;&#x9;         c.EXTRACT_UNMATCH_COUNT_NO &gt; 0 THEN 3&#xD;&#xA;&#x9;&#x9;&#x9;&#x9;&#x9;&#x9;&#x9;&#x9;when c.STATUS_CD = 'A' THEN 1&#xD;&#xA;&#x9;&#x9;&#x9;&#x9;&#x9;&#x9;&#x9;&#x9;ELSE 2 &#xD;&#xA;&#x9;&#x9;&#x9;&#x9;&#x9;&#x9;&#x9;END ASC, &#xD;&#xA;&#x9;&#x9;&#x9;&#x9;&#x9;&#x9;&#x9;case l.ESCROW_IN&#xD;&#xA;&#x9;&#x9;&#x9;&#x9;&#x9;&#x9;&#x9;&#x9;when 'Y' then 1&#xD;&#xA;&#x9;&#x9;&#x9;&#x9;&#x9;&#x9;&#x9;&#x9;else 0&#xD;&#xA;&#x9;&#x9;&#x9;&#x9;&#x9;&#x9;&#x9;END desc,&#xD;&#xA;                     &#xD;&#xA;                     -- Check if the collateral CAN be used for lien position ordering&#xD;&#xA;                     CASE WHEN (t.USE_LIENPOS_ORDER = 1) THEN LIEN_POSITION_NO ELSE 1 END asc,&#xD;&#xA;&#xD;&#xA;&#x9;&#x9;&#x9;&#x9;&#x9;&#x9;&#x9;c.LOAN_BALANCE_NO DESC,&#xD;&#xA;&#x9;&#x9;&#x9;&#x9;&#x9;&#x9;&#x9;c.create_dt asc&#xD;&#xA;&#x9;&#x9;&#x9;&#x9;&#x9;&#x9; ) AS RANK&#xD;&#xA;&#x9;&#x9;INTO #COLLATERAL_ID_BY_RANK&#xD;&#xA;&#x9;&#x9;FROM&#xD;&#xA;&#x9;&#x9;&#x9;LOAN l &#xD;&#xA;&#x9;&#x9;&#x9;join COLLATERAL c on c.LOAN_ID = l.ID AND C.PURGE_DT IS NULL&#xD;&#xA;&#x9;&#x9;&#x9;JOIN #PROPERTY_ID_TMP tmp on tmp.PROPERTY_ID = C.PROPERTY_ID &#xD;&#xA;         JOIN @tmp t on l.ID = t.LOAN_ID&#xD;&#xA;&#x9;&#x9;WHERE&#x9;&#xD;&#xA;&#x9;&#x9;&#x9;L.PURGE_DT IS NULL" StatementId="7" StatementCompId="9" StatementType="SELECT INTO" RetrievedFromCache="true" StatementSubTreeCost="249.861" StatementEstRows="39654" StatementOptmLevel="FULL" QueryHash="0x8B76ACA9F53A22D3" QueryPlanHash="0x9CC209303CA096FB" CardinalityEstimationModelVersion="120">
          <StatementSetOptions QUOTED_IDENTIFIER="true" ARITHABORT="false" CONCAT_NULL_YIELDS_NULL="true" ANSI_NULLS="true" ANSI_PADDING="true" ANSI_WARNINGS="true" NUMERIC_ROUNDABORT="false" />
          <QueryPlan CachedPlanSize="184" CompileTime="18" CompileCPU="18" CompileMemory="1592">
            <ThreadStat Branches="3" />
            <MemoryGrantInfo SerialRequiredMemory="3072" SerialDesiredMemory="30624" />
            <OptimizerHardwareDependentProperties EstimatedAvailableMemoryGrant="1668249" EstimatedPagesCached="5004748" EstimatedAvailableDegreeOfParallelism="4" MaxCompileMemory="501253136" />
            <TraceFlags IsCompileTime="1">
              <TraceFlag Value="1117" Scope="Global" />
              <TraceFlag Value="2371" Scope="Global" />
              <TraceFlag Value="3226" Scope="Global" />
            </TraceFlags>
            <RelOp NodeId="0" PhysicalOp="Parallelism" LogicalOp="Gather Streams" EstimateRows="39654" EstimateIO="0" EstimateCPU="0.0409167" AvgRowSize="9" EstimatedTotalSubtreeCost="249.861" Parallel="1" EstimateRebinds="0" EstimateRewinds="0" EstimatedExecutionMode="Row">
              <OutputList />
              <Parallelism>
                <RelOp NodeId="1" PhysicalOp="Table Insert" LogicalOp="Insert" EstimateRows="39654" EstimateIO="0.254287" EstimateCPU="0.0099135" AvgRowSize="9" EstimatedTotalSubtreeCost="249.82" Parallel="1" EstimateRebinds="0" EstimateRewinds="0" EstimatedExecutionMode="Row">
                  <OutputList />
                  <Update DMLRequestSort="0">
                    <Object Table="[#COLLATERAL_ID_BY_RANK]" Storage="RowStore" />
                    <SetPredicate>
                      <ScalarOperator ScalarString="[#COLLATERAL_ID_BY_RANK].[COLLATERAL_ID] = [UniTrac].[dbo].[COLLATERAL].[ID] as [c].[ID],[#COLLATERAL_ID_BY_RANK].[PROPERTY_ID] = [UniTrac].[dbo].[COLLATERAL].[PROPERTY_ID] as [c].[PROPERTY_ID],[#COLLATERAL_ID_BY_RANK].[RANK] = [Expr1014]">
                        <ScalarExpressionList>
                          <ScalarOperator>
                            <MultipleAssign>
                              <Assign>
                                <ColumnReference Table="[#COLLATERAL_ID_BY_RANK]" Column="COLLATERAL_ID" />
                                <ScalarOperator>
                                  <Identifier>
                                    <ColumnReference Database="[UniTrac]" Schema="[dbo]" Table="[COLLATERAL]" Alias="[c]" Column="ID" />
                                  </Identifier>
                                </ScalarOperator>
                              </Assign>
                              <Assign>
                                <ColumnReference Table="[#COLLATERAL_ID_BY_RANK]" Column="PROPERTY_ID" />
                                <ScalarOperator>
                                  <Identifier>
                                    <ColumnReference Database="[UniTrac]" Schema="[dbo]" Table="[COLLATERAL]" Alias="[c]" Column="PROPERTY_ID" />
                                  </Identifier>
                                </ScalarOperator>
                              </Assign>
                              <Assign>
                                <ColumnReference Table="[#COLLATERAL_ID_BY_RANK]" Column="RANK" />
                                <ScalarOperator>
                                  <Identifier>
                                    <ColumnReference Column="Expr1014" />
                                  </Identifier>
                                </ScalarOperator>
                              </Assign>
                            </MultipleAssign>
                          </ScalarOperator>
                        </ScalarExpressionList>
                      </ScalarOperator>
                    </SetPredicate>
                    <RelOp NodeId="2" PhysicalOp="Sequence Project" LogicalOp="Compute Scalar" EstimateRows="39654" EstimateIO="0" EstimateCPU="0.00059481" AvgRowSize="31" EstimatedTotalSubtreeCost="249.556" Parallel="1" EstimateRebinds="0" EstimateRewinds="0" EstimatedExecutionMode="Row">
                      <OutputList>
                        <ColumnReference Database="[UniTrac]" Schema="[dbo]" Table="[COLLATERAL]" Alias="[c]" Column="ID" />
                        <ColumnReference Database="[UniTrac]" Schema="[dbo]" Table="[COLLATERAL]" Alias="[c]" Column="PROPERTY_ID" />
                        <ColumnReference Column="Expr1014" />
                      </OutputList>
                      <SequenceProject>
                        <DefinedValues>
                          <DefinedValue>
                            <ColumnReference Column="Expr1014" />
                            <ScalarOperator ScalarString="rank">
                              <Sequence FunctionName="rank" />
                            </ScalarOperator>
                          </DefinedValue>
                        </DefinedValues>
                        <RelOp NodeId="3" PhysicalOp="Segment" LogicalOp="Segment" EstimateRows="39654" EstimateIO="0" EstimateCPU="0.00019827" AvgRowSize="31" EstimatedTotalSubtreeCost="249.556" Parallel="1" EstimateRebinds="0" EstimateRewinds="0" EstimatedExecutionMode="Row">
                          <OutputList>
                            <ColumnReference Database="[UniTrac]" Schema="[dbo]" Table="[COLLATERAL]" Alias="[c]" Column="ID" />
                            <ColumnReference Database="[UniTrac]" Schema="[dbo]" Table="[COLLATERAL]" Alias="[c]" Column="PROPERTY_ID" />
                            <ColumnReference Database="[UniTrac]" Schema="[dbo]" Table="[COLLATERAL]" Alias="[c]" Column="LOAN_BALANCE_NO" />
                            <ColumnReference Database="[UniTrac]" Schema="[dbo]" Table="[COLLATERAL]" Alias="[c]" Column="CREATE_DT" />
                            <ColumnReference Column="Expr1009" />
                            <ColumnReference Column="Expr1010" />
                            <ColumnReference Column="Expr1011" />
                            <ColumnReference Column="Expr1012" />
                            <ColumnReference Column="Expr1013" />
                            <ColumnReference Column="Segment1020" />
                            <ColumnReference Column="Segment1021" />
                          </OutputList>
                          <Segment>
                            <GroupBy>
                              <ColumnReference Database="[UniTrac]" Schema="[dbo]" Table="[COLLATERAL]" Alias="[c]" Column="PROPERTY_ID" />
                              <ColumnReference Column="Expr1009" />
                              <ColumnReference Column="Expr1010" />
                              <ColumnReference Column="Expr1011" />
                              <ColumnReference Column="Expr1012" />
                              <ColumnReference Column="Expr1013" />
                              <ColumnReference Database="[UniTrac]" Schema="[dbo]" Table="[COLLATERAL]" Alias="[c]" Column="LOAN_BALANCE_NO" />
                              <ColumnReference Database="[UniTrac]" Schema="[dbo]" Table="[COLLATERAL]" Alias="[c]" Column="CREATE_DT" />
                            </GroupBy>
                            <SegmentColumn>
                              <ColumnReference Column="Segment1021" />
                            </SegmentColumn>
                            <RelOp NodeId="4" PhysicalOp="Segment" LogicalOp="Segment" EstimateRows="39654" EstimateIO="0" EstimateCPU="0.00019827" AvgRowSize="31" EstimatedTotalSubtreeCost="249.556" Parallel="1" EstimateRebinds="0" EstimateRewinds="0" EstimatedExecutionMode="Row">
                              <OutputList>
                                <ColumnReference Database="[UniTrac]" Schema="[dbo]" Table="[COLLATERAL]" Alias="[c]" Column="ID" />
                                <ColumnReference Database="[UniTrac]" Schema="[dbo]" Table="[COLLATERAL]" Alias="[c]" Column="PROPERTY_ID" />
                                <ColumnReference Database="[UniTrac]" Schema="[dbo]" Table="[COLLATERAL]" Alias="[c]" Column="LOAN_BALANCE_NO" />
                                <ColumnReference Database="[UniTrac]" Schema="[dbo]" Table="[COLLATERAL]" Alias="[c]" Column="CREATE_DT" />
                                <ColumnReference Column="Expr1009" />
                                <ColumnReference Column="Expr1010" />
                                <ColumnReference Column="Expr1011" />
                                <ColumnReference Column="Expr1012" />
                                <ColumnReference Column="Expr1013" />
                                <ColumnReference Column="Segment1020" />
                              </OutputList>
                              <Segment>
                                <GroupBy>
                                  <ColumnReference Database="[UniTrac]" Schema="[dbo]" Table="[COLLATERAL]" Alias="[c]" Column="PROPERTY_ID" />
                                </GroupBy>
                                <SegmentColumn>
                                  <ColumnReference Column="Segment1020" />
                                </SegmentColumn>
                                <RelOp NodeId="5" PhysicalOp="Sort" LogicalOp="Sort" EstimateRows="39654" EstimateIO="0.00281532" EstimateCPU="0.695091" AvgRowSize="61" EstimatedTotalSubtreeCost="249.555" Parallel="1" EstimateRebinds="0" EstimateRewinds="0" EstimatedExecutionMode="Row">
                                  <OutputList>
                                    <ColumnReference Database="[UniTrac]" Schema="[dbo]" Table="[COLLATERAL]" Alias="[c]" Column="ID" />
                                    <ColumnReference Database="[UniTrac]" Schema="[dbo]" Table="[COLLATERAL]" Alias="[c]" Column="PROPERTY_ID" />
                                    <ColumnReference Database="[UniTrac]" Schema="[dbo]" Table="[COLLATERAL]" Alias="[c]" Column="LOAN_BALANCE_NO" />
                                    <ColumnReference Database="[UniTrac]" Schema="[dbo]" Table="[COLLATERAL]" Alias="[c]" Column="CREATE_DT" />
                                    <ColumnReference Column="Expr1009" />
                                    <ColumnReference Column="Expr1010" />
                                    <ColumnReference Column="Expr1011" />
                                    <ColumnReference Column="Expr1012" />
                                    <ColumnReference Column="Expr1013" />
                                  </OutputList>
                                  <MemoryFractions Input="0.222997" Output="1" />
                                  <Sort Distinct="0">
                                    <OrderBy>
                                      <OrderByColumn Ascending="1">
                                        <ColumnReference Database="[UniTrac]" Schema="[dbo]" Table="[COLLATERAL]" Alias="[c]" Column="PROPERTY_ID" />
                                      </OrderByColumn>
                                      <OrderByColumn Ascending="1">
                                        <ColumnReference Column="Expr1009" />
                                      </OrderByColumn>
                                      <OrderByColumn Ascending="1">
                                        <ColumnReference Column="Expr1010" />
                                      </OrderByColumn>
                                      <OrderByColumn Ascending="1">
                                        <ColumnReference Column="Expr1011" />
                                      </OrderByColumn>
                                      <OrderByColumn Ascending="0">
                                        <ColumnReference Column="Expr1012" />
                                      </OrderByColumn>
                                      <OrderByColumn Ascending="1">
                                        <ColumnReference Column="Expr1013" />
                                      </OrderByColumn>
                                      <OrderByColumn Ascending="0">
                                        <ColumnReference Database="[UniTrac]" Schema="[dbo]" Table="[COLLATERAL]" Alias="[c]" Column="LOAN_BALANCE_NO" />
                                      </OrderByColumn>
                                      <OrderByColumn Ascending="1">
                                        <ColumnReference Database="[UniTrac]" Schema="[dbo]" Table="[COLLATERAL]" Alias="[c]" Column="CREATE_DT" />
                                      </OrderByColumn>
                                    </OrderBy>
                                    <RelOp NodeId="6" PhysicalOp="Compute Scalar" LogicalOp="Compute Scalar" EstimateRows="39654" EstimateIO="0" EstimateCPU="0.00099135" AvgRowSize="61" EstimatedTotalSubtreeCost="248.857" Parallel="1" EstimateRebinds="0" EstimateRewinds="0" EstimatedExecutionMode="Row">
                                      <OutputList>
                                        <ColumnReference Database="[UniTrac]" Schema="[dbo]" Table="[COLLATERAL]" Alias="[c]" Column="ID" />
                                        <ColumnReference Database="[UniTrac]" Schema="[dbo]" Table="[COLLATERAL]" Alias="[c]" Column="PROPERTY_ID" />
                                        <ColumnReference Database="[UniTrac]" Schema="[dbo]" Table="[COLLATERAL]" Alias="[c]" Column="LOAN_BALANCE_NO" />
                                        <ColumnReference Database="[UniTrac]" Schema="[dbo]" Table="[COLLATERAL]" Alias="[c]" Column="CREATE_DT" />
                                        <ColumnReference Column="Expr1009" />
                                        <ColumnReference Column="Expr1010" />
                                        <ColumnReference Column="Expr1011" />
                                        <ColumnReference Column="Expr1012" />
                                        <ColumnReference Column="Expr1013" />
                                      </OutputList>
                                      <ComputeScalar>
                                        <DefinedValues>
                                          <DefinedValue>
                                            <ColumnReference Column="Expr1013" />
                                            <ScalarOperator ScalarString="CASE WHEN @tmp.[USE_LIENPOS_ORDER] as [t].[USE_LIENPOS_ORDER]=(1) THEN [UniTrac].[dbo].[COLLATERAL].[LIEN_POSITION_NO] as [c].[LIEN_POSITION_NO] ELSE (1) END">
                                              <IF>
                                                <Condition>
                                                  <ScalarOperator>
                                                    <Compare CompareOp="EQ">
                                                      <ScalarOperator>
                                                        <Identifier>
                                                          <ColumnReference Table="@tmp" Alias="[t]" Column="USE_LIENPOS_ORDER" />
                                                        </Identifier>
                                                      </ScalarOperator>
                                                      <ScalarOperator>
                                                        <Const ConstValue="(1)" />
                                                      </ScalarOperator>
                                                    </Compare>
                                                  </ScalarOperator>
                                                </Condition>
                                                <Then>
                                                  <ScalarOperator>
                                                    <Identifier>
                                                      <ColumnReference Database="[UniTrac]" Schema="[dbo]" Table="[COLLATERAL]" Alias="[c]" Column="LIEN_POSITION_NO" />
                                                    </Identifier>
                                                  </ScalarOperator>
                                                </Then>
                                                <Else>
                                                  <ScalarOperator>
                                                    <Const ConstValue="(1)" />
                                                  </ScalarOperator>
                                                </Else>
                                              </IF>
                                            </ScalarOperator>
                                          </DefinedValue>
                                        </DefinedValues>
                                        <RelOp NodeId="7" PhysicalOp="Compute Scalar" LogicalOp="Compute Scalar" EstimateRows="39654" EstimateIO="0" EstimateCPU="9.34328e-007" AvgRowSize="65" EstimatedTotalSubtreeCost="248.856" Parallel="1" EstimateRebinds="0" EstimateRewinds="0" EstimatedExecutionMode="Row">
                                          <OutputList>
                                            <ColumnReference Database="[UniTrac]" Schema="[dbo]" Table="[COLLATERAL]" Alias="[c]" Column="ID" />
                                            <ColumnReference Database="[UniTrac]" Schema="[dbo]" Table="[COLLATERAL]" Alias="[c]" Column="PROPERTY_ID" />
                                            <ColumnReference Database="[UniTrac]" Schema="[dbo]" Table="[COLLATERAL]" Alias="[c]" Column="LOAN_BALANCE_NO" />
                                            <ColumnReference Database="[UniTrac]" Schema="[dbo]" Table="[COLLATERAL]" Alias="[c]" Column="CREATE_DT" />
                                            <ColumnReference Database="[UniTrac]" Schema="[dbo]" Table="[COLLATERAL]" Alias="[c]" Column="LIEN_POSITION_NO" />
                                            <ColumnReference Table="@tmp" Alias="[t]" Column="USE_LIENPOS_ORDER" />
                                            <ColumnReference Column="Expr1009" />
                                            <ColumnReference Column="Expr1010" />
                                            <ColumnReference Column="Expr1011" />
                                            <ColumnReference Column="Expr1012" />
                                          </OutputList>
                                          <ComputeScalar>
                                            <DefinedValues>
                                              <DefinedValue>
                                                <ColumnReference Column="Expr1009" />
                                                <ScalarOperator ScalarString="CASE WHEN [UniTrac].[dbo].[LOAN].[RECORD_TYPE_CD] as [l].[RECORD_TYPE_CD]='G' THEN (1) ELSE CASE WHEN [UniTrac].[dbo].[LOAN].[RECORD_TYPE_CD] as [l].[RECORD_TYPE_CD]='A' THEN (2) ELSE CASE WHEN [UniTrac].[dbo].[LOAN].[RECORD_TYPE_CD] as [l].[RECORD_TYPE_CD]='D' THEN (3) ELSE (4) END END END">
                                                  <IF>
                                                    <Condition>
                                                      <ScalarOperator>
                                                        <Compare CompareOp="EQ">
                                                          <ScalarOperator>
                                                            <Identifier>
                                                              <ColumnReference Database="[UniTrac]" Schema="[dbo]" Table="[LOAN]" Alias="[l]" Column="RECORD_TYPE_CD" />
                                                            </Identifier>
                                                          </ScalarOperator>
                                                          <ScalarOperator>
                                                            <Const ConstValue="'G'" />
                                                          </ScalarOperator>
                                                        </Compare>
                                                      </ScalarOperator>
                                                    </Condition>
                                                    <Then>
                                                      <ScalarOperator>
                                                        <Const ConstValue="(1)" />
                                                      </ScalarOperator>
                                                    </Then>
                                                    <Else>
                                                      <ScalarOperator>
                                                        <IF>
                                                          <Condition>
                                                            <ScalarOperator>
                                                              <Compare CompareOp="EQ">
                                                                <ScalarOperator>
                                                                  <Identifier>
                                                                    <ColumnReference Database="[UniTrac]" Schema="[dbo]" Table="[LOAN]" Alias="[l]" Column="RECORD_TYPE_CD" />
                                                                  </Identifier>
                                                                </ScalarOperator>
                                                                <ScalarOperator>
                                                                  <Const ConstValue="'A'" />
                                                                </ScalarOperator>
                                                              </Compare>
                                                            </ScalarOperator>
                                                          </Condition>
                                                          <Then>
                                                            <ScalarOperator>
                                                              <Const ConstValue="(2)" />
                                                            </ScalarOperator>
                                                          </Then>
                                                          <Else>
                                                            <ScalarOperator>
                                                              <IF>
                                                                <Condition>
                                                                  <ScalarOperator>
                                                                    <Compare CompareOp="EQ">
                                                                      <ScalarOperator>
                                                                        <Identifier>
                                                                          <ColumnReference Database="[UniTrac]" Schema="[dbo]" Table="[LOAN]" Alias="[l]" Column="RECORD_TYPE_CD" />
                                                                        </Identifier>
                                                                      </ScalarOperator>
                                                                      <ScalarOperator>
                                                                        <Const ConstValue="'D'" />
                                                                      </ScalarOperator>
                                                                    </Compare>
                                                                  </ScalarOperator>
                                                                </Condition>
                                                                <Then>
                                                                  <ScalarOperator>
                                                                    <Const ConstValue="(3)" />
                                                                  </ScalarOperator>
                                                                </Then>
                                                                <Else>
                                                                  <ScalarOperator>
                                                                    <Const ConstValue="(4)" />
                                                                  </ScalarOperator>
                                                                </Else>
                                                              </IF>
                                                            </ScalarOperator>
                                                          </Else>
                                                        </IF>
                                                      </ScalarOperator>
                                                    </Else>
                                                  </IF>
                                                </ScalarOperator>
                                              </DefinedValue>
                                              <DefinedValue>
                                                <ColumnReference Column="Expr1010" />
                                                <ScalarOperator ScalarString="CASE WHEN [UniTrac].[dbo].[LOAN].[STATUS_CD] as [l].[STATUS_CD]='U' OR [UniTrac].[dbo].[LOAN].[EXTRACT_UNMATCH_COUNT_NO] as [l].[EXTRACT_UNMATCH_COUNT_NO]&gt;(0) THEN (2) ELSE (1) END">
                                                  <IF>
                                                    <Condition>
                                                      <ScalarOperator>
                                                        <Logical Operation="OR">
                                                          <ScalarOperator>
                                                            <Compare CompareOp="EQ">
                                                              <ScalarOperator>
                                                                <Identifier>
                                                                  <ColumnReference Database="[UniTrac]" Schema="[dbo]" Table="[LOAN]" Alias="[l]" Column="STATUS_CD" />
                                                                </Identifier>
                                                              </ScalarOperator>
                                                              <ScalarOperator>
                                                                <Const ConstValue="'U'" />
                                                              </ScalarOperator>
                                                            </Compare>
                                                          </ScalarOperator>
                                                          <ScalarOperator>
                                                            <Compare CompareOp="GT">
                                                              <ScalarOperator>
                                                                <Identifier>
                                                                  <ColumnReference Database="[UniTrac]" Schema="[dbo]" Table="[LOAN]" Alias="[l]" Column="EXTRACT_UNMATCH_COUNT_NO" />
                                                                </Identifier>
                                                              </ScalarOperator>
                                                              <ScalarOperator>
                                                                <Const ConstValue="(0)" />
                                                              </ScalarOperator>
                                                            </Compare>
                                                          </ScalarOperator>
                                                        </Logical>
                                                      </ScalarOperator>
                                                    </Condition>
                                                    <Then>
                                                      <ScalarOperator>
                                                        <Const ConstValue="(2)" />
                                                      </ScalarOperator>
                                                    </Then>
                                                    <Else>
                                                      <ScalarOperator>
                                                        <Const ConstValue="(1)" />
                                                      </ScalarOperator>
                                                    </Else>
                                                  </IF>
                                                </ScalarOperator>
                                              </DefinedValue>
                                              <DefinedValue>
                                                <ColumnReference Column="Expr1012" />
                                                <ScalarOperator ScalarString="CASE WHEN [UniTrac].[dbo].[LOAN].[ESCROW_IN] as [l].[ESCROW_IN]='Y' THEN (1) ELSE (0) END">
                                                  <IF>
                                                    <Condition>
                                                      <ScalarOperator>
                                                        <Compare CompareOp="EQ">
                                                          <ScalarOperator>
                                                            <Identifier>
                                                              <ColumnReference Database="[UniTrac]" Schema="[dbo]" Table="[LOAN]" Alias="[l]" Column="ESCROW_IN" />
                                                            </Identifier>
                                                          </ScalarOperator>
                                                          <ScalarOperator>
                                                            <Const ConstValue="'Y'" />
                                                          </ScalarOperator>
                                                        </Compare>
                                                      </ScalarOperator>
                                                    </Condition>
                                                    <Then>
                                                      <ScalarOperator>
                                                        <Const ConstValue="(1)" />
                                                      </ScalarOperator>
                                                    </Then>
                                                    <Else>
                                                      <ScalarOperator>
                                                        <Const ConstValue="(0)" />
                                                      </ScalarOperator>
                                                    </Else>
                                                  </IF>
                                                </ScalarOperator>
                                              </DefinedValue>
                                            </DefinedValues>
                                            <RelOp NodeId="8" PhysicalOp="Parallelism" LogicalOp="Repartition Streams" EstimateRows="37.3731" EstimateIO="0" EstimateCPU="0.0286029" AvgRowSize="63" EstimatedTotalSubtreeCost="248.856" Parallel="1" EstimateRebinds="0" EstimateRewinds="0" EstimatedExecutionMode="Row">
                                              <OutputList>
                                                <ColumnReference Database="[UniTrac]" Schema="[dbo]" Table="[LOAN]" Alias="[l]" Column="STATUS_CD" />
                                                <ColumnReference Database="[UniTrac]" Schema="[dbo]" Table="[LOAN]" Alias="[l]" Column="RECORD_TYPE_CD" />
                                                <ColumnReference Database="[UniTrac]" Schema="[dbo]" Table="[LOAN]" Alias="[l]" Column="EXTRACT_UNMATCH_COUNT_NO" />
                                                <ColumnReference Database="[UniTrac]" Schema="[dbo]" Table="[LOAN]" Alias="[l]" Column="ESCROW_IN" />
                                                <ColumnReference Database="[UniTrac]" Schema="[dbo]" Table="[COLLATERAL]" Alias="[c]" Column="ID" />
                                                <ColumnReference Database="[UniTrac]" Schema="[dbo]" Table="[COLLATERAL]" Alias="[c]" Column="PROPERTY_ID" />
                                                <ColumnReference Database="[UniTrac]" Schema="[dbo]" Table="[COLLATERAL]" Alias="[c]" Column="LOAN_BALANCE_NO" />
                                                <ColumnReference Database="[UniTrac]" Schema="[dbo]" Table="[COLLATERAL]" Alias="[c]" Column="CREATE_DT" />
                                                <ColumnReference Database="[UniTrac]" Schema="[dbo]" Table="[COLLATERAL]" Alias="[c]" Column="LIEN_POSITION_NO" />
                                                <ColumnReference Table="@tmp" Alias="[t]" Column="USE_LIENPOS_ORDER" />
                                                <ColumnReference Column="Expr1011" />
                                              </OutputList>
                                              <Parallelism PartitioningType="Hash">
                                                <PartitionColumns>
                                                  <ColumnReference Database="[UniTrac]" Schema="[dbo]" Table="[COLLATERAL]" Alias="[c]" Column="PROPERTY_ID" />
                                                </PartitionColumns>
                                                <RelOp NodeId="9" PhysicalOp="Nested Loops" LogicalOp="Inner Join" EstimateRows="37.3731" EstimateIO="0" EstimateCPU="4.29647e-005" AvgRowSize="63" EstimatedTotalSubtreeCost="248.828" Parallel="1" EstimateRebinds="0" EstimateRewinds="0" EstimatedExecutionMode="Row">
                                                  <OutputList>
                                                    <ColumnReference Database="[UniTrac]" Schema="[dbo]" Table="[LOAN]" Alias="[l]" Column="STATUS_CD" />
                                                    <ColumnReference Database="[UniTrac]" Schema="[dbo]" Table="[LOAN]" Alias="[l]" Column="RECORD_TYPE_CD" />
                                                    <ColumnReference Database="[UniTrac]" Schema="[dbo]" Table="[LOAN]" Alias="[l]" Column="EXTRACT_UNMATCH_COUNT_NO" />
                                                    <ColumnReference Database="[UniTrac]" Schema="[dbo]" Table="[LOAN]" Alias="[l]" Column="ESCROW_IN" />
                                                    <ColumnReference Database="[UniTrac]" Schema="[dbo]" Table="[COLLATERAL]" Alias="[c]" Column="ID" />
                                                    <ColumnReference Database="[UniTrac]" Schema="[dbo]" Table="[COLLATERAL]" Alias="[c]" Column="PROPERTY_ID" />
                                                    <ColumnReference Database="[UniTrac]" Schema="[dbo]" Table="[COLLATERAL]" Alias="[c]" Column="LOAN_BALANCE_NO" />
                                                    <ColumnReference Database="[UniTrac]" Schema="[dbo]" Table="[COLLATERAL]" Alias="[c]" Column="CREATE_DT" />
                                                    <ColumnReference Database="[UniTrac]" Schema="[dbo]" Table="[COLLATERAL]" Alias="[c]" Column="LIEN_POSITION_NO" />
                                                    <ColumnReference Table="@tmp" Alias="[t]" Column="USE_LIENPOS_ORDER" />
                                                    <ColumnReference Column="Expr1011" />
                                                  </OutputList>
                                                  <MemoryFractions Input="0" Output="0.00116144" />
                                                  <NestedLoops Optimized="1" WithUnorderedPrefetch="1">
                                                    <OuterReferences>
                                                      <ColumnReference Table="@tmp" Alias="[t]" Column="LOAN_ID" />
                                                      <ColumnReference Column="Expr1019" />
                                                    </OuterReferences>
                                                    <RelOp NodeId="12" PhysicalOp="Hash Match" LogicalOp="Inner Join" EstimateRows="41.1145" EstimateIO="0" EstimateCPU="0.580649" AvgRowSize="60" EstimatedTotalSubtreeCost="248.696" Parallel="1" EstimateRebinds="0" EstimateRewinds="0" EstimatedExecutionMode="Row">
                                                      <OutputList>
                                                        <ColumnReference Database="[UniTrac]" Schema="[dbo]" Table="[COLLATERAL]" Alias="[c]" Column="ID" />
                                                        <ColumnReference Database="[UniTrac]" Schema="[dbo]" Table="[COLLATERAL]" Alias="[c]" Column="PROPERTY_ID" />
                                                        <ColumnReference Database="[UniTrac]" Schema="[dbo]" Table="[COLLATERAL]" Alias="[c]" Column="LOAN_BALANCE_NO" />
                                                        <ColumnReference Database="[UniTrac]" Schema="[dbo]" Table="[COLLATERAL]" Alias="[c]" Column="CREATE_DT" />
                                                        <ColumnReference Database="[UniTrac]" Schema="[dbo]" Table="[COLLATERAL]" Alias="[c]" Column="LIEN_POSITION_NO" />
                                                        <ColumnReference Table="@tmp" Alias="[t]" Column="LOAN_ID" />
                                                        <ColumnReference Table="@tmp" Alias="[t]" Column="USE_LIENPOS_ORDER" />
                                                        <ColumnReference Column="Expr1011" />
                                                      </OutputList>
                                                      <MemoryFractions Input="0.538922" Output="0.775842" />
                                                      <Hash>
                                                        <DefinedValues />
                                                        <HashKeysBuild>
                                                          <ColumnReference Database="[UniTrac]" Schema="[dbo]" Table="[COLLATERAL]" Alias="[c]" Column="LOAN_ID" />
                                                        </HashKeysBuild>
                                                        <HashKeysProbe>
                                                          <ColumnReference Table="@tmp" Alias="[t]" Column="LOAN_ID" />
                                                        </HashKeysProbe>
                                                        <ProbeResidual>
                                                          <ScalarOperator ScalarString="@tmp.[LOAN_ID] as [t].[LOAN_ID]=[UniTrac].[dbo].[COLLATERAL].[LOAN_ID] as [c].[LOAN_ID]">
                                                            <Compare CompareOp="EQ">
                                                              <ScalarOperator>
                                                                <Identifier>
                                                                  <ColumnReference Table="@tmp" Alias="[t]" Column="LOAN_ID" />
                                                                </Identifier>
                                                              </ScalarOperator>
                                                              <ScalarOperator>
                                                                <Identifier>
                                                                  <ColumnReference Database="[UniTrac]" Schema="[dbo]" Table="[COLLATERAL]" Alias="[c]" Column="LOAN_ID" />
                                                                </Identifier>
                                                              </ScalarOperator>
                                                            </Compare>
                                                          </ScalarOperator>
                                                        </ProbeResidual>
                                                        <RelOp NodeId="13" PhysicalOp="Bitmap" LogicalOp="Bitmap Create" EstimateRows="37320.9" EstimateIO="0" EstimateCPU="0.000933023" AvgRowSize="56" EstimatedTotalSubtreeCost="247.785" Parallel="1" EstimateRebinds="0" EstimateRewinds="0" EstimatedExecutionMode="Row">
                                                          <OutputList>
                                                            <ColumnReference Database="[UniTrac]" Schema="[dbo]" Table="[COLLATERAL]" Alias="[c]" Column="ID" />
                                                            <ColumnReference Database="[UniTrac]" Schema="[dbo]" Table="[COLLATERAL]" Alias="[c]" Column="LOAN_ID" />
                                                            <ColumnReference Database="[UniTrac]" Schema="[dbo]" Table="[COLLATERAL]" Alias="[c]" Column="PROPERTY_ID" />
                                                            <ColumnReference Database="[UniTrac]" Schema="[dbo]" Table="[COLLATERAL]" Alias="[c]" Column="LOAN_BALANCE_NO" />
                                                            <ColumnReference Database="[UniTrac]" Schema="[dbo]" Table="[COLLATERAL]" Alias="[c]" Column="CREATE_DT" />
                                                            <ColumnReference Database="[UniTrac]" Schema="[dbo]" Table="[COLLATERAL]" Alias="[c]" Column="LIEN_POSITION_NO" />
                                                            <ColumnReference Column="Expr1011" />
                                                          </OutputList>
                                                          <Bitmap>
                                                            <DefinedValues>
                                                              <DefinedValue>
                                                                <ColumnReference Column="Bitmap1018" />
                                                              </DefinedValue>
                                                            </DefinedValues>
                                                            <HashKeys>
                                                              <ColumnReference Database="[UniTrac]" Schema="[dbo]" Table="[COLLATERAL]" Alias="[c]" Column="LOAN_ID" />
                                                            </HashKeys>
                                                            <RelOp NodeId="14" PhysicalOp="Compute Scalar" LogicalOp="Compute Scalar" EstimateRows="37320.9" EstimateIO="0" EstimateCPU="0.000933023" AvgRowSize="56" EstimatedTotalSubtreeCost="247.785" Parallel="1" EstimateRebinds="0" EstimateRewinds="0" EstimatedExecutionMode="Row">
                                                              <OutputList>
                                                                <ColumnReference Database="[UniTrac]" Schema="[dbo]" Table="[COLLATERAL]" Alias="[c]" Column="ID" />
                                                                <ColumnReference Database="[UniTrac]" Schema="[dbo]" Table="[COLLATERAL]" Alias="[c]" Column="LOAN_ID" />
                                                                <ColumnReference Database="[UniTrac]" Schema="[dbo]" Table="[COLLATERAL]" Alias="[c]" Column="PROPERTY_ID" />
                                                                <ColumnReference Database="[UniTrac]" Schema="[dbo]" Table="[COLLATERAL]" Alias="[c]" Column="LOAN_BALANCE_NO" />
                                                                <ColumnReference Database="[UniTrac]" Schema="[dbo]" Table="[COLLATERAL]" Alias="[c]" Column="CREATE_DT" />
                                                                <ColumnReference Database="[UniTrac]" Schema="[dbo]" Table="[COLLATERAL]" Alias="[c]" Column="LIEN_POSITION_NO" />
                                                                <ColumnReference Column="Expr1011" />
                                                              </OutputList>
                                                              <ComputeScalar>
                                                                <DefinedValues>
                                                                  <DefinedValue>
                                                                    <ColumnReference Column="Expr1011" />
                                                                    <ScalarOperator ScalarString="CASE WHEN [UniTrac].[dbo].[COLLATERAL].[STATUS_CD] as [c].[STATUS_CD]='U' OR [UniTrac].[dbo].[COLLATERAL].[EXTRACT_UNMATCH_COUNT_NO] as [c].[EXTRACT_UNMATCH_COUNT_NO]&gt;(0) THEN (3) ELSE CASE WHEN [UniTrac].[dbo].[COLLATERAL].[STATUS_CD] as [c].[STATUS_CD]='A' THEN (1) ELSE (2) END END">
                                                                      <IF>
                                                                        <Condition>
                                                                          <ScalarOperator>
                                                                            <Logical Operation="OR">
                                                                              <ScalarOperator>
                                                                                <Compare CompareOp="EQ">
                                                                                  <ScalarOperator>
                                                                                    <Identifier>
                                                                                      <ColumnReference Database="[UniTrac]" Schema="[dbo]" Table="[COLLATERAL]" Alias="[c]" Column="STATUS_CD" />
                                                                                    </Identifier>
                                                                                  </ScalarOperator>
                                                                                  <ScalarOperator>
                                                                                    <Const ConstValue="'U'" />
                                                                                  </ScalarOperator>
                                                                                </Compare>
                                                                              </ScalarOperator>
                                                                              <ScalarOperator>
                                                                                <Compare CompareOp="GT">
                                                                                  <ScalarOperator>
                                                                                    <Identifier>
                                                                                      <ColumnReference Database="[UniTrac]" Schema="[dbo]" Table="[COLLATERAL]" Alias="[c]" Column="EXTRACT_UNMATCH_COUNT_NO" />
                                                                                    </Identifier>
                                                                                  </ScalarOperator>
                                                                                  <ScalarOperator>
                                                                                    <Const ConstValue="(0)" />
                                                                                  </ScalarOperator>
                                                                                </Compare>
                                                                              </ScalarOperator>
                                                                            </Logical>
                                                                          </ScalarOperator>
                                                                        </Condition>
                                                                        <Then>
                                                                          <ScalarOperator>
                                                                            <Const ConstValue="(3)" />
                                                                          </ScalarOperator>
                                                                        </Then>
                                                                        <Else>
                                                                          <ScalarOperator>
                                                                            <IF>
                                                                              <Condition>
                                                                                <ScalarOperator>
                                                                                  <Compare CompareOp="EQ">
                                                                                    <ScalarOperator>
                                                                                      <Identifier>
                                                                                        <ColumnReference Database="[UniTrac]" Schema="[dbo]" Table="[COLLATERAL]" Alias="[c]" Column="STATUS_CD" />
                                                                                      </Identifier>
                                                                                    </ScalarOperator>
                                                                                    <ScalarOperator>
                                                                                      <Const ConstValue="'A'" />
                                                                                    </ScalarOperator>
                                                                                  </Compare>
                                                                                </ScalarOperator>
                                                                              </Condition>
                                                                              <Then>
                                                                                <ScalarOperator>
                                                                                  <Const ConstValue="(1)" />
                                                                                </ScalarOperator>
                                                                              </Then>
                                                                              <Else>
                                                                                <ScalarOperator>
                                                                                  <Const ConstValue="(2)" />
                                                                                </ScalarOperator>
                                                                              </Else>
                                                                            </IF>
                                                                          </ScalarOperator>
                                                                        </Else>
                                                                      </IF>
                                                                    </ScalarOperator>
                                                                  </DefinedValue>
                                                                </DefinedValues>
                                                                <RelOp NodeId="15" PhysicalOp="Parallelism" LogicalOp="Repartition Streams" EstimateRows="37320.9" EstimateIO="0" EstimateCPU="0.11644" AvgRowSize="61" EstimatedTotalSubtreeCost="247.784" Parallel="1" EstimateRebinds="0" EstimateRewinds="0" EstimatedExecutionMode="Row">
                                                                  <OutputList>
                                                                    <ColumnReference Database="[UniTrac]" Schema="[dbo]" Table="[COLLATERAL]" Alias="[c]" Column="ID" />
                                                                    <ColumnReference Database="[UniTrac]" Schema="[dbo]" Table="[COLLATERAL]" Alias="[c]" Column="LOAN_ID" />
                                                                    <ColumnReference Database="[UniTrac]" Schema="[dbo]" Table="[COLLATERAL]" Alias="[c]" Column="PROPERTY_ID" />
                                                                    <ColumnReference Database="[UniTrac]" Schema="[dbo]" Table="[COLLATERAL]" Alias="[c]" Column="STATUS_CD" />
                                                                    <ColumnReference Database="[UniTrac]" Schema="[dbo]" Table="[COLLATERAL]" Alias="[c]" Column="LOAN_BALANCE_NO" />
                                                                    <ColumnReference Database="[UniTrac]" Schema="[dbo]" Table="[COLLATERAL]" Alias="[c]" Column="EXTRACT_UNMATCH_COUNT_NO" />
                                                                    <ColumnReference Database="[UniTrac]" Schema="[dbo]" Table="[COLLATERAL]" Alias="[c]" Column="CREATE_DT" />
                                                                    <ColumnReference Database="[UniTrac]" Schema="[dbo]" Table="[COLLATERAL]" Alias="[c]" Column="LIEN_POSITION_NO" />
                                                                  </OutputList>
                                                                  <Parallelism PartitioningType="Hash">
                                                                    <PartitionColumns>
                                                                      <ColumnReference Database="[UniTrac]" Schema="[dbo]" Table="[COLLATERAL]" Alias="[c]" Column="LOAN_ID" />
                                                                    </PartitionColumns>
                                                                    <RelOp NodeId="16" PhysicalOp="Nested Loops" LogicalOp="Inner Join" EstimateRows="37320.9" EstimateIO="0" EstimateCPU="0.0390004" AvgRowSize="61" EstimatedTotalSubtreeCost="247.667" Parallel="1" EstimateRebinds="0" EstimateRewinds="0" EstimatedExecutionMode="Row">
                                                                      <OutputList>
                                                                        <ColumnReference Database="[UniTrac]" Schema="[dbo]" Table="[COLLATERAL]" Alias="[c]" Column="ID" />
                                                                        <ColumnReference Database="[UniTrac]" Schema="[dbo]" Table="[COLLATERAL]" Alias="[c]" Column="LOAN_ID" />
                                                                        <ColumnReference Database="[UniTrac]" Schema="[dbo]" Table="[COLLATERAL]" Alias="[c]" Column="PROPERTY_ID" />
                                                                        <ColumnReference Database="[UniTrac]" Schema="[dbo]" Table="[COLLATERAL]" Alias="[c]" Column="STATUS_CD" />
                                                                        <ColumnReference Database="[UniTrac]" Schema="[dbo]" Table="[COLLATERAL]" Alias="[c]" Column="LOAN_BALANCE_NO" />
                                                                        <ColumnReference Database="[UniTrac]" Schema="[dbo]" Table="[COLLATERAL]" Alias="[c]" Column="EXTRACT_UNMATCH_COUNT_NO" />
                                                                        <ColumnReference Database="[UniTrac]" Schema="[dbo]" Table="[COLLATERAL]" Alias="[c]" Column="CREATE_DT" />
                                                                        <ColumnReference Database="[UniTrac]" Schema="[dbo]" Table="[COLLATERAL]" Alias="[c]" Column="LIEN_POSITION_NO" />
                                                                      </OutputList>
                                                                      <MemoryFractions Input="0" Output="0.260479" />
                                                                      <NestedLoops Optimized="1" WithUnorderedPrefetch="1">
                                                                        <OuterReferences>
                                                                          <ColumnReference Database="[UniTrac]" Schema="[dbo]" Table="[COLLATERAL]" Alias="[c]" Column="ID" />
                                                                          <ColumnReference Column="Expr1017" />
                                                                        </OuterReferences>
                                                                        <RelOp NodeId="19" PhysicalOp="Nested Loops" LogicalOp="Inner Join" EstimateRows="37320.9" EstimateIO="0" EstimateCPU="0.0414384" AvgRowSize="36" EstimatedTotalSubtreeCost="126.403" Parallel="1" EstimateRebinds="0" EstimateRewinds="0" EstimatedExecutionMode="Row">
                                                                          <OutputList>
                                                                            <ColumnReference Database="[UniTrac]" Schema="[dbo]" Table="[COLLATERAL]" Alias="[c]" Column="ID" />
                                                                            <ColumnReference Database="[UniTrac]" Schema="[dbo]" Table="[COLLATERAL]" Alias="[c]" Column="LOAN_ID" />
                                                                            <ColumnReference Database="[UniTrac]" Schema="[dbo]" Table="[COLLATERAL]" Alias="[c]" Column="PROPERTY_ID" />
                                                                            <ColumnReference Database="[UniTrac]" Schema="[dbo]" Table="[COLLATERAL]" Alias="[c]" Column="STATUS_CD" />
                                                                          </OutputList>
                                                                          <MemoryFractions Input="0" Output="0.200599" />
                                                                          <NestedLoops Optimized="1" WithUnorderedPrefetch="1">
                                                                            <OuterReferences>
                                                                              <ColumnReference Table="#PROPERTY_ID_TMP" Alias="[tmp]" Column="PROPERTY_ID" />
                                                                              <ColumnReference Column="Expr1016" />
                                                                            </OuterReferences>
                                                                            <RelOp NodeId="22" PhysicalOp="Table Scan" LogicalOp="Table Scan" EstimateRows="39654" EstimateIO="0.0802405" EstimateCPU="0.0109245" AvgRowSize="15" EstimatedTotalSubtreeCost="0.091165" TableCardinality="39654" Parallel="1" EstimateRebinds="0" EstimateRewinds="0" EstimatedExecutionMode="Row">
                                                                              <OutputList>
                                                                                <ColumnReference Table="#PROPERTY_ID_TMP" Alias="[tmp]" Column="PROPERTY_ID" />
                                                                              </OutputList>
                                                                              <TableScan Ordered="0" ForcedIndex="0" ForceScan="0" NoExpandHint="0" Storage="RowStore">
                                                                                <DefinedValues>
                                                                                  <DefinedValue>
                                                                                    <ColumnReference Table="#PROPERTY_ID_TMP" Alias="[tmp]" Column="PROPERTY_ID" />
                                                                                  </DefinedValue>
                                                                                </DefinedValues>
                                                                                <Object Database="[tempdb]" Schema="[dbo]" Table="[#PROPERTY_ID_TMP]" Alias="[tmp]" Storage="RowStore" />
                                                                              </TableScan>
                                                                            </RelOp>
                                                                            <RelOp NodeId="23" PhysicalOp="Index Seek" LogicalOp="Index Seek" EstimateRows="1" EstimateIO="0.003125" EstimateCPU="0.000158165" AvgRowSize="44" EstimatedTotalSubtreeCost="126.25" TableCardinality="9.15244e+007" Parallel="1" EstimateRebinds="39653" EstimateRewinds="0" EstimatedExecutionMode="Row">
                                                                              <OutputList>
                                                                                <ColumnReference Database="[UniTrac]" Schema="[dbo]" Table="[COLLATERAL]" Alias="[c]" Column="ID" />
                                                                                <ColumnReference Database="[UniTrac]" Schema="[dbo]" Table="[COLLATERAL]" Alias="[c]" Column="LOAN_ID" />
                                                                                <ColumnReference Database="[UniTrac]" Schema="[dbo]" Table="[COLLATERAL]" Alias="[c]" Column="PROPERTY_ID" />
                                                                                <ColumnReference Database="[UniTrac]" Schema="[dbo]" Table="[COLLATERAL]" Alias="[c]" Column="STATUS_CD" />
                                                                              </OutputList>
                                                                              <IndexScan Ordered="1" ScanDirection="FORWARD" ForcedIndex="0" ForceSeek="0" ForceScan="0" NoExpandHint="0" Storage="RowStore">
                                                                                <DefinedValues>
                                                                                  <DefinedValue>
                                                                                    <ColumnReference Database="[UniTrac]" Schema="[dbo]" Table="[COLLATERAL]" Alias="[c]" Column="ID" />
                                                                                  </DefinedValue>
                                                                                  <DefinedValue>
                                                                                    <ColumnReference Database="[UniTrac]" Schema="[dbo]" Table="[COLLATERAL]" Alias="[c]" Column="LOAN_ID" />
                                                                                  </DefinedValue>
                                                                                  <DefinedValue>
                                                                                    <ColumnReference Database="[UniTrac]" Schema="[dbo]" Table="[COLLATERAL]" Alias="[c]" Column="PROPERTY_ID" />
                                                                                  </DefinedValue>
                                                                                  <DefinedValue>
                                                                                    <ColumnReference Database="[UniTrac]" Schema="[dbo]" Table="[COLLATERAL]" Alias="[c]" Column="STATUS_CD" />
                                                                                  </DefinedValue>
                                                                                </DefinedValues>
                                                                                <Object Database="[UniTrac]" Schema="[dbo]" Table="[COLLATERAL]" Index="[IDX_COLLATERAL_PROPERTY_ID_PURGE_DT]" Alias="[c]" IndexKind="NonClustered" Storage="RowStore" />
                                                                                <SeekPredicates>
                                                                                  <SeekPredicateNew>
                                                                                    <SeekKeys>
                                                                                      <Prefix ScanType="EQ">
                                                                                        <RangeColumns>
                                                                                          <ColumnReference Database="[UniTrac]" Schema="[dbo]" Table="[COLLATERAL]" Alias="[c]" Column="PROPERTY_ID" />
                                                                                        </RangeColumns>
                                                                                        <RangeExpressions>
                                                                                          <ScalarOperator ScalarString="#PROPERTY_ID_TMP.[PROPERTY_ID] as [tmp].[PROPERTY_ID]">
                                                                                            <Identifier>
                                                                                              <ColumnReference Table="#PROPERTY_ID_TMP" Alias="[tmp]" Column="PROPERTY_ID" />
                                                                                            </Identifier>
                                                                                          </ScalarOperator>
                                                                                        </RangeExpressions>
                                                                                      </Prefix>
                                                                                    </SeekKeys>
                                                                                  </SeekPredicateNew>
                                                                                </SeekPredicates>
                                                                                <Predicate>
                                                                                  <ScalarOperator ScalarString="[UniTrac].[dbo].[COLLATERAL].[PURGE_DT] as [c].[PURGE_DT] IS NULL">
                                                                                    <Compare CompareOp="IS">
                                                                                      <ScalarOperator>
                                                                                        <Identifier>
                                                                                          <ColumnReference Database="[UniTrac]" Schema="[dbo]" Table="[COLLATERAL]" Alias="[c]" Column="PURGE_DT" />
                                                                                        </Identifier>
                                                                                      </ScalarOperator>
                                                                                      <ScalarOperator>
                                                                                        <Const ConstValue="NULL" />
                                                                                      </ScalarOperator>
                                                                                    </Compare>
                                                                                  </ScalarOperator>
                                                                                </Predicate>
                                                                              </IndexScan>
                                                                            </RelOp>
                                                                          </NestedLoops>
                                                                        </RelOp>
                                                                        <RelOp NodeId="25" PhysicalOp="Clustered Index Seek" LogicalOp="Clustered Index Seek" EstimateRows="1" EstimateIO="0.003125" EstimateCPU="0.0001581" AvgRowSize="32" EstimatedTotalSubtreeCost="121.225" TableCardinality="9.15244e+007" Parallel="1" EstimateRebinds="37319.9" EstimateRewinds="0" EstimatedExecutionMode="Row">
                                                                          <OutputList>
                                                                            <ColumnReference Database="[UniTrac]" Schema="[dbo]" Table="[COLLATERAL]" Alias="[c]" Column="LOAN_BALANCE_NO" />
                                                                            <ColumnReference Database="[UniTrac]" Schema="[dbo]" Table="[COLLATERAL]" Alias="[c]" Column="EXTRACT_UNMATCH_COUNT_NO" />
                                                                            <ColumnReference Database="[UniTrac]" Schema="[dbo]" Table="[COLLATERAL]" Alias="[c]" Column="CREATE_DT" />
                                                                            <ColumnReference Database="[UniTrac]" Schema="[dbo]" Table="[COLLATERAL]" Alias="[c]" Column="LIEN_POSITION_NO" />
                                                                          </OutputList>
                                                                          <IndexScan Lookup="1" Ordered="1" ScanDirection="FORWARD" ForcedIndex="0" ForceSeek="0" ForceScan="0" NoExpandHint="0" Storage="RowStore">
                                                                            <DefinedValues>
                                                                              <DefinedValue>
                                                                                <ColumnReference Database="[UniTrac]" Schema="[dbo]" Table="[COLLATERAL]" Alias="[c]" Column="LOAN_BALANCE_NO" />
                                                                              </DefinedValue>
                                                                              <DefinedValue>
                                                                                <ColumnReference Database="[UniTrac]" Schema="[dbo]" Table="[COLLATERAL]" Alias="[c]" Column="EXTRACT_UNMATCH_COUNT_NO" />
                                                                              </DefinedValue>
                                                                              <DefinedValue>
                                                                                <ColumnReference Database="[UniTrac]" Schema="[dbo]" Table="[COLLATERAL]" Alias="[c]" Column="CREATE_DT" />
                                                                              </DefinedValue>
                                                                              <DefinedValue>
                                                                                <ColumnReference Database="[UniTrac]" Schema="[dbo]" Table="[COLLATERAL]" Alias="[c]" Column="LIEN_POSITION_NO" />
                                                                              </DefinedValue>
                                                                            </DefinedValues>
                                                                            <Object Database="[UniTrac]" Schema="[dbo]" Table="[COLLATERAL]" Index="[PK_COLLATERAL]" Alias="[c]" TableReferenceId="-1" IndexKind="Clustered" Storage="RowStore" />
                                                                            <SeekPredicates>
                                                                              <SeekPredicateNew>
                                                                                <SeekKeys>
                                                                                  <Prefix ScanType="EQ">
                                                                                    <RangeColumns>
                                                                                      <ColumnReference Database="[UniTrac]" Schema="[dbo]" Table="[COLLATERAL]" Alias="[c]" Column="ID" />
                                                                                    </RangeColumns>
                                                                                    <RangeExpressions>
                                                                                      <ScalarOperator ScalarString="[UniTrac].[dbo].[COLLATERAL].[ID] as [c].[ID]">
                                                                                        <Identifier>
                                                                                          <ColumnReference Database="[UniTrac]" Schema="[dbo]" Table="[COLLATERAL]" Alias="[c]" Column="ID" />
                                                                                        </Identifier>
                                                                                      </ScalarOperator>
                                                                                    </RangeExpressions>
                                                                                  </Prefix>
                                                                                </SeekKeys>
                                                                              </SeekPredicateNew>
                                                                            </SeekPredicates>
                                                                          </IndexScan>
                                                                        </RelOp>
                                                                      </NestedLoops>
                                                                    </RelOp>
                                                                  </Parallelism>
                                                                </RelOp>
                                                              </ComputeScalar>
                                                            </RelOp>
                                                          </Bitmap>
                                                        </RelOp>
                                                        <RelOp NodeId="38" PhysicalOp="Parallelism" LogicalOp="Repartition Streams" EstimateRows="96244" EstimateIO="0" EstimateCPU="0.115823" AvgRowSize="19" EstimatedTotalSubtreeCost="0.330699" Parallel="1" EstimateRebinds="0" EstimateRewinds="0" EstimatedExecutionMode="Row">
                                                          <OutputList>
                                                            <ColumnReference Table="@tmp" Alias="[t]" Column="LOAN_ID" />
                                                            <ColumnReference Table="@tmp" Alias="[t]" Column="USE_LIENPOS_ORDER" />
                                                          </OutputList>
                                                          <Parallelism PartitioningType="Hash">
                                                            <PartitionColumns>
                                                              <ColumnReference Table="@tmp" Alias="[t]" Column="LOAN_ID" />
                                                            </PartitionColumns>
                                                            <RelOp NodeId="39" PhysicalOp="Table Scan" LogicalOp="Table Scan" EstimateRows="96244" EstimateIO="0.188389" EstimateCPU="0.0264867" AvgRowSize="19" EstimatedTotalSubtreeCost="0.214875" TableCardinality="96244" Parallel="1" EstimateRebinds="0" EstimateRewinds="0" EstimatedExecutionMode="Row">
                                                              <OutputList>
                                                                <ColumnReference Table="@tmp" Alias="[t]" Column="LOAN_ID" />
                                                                <ColumnReference Table="@tmp" Alias="[t]" Column="USE_LIENPOS_ORDER" />
                                                              </OutputList>
                                                              <TableScan Ordered="0" ForcedIndex="0" ForceScan="0" NoExpandHint="0" Storage="RowStore">
                                                                <DefinedValues>
                                                                  <DefinedValue>
                                                                    <ColumnReference Table="@tmp" Alias="[t]" Column="LOAN_ID" />
                                                                  </DefinedValue>
                                                                  <DefinedValue>
                                                                    <ColumnReference Table="@tmp" Alias="[t]" Column="USE_LIENPOS_ORDER" />
                                                                  </DefinedValue>
                                                                </DefinedValues>
                                                                <Object Table="[@tmp]" Alias="[t]" Storage="RowStore" />
                                                                <Predicate>
                                                                  <ScalarOperator ScalarString="PROBE([Bitmap1018],@tmp.[LOAN_ID] as [t].[LOAN_ID],N'[IN ROW]')">
                                                                    <Intrinsic FunctionName="PROBE">
                                                                      <ScalarOperator>
                                                                        <Identifier>
                                                                          <ColumnReference Column="Bitmap1018" />
                                                                        </Identifier>
                                                                      </ScalarOperator>
                                                                      <ScalarOperator>
                                                                        <Identifier>
                                                                          <ColumnReference Table="@tmp" Alias="[t]" Column="LOAN_ID" />
                                                                        </Identifier>
                                                                      </ScalarOperator>
                                                                      <ScalarOperator>
                                                                        <Const ConstValue="N'[IN ROW]'" />
                                                                      </ScalarOperator>
                                                                    </Intrinsic>
                                                                  </ScalarOperator>
                                                                </Predicate>
                                                              </TableScan>
                                                            </RelOp>
                                                          </Parallelism>
                                                        </RelOp>
                                                      </Hash>
                                                    </RelOp>
                                                    <RelOp NodeId="41" PhysicalOp="Clustered Index Seek" LogicalOp="Clustered Index Seek" EstimateRows="1" EstimateIO="0.003125" EstimateCPU="0.0001581" AvgRowSize="25" EstimatedTotalSubtreeCost="0.131857" TableCardinality="8.94349e+007" Parallel="1" EstimateRebinds="40.1145" EstimateRewinds="0" EstimatedExecutionMode="Row">
                                                      <OutputList>
                                                        <ColumnReference Database="[UniTrac]" Schema="[dbo]" Table="[LOAN]" Alias="[l]" Column="STATUS_CD" />
                                                        <ColumnReference Database="[UniTrac]" Schema="[dbo]" Table="[LOAN]" Alias="[l]" Column="RECORD_TYPE_CD" />
                                                        <ColumnReference Database="[UniTrac]" Schema="[dbo]" Table="[LOAN]" Alias="[l]" Column="EXTRACT_UNMATCH_COUNT_NO" />
                                                        <ColumnReference Database="[UniTrac]" Schema="[dbo]" Table="[LOAN]" Alias="[l]" Column="ESCROW_IN" />
                                                      </OutputList>
                                                      <IndexScan Ordered="1" ScanDirection="FORWARD" ForcedIndex="0" ForceSeek="0" ForceScan="0" NoExpandHint="0" Storage="RowStore">
                                                        <DefinedValues>
                                                          <DefinedValue>
                                                            <ColumnReference Database="[UniTrac]" Schema="[dbo]" Table="[LOAN]" Alias="[l]" Column="STATUS_CD" />
                                                          </DefinedValue>
                                                          <DefinedValue>
                                                            <ColumnReference Database="[UniTrac]" Schema="[dbo]" Table="[LOAN]" Alias="[l]" Column="RECORD_TYPE_CD" />
                                                          </DefinedValue>
                                                          <DefinedValue>
                                                            <ColumnReference Database="[UniTrac]" Schema="[dbo]" Table="[LOAN]" Alias="[l]" Column="EXTRACT_UNMATCH_COUNT_NO" />
                                                          </DefinedValue>
                                                          <DefinedValue>
                                                            <ColumnReference Database="[UniTrac]" Schema="[dbo]" Table="[LOAN]" Alias="[l]" Column="ESCROW_IN" />
                                                          </DefinedValue>
                                                        </DefinedValues>
                                                        <Object Database="[UniTrac]" Schema="[dbo]" Table="[LOAN]" Index="[PK_LOAN]" Alias="[l]" IndexKind="Clustered" Storage="RowStore" />
                                                        <SeekPredicates>
                                                          <SeekPredicateNew>
                                                            <SeekKeys>
                                                              <Prefix ScanType="EQ">
                                                                <RangeColumns>
                                                                  <ColumnReference Database="[UniTrac]" Schema="[dbo]" Table="[LOAN]" Alias="[l]" Column="ID" />
                                                                </RangeColumns>
                                                                <RangeExpressions>
                                                                  <ScalarOperator ScalarString="@tmp.[LOAN_ID] as [t].[LOAN_ID]">
                                                                    <Identifier>
                                                                      <ColumnReference Table="@tmp" Alias="[t]" Column="LOAN_ID" />
                                                                    </Identifier>
                                                                  </ScalarOperator>
                                                                </RangeExpressions>
                                                              </Prefix>
                                                            </SeekKeys>
                                                          </SeekPredicateNew>
                                                        </SeekPredicates>
                                                        <Predicate>
                                                          <ScalarOperator ScalarString="[UniTrac].[dbo].[LOAN].[PURGE_DT] as [l].[PURGE_DT] IS NULL">
                                                            <Compare CompareOp="IS">
                                                              <ScalarOperator>
                                                                <Identifier>
                                                                  <ColumnReference Database="[UniTrac]" Schema="[dbo]" Table="[LOAN]" Alias="[l]" Column="PURGE_DT" />
                                                                </Identifier>
                                                              </ScalarOperator>
                                                              <ScalarOperator>
                                                                <Const ConstValue="NULL" />
                                                              </ScalarOperator>
                                                            </Compare>
                                                          </ScalarOperator>
                                                        </Predicate>
                                                      </IndexScan>
                                                    </RelOp>
                                                  </NestedLoops>
                                                </RelOp>
                                              </Parallelism>
                                            </RelOp>
                                          </ComputeScalar>
                                        </RelOp>
                                      </ComputeScalar>
                                    </RelOp>
                                  </Sort>
                                </RelOp>
                              </Segment>
                            </RelOp>
                          </Segment>
                        </RelOp>
                      </SequenceProject>
                    </RelOp>
                  </Update>
                </RelOp>
              </Parallelism>
            </RelOp>
          </QueryPlan>
        </StmtSimple>
        <StmtSimple StatementText="&#x9;&#x9;&#xD;&#xA;&#xD;&#xA;&#x9;&#x9;UPDATE COLLATERAL &#xD;&#xA;&#x9;&#x9;set PRIMARY_LOAN_IN = 'N', UPDATE_USER_TX = 'LFPPosting', UPDATE_DT = GETDATE() &#xD;&#xA;&#x9;&#x9;WHERE &#xD;&#xA;&#x9;&#x9;&#x9;PROPERTY_ID in (select PROPERTY_ID from #PROPERTY_ID_TMP)&#xD;&#xA;&#x9;&#x9;&#x9;AND ID NOT IN (SELECT collateral_id from #COLLATERAL_ID_BY_RANK where rank = 1)&#xD;&#xA;&#x9;&#x9;&#x9;AND PRIMARY_LOAN_IN != 'N'" StatementId="8" StatementCompId="10" StatementType="UPDATE" RetrievedFromCache="true" StatementSubTreeCost="305.78" StatementEstRows="81374.3" StatementOptmLevel="FULL" QueryHash="0x12F492F32BDE2ED6" QueryPlanHash="0xB57C65BEC16B367B" CardinalityEstimationModelVersion="120">
          <StatementSetOptions QUOTED_IDENTIFIER="true" ARITHABORT="false" CONCAT_NULL_YIELDS_NULL="true" ANSI_NULLS="true" ANSI_PADDING="true" ANSI_WARNINGS="true" NUMERIC_ROUNDABORT="false" />
          <QueryPlan CachedPlanSize="168" CompileTime="130" CompileCPU="130" CompileMemory="1496">
            <ThreadStat Branches="3" />
            <MemoryGrantInfo SerialRequiredMemory="3072" SerialDesiredMemory="27936" />
            <OptimizerHardwareDependentProperties EstimatedAvailableMemoryGrant="1668249" EstimatedPagesCached="5004748" EstimatedAvailableDegreeOfParallelism="4" MaxCompileMemory="501251768" />
            <TraceFlags IsCompileTime="1">
              <TraceFlag Value="1117" Scope="Global" />
              <TraceFlag Value="2371" Scope="Global" />
              <TraceFlag Value="3226" Scope="Global" />
            </TraceFlags>
            <RelOp NodeId="1" PhysicalOp="Sequence" LogicalOp="Sequence" EstimateRows="81374.3" EstimateIO="0" EstimateCPU="0.239144" AvgRowSize="9" EstimatedTotalSubtreeCost="305.78" Parallel="0" EstimateRebinds="0" EstimateRewinds="0" EstimatedExecutionMode="Row">
              <OutputList />
              <Sequence>
                <RelOp NodeId="2" PhysicalOp="Index Update" LogicalOp="Update" EstimateRows="78884.6" EstimateIO="5.21027" EstimateCPU="0.0788846" AvgRowSize="9" EstimatedTotalSubtreeCost="93.616" Parallel="0" EstimateRebinds="0" EstimateRewinds="0" EstimatedExecutionMode="Row">
                  <OutputList />
                  <Update WithOrderedPrefetch="1" DMLRequestSort="0">
                    <Object Database="[UniTrac]" Schema="[dbo]" Table="[COLLATERAL]" Index="[IDX_COLLATERAL_LOAN_ID_PURGE_DT]" IndexKind="NonClustered" Storage="RowStore" />
                    <SetPredicate>
                      <ScalarOperator ScalarString="[ID1021] = [UniTrac].[dbo].[COLLATERAL].[ID],[LOAN_ID1022] = [UniTrac].[dbo].[COLLATERAL].[LOAN_ID],[PROPERTY_ID1023] = [UniTrac].[dbo].[COLLATERAL].[PROPERTY_ID],[PRIMARY_LOAN_IN1024] = [UniTrac].[dbo].[COLLATERAL].[PRIMARY_LOAN_IN],[STATUS_CD1025] = [UniTrac].[dbo].[COLLATERAL].[STATUS_CD],[LOAN_BALANCE_NO1026] = [UniTrac].[dbo].[COLLATERAL].[LOAN_BALANCE_NO],[COLLATERAL_CODE_ID1027] = [UniTrac].[dbo].[COLLATERAL].[COLLATERAL_CODE_ID],[LENDER_COLLATERAL_CODE_TX1028] = [UniTrac].[dbo].[COLLATERAL].[LENDER_COLLATERAL_CODE_TX],[EXTRACT_UNMATCH_COUNT_NO1029] = [UniTrac].[dbo].[COLLATERAL].[EXTRACT_UNMATCH_COUNT_NO],[PURGE_DT1030] = [UniTrac].[dbo].[COLLATERAL].[PURGE_DT]">
                        <ScalarExpressionList>
                          <ScalarOperator>
                            <MultipleAssign>
                              <Assign>
                                <ColumnReference Column="ID1021" />
                                <ScalarOperator>
                                  <Identifier>
                                    <ColumnReference Database="[UniTrac]" Schema="[dbo]" Table="[COLLATERAL]" Column="ID" />
                                  </Identifier>
                                </ScalarOperator>
                              </Assign>
                              <Assign>
                                <ColumnReference Column="LOAN_ID1022" />
                                <ScalarOperator>
                                  <Identifier>
                                    <ColumnReference Database="[UniTrac]" Schema="[dbo]" Table="[COLLATERAL]" Column="LOAN_ID" />
                                  </Identifier>
                                </ScalarOperator>
                              </Assign>
                              <Assign>
                                <ColumnReference Column="PROPERTY_ID1023" />
                                <ScalarOperator>
                                  <Identifier>
                                    <ColumnReference Database="[UniTrac]" Schema="[dbo]" Table="[COLLATERAL]" Column="PROPERTY_ID" />
                                  </Identifier>
                                </ScalarOperator>
                              </Assign>
                              <Assign>
                                <ColumnReference Column="PRIMARY_LOAN_IN1024" />
                                <ScalarOperator>
                                  <Identifier>
                                    <ColumnReference Database="[UniTrac]" Schema="[dbo]" Table="[COLLATERAL]" Column="PRIMARY_LOAN_IN" />
                                  </Identifier>
                                </ScalarOperator>
                              </Assign>
                              <Assign>
                                <ColumnReference Column="STATUS_CD1025" />
                                <ScalarOperator>
                                  <Identifier>
                                    <ColumnReference Database="[UniTrac]" Schema="[dbo]" Table="[COLLATERAL]" Column="STATUS_CD" />
                                  </Identifier>
                                </ScalarOperator>
                              </Assign>
                              <Assign>
                                <ColumnReference Column="LOAN_BALANCE_NO1026" />
                                <ScalarOperator>
                                  <Identifier>
                                    <ColumnReference Database="[UniTrac]" Schema="[dbo]" Table="[COLLATERAL]" Column="LOAN_BALANCE_NO" />
                                  </Identifier>
                                </ScalarOperator>
                              </Assign>
                              <Assign>
                                <ColumnReference Column="COLLATERAL_CODE_ID1027" />
                                <ScalarOperator>
                                  <Identifier>
                                    <ColumnReference Database="[UniTrac]" Schema="[dbo]" Table="[COLLATERAL]" Column="COLLATERAL_CODE_ID" />
                                  </Identifier>
                                </ScalarOperator>
                              </Assign>
                              <Assign>
                                <ColumnReference Column="LENDER_COLLATERAL_CODE_TX1028" />
                                <ScalarOperator>
                                  <Identifier>
                                    <ColumnReference Database="[UniTrac]" Schema="[dbo]" Table="[COLLATERAL]" Column="LENDER_COLLATERAL_CODE_TX" />
                                  </Identifier>
                                </ScalarOperator>
                              </Assign>
                              <Assign>
                                <ColumnReference Column="EXTRACT_UNMATCH_COUNT_NO1029" />
                                <ScalarOperator>
                                  <Identifier>
                                    <ColumnReference Database="[UniTrac]" Schema="[dbo]" Table="[COLLATERAL]" Column="EXTRACT_UNMATCH_COUNT_NO" />
                                  </Identifier>
                                </ScalarOperator>
                              </Assign>
                              <Assign>
                                <ColumnReference Column="PURGE_DT1030" />
                                <ScalarOperator>
                                  <Identifier>
                                    <ColumnReference Database="[UniTrac]" Schema="[dbo]" Table="[COLLATERAL]" Column="PURGE_DT" />
                                  </Identifier>
                                </ScalarOperator>
                              </Assign>
                            </MultipleAssign>
                          </ScalarOperator>
                        </ScalarExpressionList>
                      </ScalarOperator>
                    </SetPredicate>
                    <ActionColumn>
                      <ColumnReference Column="Act1020" />
                    </ActionColumn>
                    <RelOp NodeId="4" PhysicalOp="Filter" LogicalOp="Filter" EstimateRows="78884.6" EstimateIO="0" EstimateCPU="0.030923" AvgRowSize="83" EstimatedTotalSubtreeCost="88.3269" Parallel="0" EstimateRebinds="0" EstimateRewinds="0" EstimatedExecutionMode="Row">
                      <OutputList>
                        <ColumnReference Database="[UniTrac]" Schema="[dbo]" Table="[COLLATERAL]" Column="ID" />
                        <ColumnReference Database="[UniTrac]" Schema="[dbo]" Table="[COLLATERAL]" Column="LOAN_ID" />
                        <ColumnReference Database="[UniTrac]" Schema="[dbo]" Table="[COLLATERAL]" Column="PROPERTY_ID" />
                        <ColumnReference Database="[UniTrac]" Schema="[dbo]" Table="[COLLATERAL]" Column="PRIMARY_LOAN_IN" />
                        <ColumnReference Database="[UniTrac]" Schema="[dbo]" Table="[COLLATERAL]" Column="STATUS_CD" />
                        <ColumnReference Database="[UniTrac]" Schema="[dbo]" Table="[COLLATERAL]" Column="LOAN_BALANCE_NO" />
                        <ColumnReference Database="[UniTrac]" Schema="[dbo]" Table="[COLLATERAL]" Column="COLLATERAL_CODE_ID" />
                        <ColumnReference Database="[UniTrac]" Schema="[dbo]" Table="[COLLATERAL]" Column="LENDER_COLLATERAL_CODE_TX" />
                        <ColumnReference Database="[UniTrac]" Schema="[dbo]" Table="[COLLATERAL]" Column="EXTRACT_UNMATCH_COUNT_NO" />
                        <ColumnReference Database="[UniTrac]" Schema="[dbo]" Table="[COLLATERAL]" Column="PURGE_DT" />
                        <ColumnReference Column="Act1020" />
                      </OutputList>
                      <Filter StartupExpression="0">
                        <RelOp NodeId="5" PhysicalOp="Table Spool" LogicalOp="Eager Spool" EstimateRows="81376.3" EstimateIO="0.00437549" EstimateCPU="0.00979999" AvgRowSize="92" EstimatedTotalSubtreeCost="88.296" Parallel="0" EstimateRebinds="0" EstimateRewinds="0" EstimatedExecutionMode="Row">
                          <OutputList>
                            <ColumnReference Database="[UniTrac]" Schema="[dbo]" Table="[COLLATERAL]" Column="ID" />
                            <ColumnReference Database="[UniTrac]" Schema="[dbo]" Table="[COLLATERAL]" Column="LOAN_ID" />
                            <ColumnReference Database="[UniTrac]" Schema="[dbo]" Table="[COLLATERAL]" Column="PROPERTY_ID" />
                            <ColumnReference Database="[UniTrac]" Schema="[dbo]" Table="[COLLATERAL]" Column="PRIMARY_LOAN_IN" />
                            <ColumnReference Database="[UniTrac]" Schema="[dbo]" Table="[COLLATERAL]" Column="STATUS_CD" />
                            <ColumnReference Database="[UniTrac]" Schema="[dbo]" Table="[COLLATERAL]" Column="LOAN_BALANCE_NO" />
                            <ColumnReference Database="[UniTrac]" Schema="[dbo]" Table="[COLLATERAL]" Column="COLLATERAL_CODE_ID" />
                            <ColumnReference Database="[UniTrac]" Schema="[dbo]" Table="[COLLATERAL]" Column="LENDER_COLLATERAL_CODE_TX" />
                            <ColumnReference Database="[UniTrac]" Schema="[dbo]" Table="[COLLATERAL]" Column="EXTRACT_UNMATCH_COUNT_NO" />
                            <ColumnReference Database="[UniTrac]" Schema="[dbo]" Table="[COLLATERAL]" Column="UPDATE_DT" />
                            <ColumnReference Database="[UniTrac]" Schema="[dbo]" Table="[COLLATERAL]" Column="PURGE_DT" />
                            <ColumnReference Column="Expr1017" />
                            <ColumnReference Column="Expr1018" />
                            <ColumnReference Column="Expr1019" />
                            <ColumnReference Column="Act1020" />
                          </OutputList>
                          <Spool>
                            <RelOp NodeId="6" PhysicalOp="Split" LogicalOp="Split" EstimateRows="81376.3" EstimateIO="0" EstimateCPU="0.0610323" AvgRowSize="92" EstimatedTotalSubtreeCost="264.816" Parallel="0" EstimateRebinds="0" EstimateRewinds="0" EstimatedExecutionMode="Row">
                              <OutputList>
                                <ColumnReference Database="[UniTrac]" Schema="[dbo]" Table="[COLLATERAL]" Column="ID" />
                                <ColumnReference Database="[UniTrac]" Schema="[dbo]" Table="[COLLATERAL]" Column="LOAN_ID" />
                                <ColumnReference Database="[UniTrac]" Schema="[dbo]" Table="[COLLATERAL]" Column="PROPERTY_ID" />
                                <ColumnReference Database="[UniTrac]" Schema="[dbo]" Table="[COLLATERAL]" Column="PRIMARY_LOAN_IN" />
                                <ColumnReference Database="[UniTrac]" Schema="[dbo]" Table="[COLLATERAL]" Column="STATUS_CD" />
                                <ColumnReference Database="[UniTrac]" Schema="[dbo]" Table="[COLLATERAL]" Column="LOAN_BALANCE_NO" />
                                <ColumnReference Database="[UniTrac]" Schema="[dbo]" Table="[COLLATERAL]" Column="COLLATERAL_CODE_ID" />
                                <ColumnReference Database="[UniTrac]" Schema="[dbo]" Table="[COLLATERAL]" Column="LENDER_COLLATERAL_CODE_TX" />
                                <ColumnReference Database="[UniTrac]" Schema="[dbo]" Table="[COLLATERAL]" Column="EXTRACT_UNMATCH_COUNT_NO" />
                                <ColumnReference Database="[UniTrac]" Schema="[dbo]" Table="[COLLATERAL]" Column="UPDATE_DT" />
                                <ColumnReference Database="[UniTrac]" Schema="[dbo]" Table="[COLLATERAL]" Column="PURGE_DT" />
                                <ColumnReference Column="Expr1017" />
                                <ColumnReference Column="Expr1018" />
                                <ColumnReference Column="Expr1019" />
                                <ColumnReference Column="Act1020" />
                              </OutputList>
                              <Split>
                                <DefinedValues>
                                  <DefinedValue>
                                    <ColumnReference Column="Act1020" />
                                  </DefinedValue>
                                </DefinedValues>
                                <ActionColumn>
                                  <ColumnReference Column="Act1020" />
                                </ActionColumn>
                                <RelOp NodeId="7" PhysicalOp="Clustered Index Update" LogicalOp="Update" EstimateRows="40688.2" EstimateIO="4.99287" EstimateCPU="0.0406882" AvgRowSize="96" EstimatedTotalSubtreeCost="264.755" Parallel="0" EstimateRebinds="0" EstimateRewinds="0" EstimatedExecutionMode="Row">
                                  <OutputList>
                                    <ColumnReference Database="[UniTrac]" Schema="[dbo]" Table="[COLLATERAL]" Column="ID" />
                                    <ColumnReference Database="[UniTrac]" Schema="[dbo]" Table="[COLLATERAL]" Column="LOAN_ID" />
                                    <ColumnReference Database="[UniTrac]" Schema="[dbo]" Table="[COLLATERAL]" Column="PROPERTY_ID" />
                                    <ColumnReference Database="[UniTrac]" Schema="[dbo]" Table="[COLLATERAL]" Column="PRIMARY_LOAN_IN" />
                                    <ColumnReference Database="[UniTrac]" Schema="[dbo]" Table="[COLLATERAL]" Column="STATUS_CD" />
                                    <ColumnReference Database="[UniTrac]" Schema="[dbo]" Table="[COLLATERAL]" Column="LOAN_BALANCE_NO" />
                                    <ColumnReference Database="[UniTrac]" Schema="[dbo]" Table="[COLLATERAL]" Column="COLLATERAL_CODE_ID" />
                                    <ColumnReference Database="[UniTrac]" Schema="[dbo]" Table="[COLLATERAL]" Column="LENDER_COLLATERAL_CODE_TX" />
                                    <ColumnReference Database="[UniTrac]" Schema="[dbo]" Table="[COLLATERAL]" Column="EXTRACT_UNMATCH_COUNT_NO" />
                                    <ColumnReference Database="[UniTrac]" Schema="[dbo]" Table="[COLLATERAL]" Column="UPDATE_DT" />
                                    <ColumnReference Database="[UniTrac]" Schema="[dbo]" Table="[COLLATERAL]" Column="PURGE_DT" />
                                    <ColumnReference Column="UPDATE_DT_OLD" />
                                    <ColumnReference Column="Expr1017" />
                                    <ColumnReference Column="Expr1018" />
                                    <ColumnReference Column="Expr1019" />
                                  </OutputList>
                                  <Update DMLRequestSort="0">
                                    <Object Database="[UniTrac]" Schema="[dbo]" Table="[COLLATERAL]" Index="[PK_COLLATERAL]" IndexKind="Clustered" Storage="RowStore" />
                                    <SetPredicate>
                                      <ScalarOperator ScalarString="[UniTrac].[dbo].[COLLATERAL].[PRIMARY_LOAN_IN] = [Expr1008],[UniTrac].[dbo].[COLLATERAL].[UPDATE_USER_TX] = [Expr1009],[UniTrac].[dbo].[COLLATERAL].[UPDATE_DT] = RaiseIfNullUpdate([Expr1010])">
                                        <ScalarExpressionList>
                                          <ScalarOperator>
                                            <MultipleAssign>
                                              <Assign>
                                                <ColumnReference Database="[UniTrac]" Schema="[dbo]" Table="[COLLATERAL]" Column="PRIMARY_LOAN_IN" />
                                                <ScalarOperator>
                                                  <Identifier>
                                                    <ColumnReference Column="Expr1008" />
                                                  </Identifier>
                                                </ScalarOperator>
                                              </Assign>
                                              <Assign>
                                                <ColumnReference Database="[UniTrac]" Schema="[dbo]" Table="[COLLATERAL]" Column="UPDATE_USER_TX" />
                                                <ScalarOperator>
                                                  <Identifier>
                                                    <ColumnReference Column="Expr1009" />
                                                  </Identifier>
                                                </ScalarOperator>
                                              </Assign>
                                              <Assign>
                                                <ColumnReference Database="[UniTrac]" Schema="[dbo]" Table="[COLLATERAL]" Column="UPDATE_DT" />
                                                <ScalarOperator>
                                                  <Intrinsic FunctionName="RaiseIfNullUpdate">
                                                    <ScalarOperator>
                                                      <Identifier>
                                                        <ColumnReference Column="Expr1010" />
                                                      </Identifier>
                                                    </ScalarOperator>
                                                  </Intrinsic>
                                                </ScalarOperator>
                                              </Assign>
                                            </MultipleAssign>
                                          </ScalarOperator>
                                        </ScalarExpressionList>
                                      </ScalarOperator>
                                    </SetPredicate>
                                    <RelOp NodeId="8" PhysicalOp="Compute Scalar" LogicalOp="Compute Scalar" EstimateRows="40688.2" EstimateIO="0" EstimateCPU="0.00406882" AvgRowSize="44" EstimatedTotalSubtreeCost="259.721" Parallel="0" EstimateRebinds="0" EstimateRewinds="0" EstimatedExecutionMode="Row">
                                      <OutputList>
                                        <ColumnReference Database="[UniTrac]" Schema="[dbo]" Table="[COLLATERAL]" Column="ID" />
                                        <ColumnReference Column="Expr1008" />
                                        <ColumnReference Column="Expr1009" />
                                        <ColumnReference Column="Expr1010" />
                                        <ColumnReference Column="Expr1017" />
                                        <ColumnReference Column="Expr1018" />
                                        <ColumnReference Column="Expr1019" />
                                      </OutputList>
                                      <ComputeScalar>
                                        <DefinedValues>
                                          <DefinedValue>
                                            <ColumnReference Column="Expr1017" />
                                            <ScalarOperator ScalarString="[Expr1017]">
                                              <Identifier>
                                                <ColumnReference Column="Expr1017" />
                                              </Identifier>
                                            </ScalarOperator>
                                          </DefinedValue>
                                          <DefinedValue>
                                            <ColumnReference Column="Expr1018" />
                                            <ScalarOperator ScalarString="[Expr1018]">
                                              <Identifier>
                                                <ColumnReference Column="Expr1018" />
                                              </Identifier>
                                            </ScalarOperator>
                                          </DefinedValue>
                                          <DefinedValue>
                                            <ColumnReference Column="Expr1019" />
                                            <ScalarOperator ScalarString="[Expr1019]">
                                              <Identifier>
                                                <ColumnReference Column="Expr1019" />
                                              </Identifier>
                                            </ScalarOperator>
                                          </DefinedValue>
                                        </DefinedValues>
                                        <RelOp NodeId="9" PhysicalOp="Compute Scalar" LogicalOp="Compute Scalar" EstimateRows="40688.2" EstimateIO="0" EstimateCPU="0.00406882" AvgRowSize="44" EstimatedTotalSubtreeCost="259.721" Parallel="0" EstimateRebinds="0" EstimateRewinds="0" EstimatedExecutionMode="Row">
                                          <OutputList>
                                            <ColumnReference Database="[UniTrac]" Schema="[dbo]" Table="[COLLATERAL]" Column="ID" />
                                            <ColumnReference Column="Expr1008" />
                                            <ColumnReference Column="Expr1009" />
                                            <ColumnReference Column="Expr1010" />
                                            <ColumnReference Column="Expr1017" />
                                            <ColumnReference Column="Expr1018" />
                                            <ColumnReference Column="Expr1019" />
                                          </OutputList>
                                          <ComputeScalar>
                                            <DefinedValues>
                                              <DefinedValue>
                                                <ColumnReference Column="Expr1017" />
                                                <ScalarOperator ScalarString="CASE WHEN [Expr1013] THEN (1) ELSE (0) END">
                                                  <IF>
                                                    <Condition>
                                                      <ScalarOperator>
                                                        <Identifier>
                                                          <ColumnReference Column="Expr1013" />
                                                        </Identifier>
                                                      </ScalarOperator>
                                                    </Condition>
                                                    <Then>
                                                      <ScalarOperator>
                                                        <Const ConstValue="(1)" />
                                                      </ScalarOperator>
                                                    </Then>
                                                    <Else>
                                                      <ScalarOperator>
                                                        <Const ConstValue="(0)" />
                                                      </ScalarOperator>
                                                    </Else>
                                                  </IF>
                                                </ScalarOperator>
                                              </DefinedValue>
                                              <DefinedValue>
                                                <ColumnReference Column="Expr1018" />
                                                <ScalarOperator ScalarString="CASE WHEN [Expr1013] THEN (1) ELSE (0) END">
                                                  <IF>
                                                    <Condition>
                                                      <ScalarOperator>
                                                        <Identifier>
                                                          <ColumnReference Column="Expr1013" />
                                                        </Identifier>
                                                      </ScalarOperator>
                                                    </Condition>
                                                    <Then>
                                                      <ScalarOperator>
                                                        <Const ConstValue="(1)" />
                                                      </ScalarOperator>
                                                    </Then>
                                                    <Else>
                                                      <ScalarOperator>
                                                        <Const ConstValue="(0)" />
                                                      </ScalarOperator>
                                                    </Else>
                                                  </IF>
                                                </ScalarOperator>
                                              </DefinedValue>
                                              <DefinedValue>
                                                <ColumnReference Column="Expr1019" />
                                                <ScalarOperator ScalarString="CASE WHEN [Expr1015] THEN (1) ELSE (0) END">
                                                  <IF>
                                                    <Condition>
                                                      <ScalarOperator>
                                                        <Identifier>
                                                          <ColumnReference Column="Expr1015" />
                                                        </Identifier>
                                                      </ScalarOperator>
                                                    </Condition>
                                                    <Then>
                                                      <ScalarOperator>
                                                        <Const ConstValue="(1)" />
                                                      </ScalarOperator>
                                                    </Then>
                                                    <Else>
                                                      <ScalarOperator>
                                                        <Const ConstValue="(0)" />
                                                      </ScalarOperator>
                                                    </Else>
                                                  </IF>
                                                </ScalarOperator>
                                              </DefinedValue>
                                            </DefinedValues>
                                            <RelOp NodeId="10" PhysicalOp="Compute Scalar" LogicalOp="Compute Scalar" EstimateRows="40688.2" EstimateIO="0" EstimateCPU="0.00406882" AvgRowSize="44" EstimatedTotalSubtreeCost="259.717" Parallel="0" EstimateRebinds="0" EstimateRewinds="0" EstimatedExecutionMode="Row">
                                              <OutputList>
                                                <ColumnReference Database="[UniTrac]" Schema="[dbo]" Table="[COLLATERAL]" Column="ID" />
                                                <ColumnReference Column="Expr1008" />
                                                <ColumnReference Column="Expr1009" />
                                                <ColumnReference Column="Expr1010" />
                                                <ColumnReference Column="Expr1013" />
                                                <ColumnReference Column="Expr1015" />
                                              </OutputList>
                                              <ComputeScalar>
                                                <DefinedValues>
                                                  <DefinedValue>
                                                    <ColumnReference Column="Expr1008" />
                                                    <ScalarOperator ScalarString="'N'">
                                                      <Const ConstValue="'N'" />
                                                    </ScalarOperator>
                                                  </DefinedValue>
                                                  <DefinedValue>
                                                    <ColumnReference Column="Expr1009" />
                                                    <ScalarOperator ScalarString="N'LFPPosting'">
                                                      <Const ConstValue="N'LFPPosting'" />
                                                    </ScalarOperator>
                                                  </DefinedValue>
                                                  <DefinedValue>
                                                    <ColumnReference Column="Expr1010" />
                                                    <ScalarOperator ScalarString="getdate()">
                                                      <Identifier>
                                                        <ColumnReference Column="ConstExpr1016">
                                                          <ScalarOperator>
                                                            <Intrinsic FunctionName="getdate" />
                                                          </ScalarOperator>
                                                        </ColumnReference>
                                                      </Identifier>
                                                    </ScalarOperator>
                                                  </DefinedValue>
                                                  <DefinedValue>
                                                    <ColumnReference Column="Expr1015" />
                                                    <ScalarOperator ScalarString="CASE WHEN [UniTrac].[dbo].[COLLATERAL].[UPDATE_DT] = getdate() THEN (1) ELSE (0) END">
                                                      <IF>
                                                        <Condition>
                                                          <ScalarOperator>
                                                            <Compare CompareOp="BINARY IS">
                                                              <ScalarOperator>
                                                                <Identifier>
                                                                  <ColumnReference Database="[UniTrac]" Schema="[dbo]" Table="[COLLATERAL]" Column="UPDATE_DT" />
                                                                </Identifier>
                                                              </ScalarOperator>
                                                              <ScalarOperator>
                                                                <Identifier>
                                                                  <ColumnReference Column="ConstExpr1016">
                                                                    <ScalarOperator>
                                                                      <Intrinsic FunctionName="getdate" />
                                                                    </ScalarOperator>
                                                                  </ColumnReference>
                                                                </Identifier>
                                                              </ScalarOperator>
                                                            </Compare>
                                                          </ScalarOperator>
                                                        </Condition>
                                                        <Then>
                                                          <ScalarOperator>
                                                            <Const ConstValue="(1)" />
                                                          </ScalarOperator>
                                                        </Then>
                                                        <Else>
                                                          <ScalarOperator>
                                                            <Const ConstValue="(0)" />
                                                          </ScalarOperator>
                                                        </Else>
                                                      </IF>
                                                    </ScalarOperator>
                                                  </DefinedValue>
                                                </DefinedValues>
                                                <RelOp NodeId="11" PhysicalOp="Parallelism" LogicalOp="Gather Streams" EstimateRows="40688.2" EstimateIO="0" EstimateCPU="0.0665078" AvgRowSize="24" EstimatedTotalSubtreeCost="259.713" Parallel="1" EstimateRebinds="0" EstimateRewinds="0" EstimatedExecutionMode="Row">
                                                  <OutputList>
                                                    <ColumnReference Database="[UniTrac]" Schema="[dbo]" Table="[COLLATERAL]" Column="ID" />
                                                    <ColumnReference Database="[UniTrac]" Schema="[dbo]" Table="[COLLATERAL]" Column="UPDATE_DT" />
                                                    <ColumnReference Column="Expr1013" />
                                                  </OutputList>
                                                  <Parallelism>
                                                    <RelOp NodeId="12" PhysicalOp="Hash Match" LogicalOp="Right Anti Semi Join" EstimateRows="40688.2" EstimateIO="0" EstimateCPU="0.293491" AvgRowSize="24" EstimatedTotalSubtreeCost="259.647" Parallel="1" EstimateRebinds="0" EstimateRewinds="0" EstimatedExecutionMode="Row">
                                                      <OutputList>
                                                        <ColumnReference Database="[UniTrac]" Schema="[dbo]" Table="[COLLATERAL]" Column="ID" />
                                                        <ColumnReference Database="[UniTrac]" Schema="[dbo]" Table="[COLLATERAL]" Column="UPDATE_DT" />
                                                        <ColumnReference Column="Expr1013" />
                                                      </OutputList>
                                                      <MemoryFractions Input="0.445302" Output="0.445302" />
                                                      <Hash>
                                                        <DefinedValues />
                                                        <HashKeysBuild>
                                                          <ColumnReference Table="[#COLLATERAL_ID_BY_RANK]" Column="COLLATERAL_ID" />
                                                        </HashKeysBuild>
                                                        <HashKeysProbe>
                                                          <ColumnReference Database="[UniTrac]" Schema="[dbo]" Table="[COLLATERAL]" Column="ID" />
                                                        </HashKeysProbe>
                                                        <ProbeResidual>
                                                          <ScalarOperator ScalarString="[UniTrac].[dbo].[COLLATERAL].[ID]=[#COLLATERAL_ID_BY_RANK].[COLLATERAL_ID]">
                                                            <Compare CompareOp="EQ">
                                                              <ScalarOperator>
                                                                <Identifier>
                                                                  <ColumnReference Database="[UniTrac]" Schema="[dbo]" Table="[COLLATERAL]" Column="ID" />
                                                                </Identifier>
                                                              </ScalarOperator>
                                                              <ScalarOperator>
                                                                <Identifier>
                                                                  <ColumnReference Table="[#COLLATERAL_ID_BY_RANK]" Column="COLLATERAL_ID" />
                                                                </Identifier>
                                                              </ScalarOperator>
                                                            </Compare>
                                                          </ScalarOperator>
                                                        </ProbeResidual>
                                                        <RelOp NodeId="13" PhysicalOp="Parallelism" LogicalOp="Repartition Streams" EstimateRows="39654" EstimateIO="0" EstimateCPU="0.0569542" AvgRowSize="15" EstimatedTotalSubtreeCost="0.391527" Parallel="1" EstimateRebinds="0" EstimateRewinds="0" EstimatedExecutionMode="Row">
                                                          <OutputList>
                                                            <ColumnReference Table="[#COLLATERAL_ID_BY_RANK]" Column="COLLATERAL_ID" />
                                                          </OutputList>
                                                          <Parallelism PartitioningType="Hash">
                                                            <PartitionColumns>
                                                              <ColumnReference Table="[#COLLATERAL_ID_BY_RANK]" Column="COLLATERAL_ID" />
                                                            </PartitionColumns>
                                                            <RelOp NodeId="14" PhysicalOp="Table Scan" LogicalOp="Table Scan" EstimateRows="39654" EstimateIO="0.296537" EstimateCPU="0.0264867" AvgRowSize="23" EstimatedTotalSubtreeCost="0.323024" TableCardinality="96244" Parallel="1" EstimateRebinds="0" EstimateRewinds="0" EstimatedExecutionMode="Row">
                                                              <OutputList>
                                                                <ColumnReference Table="[#COLLATERAL_ID_BY_RANK]" Column="COLLATERAL_ID" />
                                                              </OutputList>
                                                              <TableScan Ordered="0" ForcedIndex="0" ForceScan="0" NoExpandHint="0" Storage="RowStore">
                                                                <DefinedValues>
                                                                  <DefinedValue>
                                                                    <ColumnReference Table="[#COLLATERAL_ID_BY_RANK]" Column="COLLATERAL_ID" />
                                                                  </DefinedValue>
                                                                </DefinedValues>
                                                                <Object Database="[tempdb]" Schema="[dbo]" Table="[#COLLATERAL_ID_BY_RANK]" Storage="RowStore" />
                                                                <Predicate>
                                                                  <ScalarOperator ScalarString="[#COLLATERAL_ID_BY_RANK].[RANK]=(1)">
                                                                    <Compare CompareOp="EQ">
                                                                      <ScalarOperator>
                                                                        <Identifier>
                                                                          <ColumnReference Table="[#COLLATERAL_ID_BY_RANK]" Column="RANK" />
                                                                        </Identifier>
                                                                      </ScalarOperator>
                                                                      <ScalarOperator>
                                                                        <Const ConstValue="(1)" />
                                                                      </ScalarOperator>
                                                                    </Compare>
                                                                  </ScalarOperator>
                                                                </Predicate>
                                                              </TableScan>
                                                            </RelOp>
                                                          </Parallelism>
                                                        </RelOp>
                                                        <RelOp NodeId="16" PhysicalOp="Compute Scalar" LogicalOp="Compute Scalar" EstimateRows="40705.8" EstimateIO="0" EstimateCPU="0.00101765" AvgRowSize="24" EstimatedTotalSubtreeCost="258.962" Parallel="1" EstimateRebinds="0" EstimateRewinds="0" EstimatedExecutionMode="Row">
                                                          <OutputList>
                                                            <ColumnReference Database="[UniTrac]" Schema="[dbo]" Table="[COLLATERAL]" Column="ID" />
                                                            <ColumnReference Database="[UniTrac]" Schema="[dbo]" Table="[COLLATERAL]" Column="UPDATE_DT" />
                                                            <ColumnReference Column="Expr1013" />
                                                          </OutputList>
                                                          <ComputeScalar>
                                                            <DefinedValues>
                                                              <DefinedValue>
                                                                <ColumnReference Column="Expr1013" />
                                                                <ScalarOperator ScalarString="CASE WHEN [UniTrac].[dbo].[COLLATERAL].[PRIMARY_LOAN_IN] = 'N' THEN (1) ELSE (0) END">
                                                                  <IF>
                                                                    <Condition>
                                                                      <ScalarOperator>
                                                                        <Compare CompareOp="BINARY IS">
                                                                          <ScalarOperator>
                                                                            <Identifier>
                                                                              <ColumnReference Database="[UniTrac]" Schema="[dbo]" Table="[COLLATERAL]" Column="PRIMARY_LOAN_IN" />
                                                                            </Identifier>
                                                                          </ScalarOperator>
                                                                          <ScalarOperator>
                                                                            <Const ConstValue="'N'" />
                                                                          </ScalarOperator>
                                                                        </Compare>
                                                                      </ScalarOperator>
                                                                    </Condition>
                                                                    <Then>
                                                                      <ScalarOperator>
                                                                        <Const ConstValue="(1)" />
                                                                      </ScalarOperator>
                                                                    </Then>
                                                                    <Else>
                                                                      <ScalarOperator>
                                                                        <Const ConstValue="(0)" />
                                                                      </ScalarOperator>
                                                                    </Else>
                                                                  </IF>
                                                                </ScalarOperator>
                                                              </DefinedValue>
                                                            </DefinedValues>
                                                            <RelOp NodeId="17" PhysicalOp="Parallelism" LogicalOp="Repartition Streams" EstimateRows="40705.8" EstimateIO="0" EstimateCPU="0.073859" AvgRowSize="24" EstimatedTotalSubtreeCost="258.961" Parallel="1" EstimateRebinds="0" EstimateRewinds="0" EstimatedExecutionMode="Row">
                                                              <OutputList>
                                                                <ColumnReference Database="[UniTrac]" Schema="[dbo]" Table="[COLLATERAL]" Column="ID" />
                                                                <ColumnReference Database="[UniTrac]" Schema="[dbo]" Table="[COLLATERAL]" Column="PRIMARY_LOAN_IN" />
                                                                <ColumnReference Database="[UniTrac]" Schema="[dbo]" Table="[COLLATERAL]" Column="UPDATE_DT" />
                                                              </OutputList>
                                                              <Parallelism PartitioningType="Hash">
                                                                <PartitionColumns>
                                                                  <ColumnReference Database="[UniTrac]" Schema="[dbo]" Table="[COLLATERAL]" Column="ID" />
                                                                </PartitionColumns>
                                                                <RelOp NodeId="18" PhysicalOp="Nested Loops" LogicalOp="Inner Join" EstimateRows="40705.8" EstimateIO="0" EstimateCPU="0.0425376" AvgRowSize="24" EstimatedTotalSubtreeCost="258.887" Parallel="1" EstimateRebinds="0" EstimateRewinds="0" EstimatedExecutionMode="Row">
                                                                  <OutputList>
                                                                    <ColumnReference Database="[UniTrac]" Schema="[dbo]" Table="[COLLATERAL]" Column="ID" />
                                                                    <ColumnReference Database="[UniTrac]" Schema="[dbo]" Table="[COLLATERAL]" Column="PRIMARY_LOAN_IN" />
                                                                    <ColumnReference Database="[UniTrac]" Schema="[dbo]" Table="[COLLATERAL]" Column="UPDATE_DT" />
                                                                  </OutputList>
                                                                  <MemoryFractions Input="0" Output="0.18018" />
                                                                  <NestedLoops Optimized="1" WithUnorderedPrefetch="1">
                                                                    <OuterReferences>
                                                                      <ColumnReference Database="[UniTrac]" Schema="[dbo]" Table="[COLLATERAL]" Column="ID" />
                                                                      <ColumnReference Column="Expr1041" />
                                                                    </OuterReferences>
                                                                    <RelOp NodeId="21" PhysicalOp="Nested Loops" LogicalOp="Inner Join" EstimateRows="40705.8" EstimateIO="0" EstimateCPU="0.0425376" AvgRowSize="16" EstimatedTotalSubtreeCost="126.752" Parallel="1" EstimateRebinds="0" EstimateRewinds="0" EstimatedExecutionMode="Row">
                                                                      <OutputList>
                                                                        <ColumnReference Database="[UniTrac]" Schema="[dbo]" Table="[COLLATERAL]" Column="ID" />
                                                                        <ColumnReference Database="[UniTrac]" Schema="[dbo]" Table="[COLLATERAL]" Column="PRIMARY_LOAN_IN" />
                                                                      </OutputList>
                                                                      <MemoryFractions Input="0" Output="0.172458" />
                                                                      <NestedLoops Optimized="1" WithUnorderedPrefetch="1">
                                                                        <OuterReferences>
                                                                          <ColumnReference Table="[#PROPERTY_ID_TMP]" Column="PROPERTY_ID" />
                                                                          <ColumnReference Column="Expr1040" />
                                                                        </OuterReferences>
                                                                        <RelOp NodeId="24" PhysicalOp="Hash Match" LogicalOp="Aggregate" EstimateRows="39654" EstimateIO="0" EstimateCPU="0.29064" AvgRowSize="15" EstimatedTotalSubtreeCost="0.43876" Parallel="1" EstimateRebinds="0" EstimateRewinds="0" EstimatedExecutionMode="Row">
                                                                          <OutputList>
                                                                            <ColumnReference Table="[#PROPERTY_ID_TMP]" Column="PROPERTY_ID" />
                                                                          </OutputList>
                                                                          <MemoryFractions Input="0.554698" Output="0.202059" />
                                                                          <Hash>
                                                                            <DefinedValues />
                                                                            <HashKeysBuild>
                                                                              <ColumnReference Table="[#PROPERTY_ID_TMP]" Column="PROPERTY_ID" />
                                                                            </HashKeysBuild>
                                                                            <BuildResidual>
                                                                              <ScalarOperator ScalarString="[#PROPERTY_ID_TMP].[PROPERTY_ID] = [#PROPERTY_ID_TMP].[PROPERTY_ID]">
                                                                                <Compare CompareOp="IS">
                                                                                  <ScalarOperator>
                                                                                    <Identifier>
                                                                                      <ColumnReference Table="[#PROPERTY_ID_TMP]" Column="PROPERTY_ID" />
                                                                                    </Identifier>
                                                                                  </ScalarOperator>
                                                                                  <ScalarOperator>
                                                                                    <Identifier>
                                                                                      <ColumnReference Table="[#PROPERTY_ID_TMP]" Column="PROPERTY_ID" />
                                                                                    </Identifier>
                                                                                  </ScalarOperator>
                                                                                </Compare>
                                                                              </ScalarOperator>
                                                                            </BuildResidual>
                                                                            <RelOp NodeId="25" PhysicalOp="Parallelism" LogicalOp="Repartition Streams" EstimateRows="39654" EstimateIO="0" EstimateCPU="0.0569542" AvgRowSize="15" EstimatedTotalSubtreeCost="0.148119" Parallel="1" EstimateRebinds="0" EstimateRewinds="0" EstimatedExecutionMode="Row">
                                                                              <OutputList>
                                                                                <ColumnReference Table="[#PROPERTY_ID_TMP]" Column="PROPERTY_ID" />
                                                                              </OutputList>
                                                                              <Parallelism PartitioningType="Hash">
                                                                                <PartitionColumns>
                                                                                  <ColumnReference Table="[#PROPERTY_ID_TMP]" Column="PROPERTY_ID" />
                                                                                </PartitionColumns>
                                                                                <RelOp NodeId="26" PhysicalOp="Table Scan" LogicalOp="Table Scan" EstimateRows="39654" EstimateIO="0.0802405" EstimateCPU="0.0109245" AvgRowSize="15" EstimatedTotalSubtreeCost="0.091165" TableCardinality="39654" Parallel="1" EstimateRebinds="0" EstimateRewinds="0" EstimatedExecutionMode="Row">
                                                                                  <OutputList>
                                                                                    <ColumnReference Table="[#PROPERTY_ID_TMP]" Column="PROPERTY_ID" />
                                                                                  </OutputList>
                                                                                  <TableScan Ordered="0" ForcedIndex="0" ForceScan="0" NoExpandHint="0" Storage="RowStore">
                                                                                    <DefinedValues>
                                                                                      <DefinedValue>
                                                                                        <ColumnReference Table="[#PROPERTY_ID_TMP]" Column="PROPERTY_ID" />
                                                                                      </DefinedValue>
                                                                                    </DefinedValues>
                                                                                    <Object Database="[tempdb]" Schema="[dbo]" Table="[#PROPERTY_ID_TMP]" Storage="RowStore" />
                                                                                  </TableScan>
                                                                                </RelOp>
                                                                              </Parallelism>
                                                                            </RelOp>
                                                                          </Hash>
                                                                        </RelOp>
                                                                        <RelOp NodeId="28" PhysicalOp="Index Seek" LogicalOp="Index Seek" EstimateRows="1.02652" EstimateIO="0.003125" EstimateCPU="0.000158165" AvgRowSize="16" EstimatedTotalSubtreeCost="126.25" TableCardinality="9.15244e+007" Parallel="1" EstimateRebinds="39653" EstimateRewinds="0" EstimatedExecutionMode="Row">
                                                                          <OutputList>
                                                                            <ColumnReference Database="[UniTrac]" Schema="[dbo]" Table="[COLLATERAL]" Column="ID" />
                                                                            <ColumnReference Database="[UniTrac]" Schema="[dbo]" Table="[COLLATERAL]" Column="PRIMARY_LOAN_IN" />
                                                                          </OutputList>
                                                                          <IndexScan Ordered="1" ScanDirection="FORWARD" ForcedIndex="0" ForceSeek="0" ForceScan="0" NoExpandHint="0" Storage="RowStore">
                                                                            <DefinedValues>
                                                                              <DefinedValue>
                                                                                <ColumnReference Database="[UniTrac]" Schema="[dbo]" Table="[COLLATERAL]" Column="ID" />
                                                                              </DefinedValue>
                                                                              <DefinedValue>
                                                                                <ColumnReference Database="[UniTrac]" Schema="[dbo]" Table="[COLLATERAL]" Column="PRIMARY_LOAN_IN" />
                                                                              </DefinedValue>
                                                                            </DefinedValues>
                                                                            <Object Database="[UniTrac]" Schema="[dbo]" Table="[COLLATERAL]" Index="[IDX_COLLATERAL_PROPERTY_ID_PURGE_DT]" IndexKind="NonClustered" Storage="RowStore" />
                                                                            <SeekPredicates>
                                                                              <SeekPredicateNew>
                                                                                <SeekKeys>
                                                                                  <Prefix ScanType="EQ">
                                                                                    <RangeColumns>
                                                                                      <ColumnReference Database="[UniTrac]" Schema="[dbo]" Table="[COLLATERAL]" Column="PROPERTY_ID" />
                                                                                    </RangeColumns>
                                                                                    <RangeExpressions>
                                                                                      <ScalarOperator ScalarString="[#PROPERTY_ID_TMP].[PROPERTY_ID]">
                                                                                        <Identifier>
                                                                                          <ColumnReference Table="[#PROPERTY_ID_TMP]" Column="PROPERTY_ID" />
                                                                                        </Identifier>
                                                                                      </ScalarOperator>
                                                                                    </RangeExpressions>
                                                                                  </Prefix>
                                                                                </SeekKeys>
                                                                              </SeekPredicateNew>
                                                                            </SeekPredicates>
                                                                            <Predicate>
                                                                              <ScalarOperator ScalarString="[UniTrac].[dbo].[COLLATERAL].[PRIMARY_LOAN_IN]&lt;&gt;'N'">
                                                                                <Compare CompareOp="NE">
                                                                                  <ScalarOperator>
                                                                                    <Identifier>
                                                                                      <ColumnReference Database="[UniTrac]" Schema="[dbo]" Table="[COLLATERAL]" Column="PRIMARY_LOAN_IN" />
                                                                                    </Identifier>
                                                                                  </ScalarOperator>
                                                                                  <ScalarOperator>
                                                                                    <Const ConstValue="'N'" />
                                                                                  </ScalarOperator>
                                                                                </Compare>
                                                                              </ScalarOperator>
                                                                            </Predicate>
                                                                          </IndexScan>
                                                                        </RelOp>
                                                                      </NestedLoops>
                                                                    </RelOp>
                                                                    <RelOp NodeId="30" PhysicalOp="Clustered Index Seek" LogicalOp="Clustered Index Seek" EstimateRows="1" EstimateIO="0.003125" EstimateCPU="0.0001581" AvgRowSize="15" EstimatedTotalSubtreeCost="132.092" TableCardinality="9.15244e+007" Parallel="1" EstimateRebinds="40704.8" EstimateRewinds="0" EstimatedExecutionMode="Row">
                                                                      <OutputList>
                                                                        <ColumnReference Database="[UniTrac]" Schema="[dbo]" Table="[COLLATERAL]" Column="UPDATE_DT" />
                                                                      </OutputList>
                                                                      <IndexScan Lookup="1" Ordered="1" ScanDirection="FORWARD" ForcedIndex="0" ForceSeek="0" ForceScan="0" NoExpandHint="0" Storage="RowStore">
                                                                        <DefinedValues>
                                                                          <DefinedValue>
                                                                            <ColumnReference Database="[UniTrac]" Schema="[dbo]" Table="[COLLATERAL]" Column="UPDATE_DT" />
                                                                          </DefinedValue>
                                                                        </DefinedValues>
                                                                        <Object Database="[UniTrac]" Schema="[dbo]" Table="[COLLATERAL]" Index="[PK_COLLATERAL]" TableReferenceId="-1" IndexKind="Clustered" Storage="RowStore" />
                                                                        <SeekPredicates>
                                                                          <SeekPredicateNew>
                                                                            <SeekKeys>
                                                                              <Prefix ScanType="EQ">
                                                                                <RangeColumns>
                                                                                  <ColumnReference Database="[UniTrac]" Schema="[dbo]" Table="[COLLATERAL]" Column="ID" />
                                                                                </RangeColumns>
                                                                                <RangeExpressions>
                                                                                  <ScalarOperator ScalarString="[UniTrac].[dbo].[COLLATERAL].[ID]">
                                                                                    <Identifier>
                                                                                      <ColumnReference Database="[UniTrac]" Schema="[dbo]" Table="[COLLATERAL]" Column="ID" />
                                                                                    </Identifier>
                                                                                  </ScalarOperator>
                                                                                </RangeExpressions>
                                                                              </Prefix>
                                                                            </SeekKeys>
                                                                          </SeekPredicateNew>
                                                                        </SeekPredicates>
                                                                      </IndexScan>
                                                                    </RelOp>
                                                                  </NestedLoops>
                                                                </RelOp>
                                                              </Parallelism>
                                                            </RelOp>
                                                          </ComputeScalar>
                                                        </RelOp>
                                                      </Hash>
                                                    </RelOp>
                                                  </Parallelism>
                                                </RelOp>
                                              </ComputeScalar>
                                            </RelOp>
                                          </ComputeScalar>
                                        </RelOp>
                                      </ComputeScalar>
                                    </RelOp>
                                  </Update>
                                </RelOp>
                              </Split>
                            </RelOp>
                          </Spool>
                        </RelOp>
                        <Predicate>
                          <ScalarOperator ScalarString="NOT [Expr1017]">
                            <Logical Operation="NOT">
                              <ScalarOperator>
                                <Identifier>
                                  <ColumnReference Column="Expr1017" />
                                </Identifier>
                              </ScalarOperator>
                            </Logical>
                          </ScalarOperator>
                        </Predicate>
                      </Filter>
                    </RelOp>
                  </Update>
                </RelOp>
                <RelOp NodeId="63" PhysicalOp="Index Update" LogicalOp="Update" EstimateRows="78884.6" EstimateIO="5.88463" EstimateCPU="0.0788846" AvgRowSize="9" EstimatedTotalSubtreeCost="94.2904" Parallel="0" EstimateRebinds="0" EstimateRewinds="0" EstimatedExecutionMode="Row">
                  <OutputList />
                  <Update WithOrderedPrefetch="1" DMLRequestSort="0">
                    <Object Database="[UniTrac]" Schema="[dbo]" Table="[COLLATERAL]" Index="[IDX_COLLATERAL_PROPERTY_ID_PURGE_DT]" IndexKind="NonClustered" Storage="RowStore" />
                    <SetPredicate>
                      <ScalarOperator ScalarString="[ID1031] = [UniTrac].[dbo].[COLLATERAL].[ID],[LOAN_ID1032] = [UniTrac].[dbo].[COLLATERAL].[LOAN_ID],[PROPERTY_ID1033] = [UniTrac].[dbo].[COLLATERAL].[PROPERTY_ID],[PRIMARY_LOAN_IN1034] = [UniTrac].[dbo].[COLLATERAL].[PRIMARY_LOAN_IN],[STATUS_CD1035] = [UniTrac].[dbo].[COLLATERAL].[STATUS_CD],[COLLATERAL_CODE_ID1036] = [UniTrac].[dbo].[COLLATERAL].[COLLATERAL_CODE_ID],[PURGE_DT1037] = [UniTrac].[dbo].[COLLATERAL].[PURGE_DT]">
                        <ScalarExpressionList>
                          <ScalarOperator>
                            <MultipleAssign>
                              <Assign>
                                <ColumnReference Column="ID1031" />
                                <ScalarOperator>
                                  <Identifier>
                                    <ColumnReference Database="[UniTrac]" Schema="[dbo]" Table="[COLLATERAL]" Column="ID" />
                                  </Identifier>
                                </ScalarOperator>
                              </Assign>
                              <Assign>
                                <ColumnReference Column="LOAN_ID1032" />
                                <ScalarOperator>
                                  <Identifier>
                                    <ColumnReference Database="[UniTrac]" Schema="[dbo]" Table="[COLLATERAL]" Column="LOAN_ID" />
                                  </Identifier>
                                </ScalarOperator>
                              </Assign>
                              <Assign>
                                <ColumnReference Column="PROPERTY_ID1033" />
                                <ScalarOperator>
                                  <Identifier>
                                    <ColumnReference Database="[UniTrac]" Schema="[dbo]" Table="[COLLATERAL]" Column="PROPERTY_ID" />
                                  </Identifier>
                                </ScalarOperator>
                              </Assign>
                              <Assign>
                                <ColumnReference Column="PRIMARY_LOAN_IN1034" />
                                <ScalarOperator>
                                  <Identifier>
                                    <ColumnReference Database="[UniTrac]" Schema="[dbo]" Table="[COLLATERAL]" Column="PRIMARY_LOAN_IN" />
                                  </Identifier>
                                </ScalarOperator>
                              </Assign>
                              <Assign>
                                <ColumnReference Column="STATUS_CD1035" />
                                <ScalarOperator>
                                  <Identifier>
                                    <ColumnReference Database="[UniTrac]" Schema="[dbo]" Table="[COLLATERAL]" Column="STATUS_CD" />
                                  </Identifier>
                                </ScalarOperator>
                              </Assign>
                              <Assign>
                                <ColumnReference Column="COLLATERAL_CODE_ID1036" />
                                <ScalarOperator>
                                  <Identifier>
                                    <ColumnReference Database="[UniTrac]" Schema="[dbo]" Table="[COLLATERAL]" Column="COLLATERAL_CODE_ID" />
                                  </Identifier>
                                </ScalarOperator>
                              </Assign>
                              <Assign>
                                <ColumnReference Column="PURGE_DT1037" />
                                <ScalarOperator>
                                  <Identifier>
                                    <ColumnReference Database="[UniTrac]" Schema="[dbo]" Table="[COLLATERAL]" Column="PURGE_DT" />
                                  </Identifier>
                                </ScalarOperator>
                              </Assign>
                            </MultipleAssign>
                          </ScalarOperator>
                        </ScalarExpressionList>
                      </ScalarOperator>
                    </SetPredicate>
                    <ActionColumn>
                      <ColumnReference Column="Act1020" />
                    </ActionColumn>
                    <RelOp NodeId="65" PhysicalOp="Filter" LogicalOp="Filter" EstimateRows="78884.6" EstimateIO="0" EstimateCPU="0.030923" AvgRowSize="57" EstimatedTotalSubtreeCost="88.3269" Parallel="0" EstimateRebinds="0" EstimateRewinds="0" EstimatedExecutionMode="Row">
                      <OutputList>
                        <ColumnReference Database="[UniTrac]" Schema="[dbo]" Table="[COLLATERAL]" Column="ID" />
                        <ColumnReference Database="[UniTrac]" Schema="[dbo]" Table="[COLLATERAL]" Column="LOAN_ID" />
                        <ColumnReference Database="[UniTrac]" Schema="[dbo]" Table="[COLLATERAL]" Column="PROPERTY_ID" />
                        <ColumnReference Database="[UniTrac]" Schema="[dbo]" Table="[COLLATERAL]" Column="PRIMARY_LOAN_IN" />
                        <ColumnReference Database="[UniTrac]" Schema="[dbo]" Table="[COLLATERAL]" Column="STATUS_CD" />
                        <ColumnReference Database="[UniTrac]" Schema="[dbo]" Table="[COLLATERAL]" Column="COLLATERAL_CODE_ID" />
                        <ColumnReference Database="[UniTrac]" Schema="[dbo]" Table="[COLLATERAL]" Column="PURGE_DT" />
                        <ColumnReference Column="Act1020" />
                      </OutputList>
                      <Filter StartupExpression="0">
                        <RelOp NodeId="66" PhysicalOp="Table Spool" LogicalOp="Eager Spool" EstimateRows="81376.3" EstimateIO="0.00437549" EstimateCPU="0.00979999" AvgRowSize="92" EstimatedTotalSubtreeCost="88.296" Parallel="0" EstimateRebinds="0" EstimateRewinds="0" EstimatedExecutionMode="Row">
                          <OutputList>
                            <ColumnReference Database="[UniTrac]" Schema="[dbo]" Table="[COLLATERAL]" Column="ID" />
                            <ColumnReference Database="[UniTrac]" Schema="[dbo]" Table="[COLLATERAL]" Column="LOAN_ID" />
                            <ColumnReference Database="[UniTrac]" Schema="[dbo]" Table="[COLLATERAL]" Column="PROPERTY_ID" />
                            <ColumnReference Database="[UniTrac]" Schema="[dbo]" Table="[COLLATERAL]" Column="PRIMARY_LOAN_IN" />
                            <ColumnReference Database="[UniTrac]" Schema="[dbo]" Table="[COLLATERAL]" Column="STATUS_CD" />
                            <ColumnReference Database="[UniTrac]" Schema="[dbo]" Table="[COLLATERAL]" Column="LOAN_BALANCE_NO" />
                            <ColumnReference Database="[UniTrac]" Schema="[dbo]" Table="[COLLATERAL]" Column="COLLATERAL_CODE_ID" />
                            <ColumnReference Database="[UniTrac]" Schema="[dbo]" Table="[COLLATERAL]" Column="LENDER_COLLATERAL_CODE_TX" />
                            <ColumnReference Database="[UniTrac]" Schema="[dbo]" Table="[COLLATERAL]" Column="EXTRACT_UNMATCH_COUNT_NO" />
                            <ColumnReference Database="[UniTrac]" Schema="[dbo]" Table="[COLLATERAL]" Column="UPDATE_DT" />
                            <ColumnReference Database="[UniTrac]" Schema="[dbo]" Table="[COLLATERAL]" Column="PURGE_DT" />
                            <ColumnReference Column="Expr1017" />
                            <ColumnReference Column="Expr1018" />
                            <ColumnReference Column="Expr1019" />
                            <ColumnReference Column="Act1020" />
                          </OutputList>
                          <Spool PrimaryNodeId="5" />
                        </RelOp>
                        <Predicate>
                          <ScalarOperator ScalarString="NOT [Expr1018]">
                            <Logical Operation="NOT">
                              <ScalarOperator>
                                <Identifier>
                                  <ColumnReference Column="Expr1018" />
                                </Identifier>
                              </ScalarOperator>
                            </Logical>
                          </ScalarOperator>
                        </Predicate>
                      </Filter>
                    </RelOp>
                  </Update>
                </RelOp>
                <RelOp NodeId="68" PhysicalOp="Index Update" LogicalOp="Update" EstimateRows="81374.3" EstimateIO="29.2258" EstimateCPU="0.0813743" AvgRowSize="9" EstimatedTotalSubtreeCost="117.634" Parallel="0" EstimateRebinds="0" EstimateRewinds="0" EstimatedExecutionMode="Row">
                  <OutputList />
                  <Update WithOrderedPrefetch="1" DMLRequestSort="0">
                    <Object Database="[UniTrac]" Schema="[dbo]" Table="[COLLATERAL]" Index="[IDX_UPDATE_DT]" IndexKind="NonClustered" Storage="RowStore" />
                    <SetPredicate>
                      <ScalarOperator ScalarString="[ID1038] = [UniTrac].[dbo].[COLLATERAL].[ID],[UPDATE_DT1039] = [UniTrac].[dbo].[COLLATERAL].[UPDATE_DT]">
                        <ScalarExpressionList>
                          <ScalarOperator>
                            <MultipleAssign>
                              <Assign>
                                <ColumnReference Column="ID1038" />
                                <ScalarOperator>
                                  <Identifier>
                                    <ColumnReference Database="[UniTrac]" Schema="[dbo]" Table="[COLLATERAL]" Column="ID" />
                                  </Identifier>
                                </ScalarOperator>
                              </Assign>
                              <Assign>
                                <ColumnReference Column="UPDATE_DT1039" />
                                <ScalarOperator>
                                  <Identifier>
                                    <ColumnReference Database="[UniTrac]" Schema="[dbo]" Table="[COLLATERAL]" Column="UPDATE_DT" />
                                  </Identifier>
                                </ScalarOperator>
                              </Assign>
                            </MultipleAssign>
                          </ScalarOperator>
                        </ScalarExpressionList>
                      </ScalarOperator>
                    </SetPredicate>
                    <ActionColumn>
                      <ColumnReference Column="Act1020" />
                    </ActionColumn>
                    <RelOp NodeId="70" PhysicalOp="Filter" LogicalOp="Filter" EstimateRows="81374.3" EstimateIO="0" EstimateCPU="0.030923" AvgRowSize="27" EstimatedTotalSubtreeCost="88.3269" Parallel="0" EstimateRebinds="0" EstimateRewinds="0" EstimatedExecutionMode="Row">
                      <OutputList>
                        <ColumnReference Database="[UniTrac]" Schema="[dbo]" Table="[COLLATERAL]" Column="ID" />
                        <ColumnReference Database="[UniTrac]" Schema="[dbo]" Table="[COLLATERAL]" Column="UPDATE_DT" />
                        <ColumnReference Column="Act1020" />
                      </OutputList>
                      <Filter StartupExpression="0">
                        <RelOp NodeId="71" PhysicalOp="Table Spool" LogicalOp="Eager Spool" EstimateRows="81376.3" EstimateIO="0.00437549" EstimateCPU="0.00979999" AvgRowSize="92" EstimatedTotalSubtreeCost="88.296" Parallel="0" EstimateRebinds="0" EstimateRewinds="0" EstimatedExecutionMode="Row">
                          <OutputList>
                            <ColumnReference Database="[UniTrac]" Schema="[dbo]" Table="[COLLATERAL]" Column="ID" />
                            <ColumnReference Database="[UniTrac]" Schema="[dbo]" Table="[COLLATERAL]" Column="LOAN_ID" />
                            <ColumnReference Database="[UniTrac]" Schema="[dbo]" Table="[COLLATERAL]" Column="PROPERTY_ID" />
                            <ColumnReference Database="[UniTrac]" Schema="[dbo]" Table="[COLLATERAL]" Column="PRIMARY_LOAN_IN" />
                            <ColumnReference Database="[UniTrac]" Schema="[dbo]" Table="[COLLATERAL]" Column="STATUS_CD" />
                            <ColumnReference Database="[UniTrac]" Schema="[dbo]" Table="[COLLATERAL]" Column="LOAN_BALANCE_NO" />
                            <ColumnReference Database="[UniTrac]" Schema="[dbo]" Table="[COLLATERAL]" Column="COLLATERAL_CODE_ID" />
                            <ColumnReference Database="[UniTrac]" Schema="[dbo]" Table="[COLLATERAL]" Column="LENDER_COLLATERAL_CODE_TX" />
                            <ColumnReference Database="[UniTrac]" Schema="[dbo]" Table="[COLLATERAL]" Column="EXTRACT_UNMATCH_COUNT_NO" />
                            <ColumnReference Database="[UniTrac]" Schema="[dbo]" Table="[COLLATERAL]" Column="UPDATE_DT" />
                            <ColumnReference Database="[UniTrac]" Schema="[dbo]" Table="[COLLATERAL]" Column="PURGE_DT" />
                            <ColumnReference Column="Expr1017" />
                            <ColumnReference Column="Expr1018" />
                            <ColumnReference Column="Expr1019" />
                            <ColumnReference Column="Act1020" />
                          </OutputList>
                          <Spool PrimaryNodeId="5" />
                        </RelOp>
                        <Predicate>
                          <ScalarOperator ScalarString="NOT [Expr1019]">
                            <Logical Operation="NOT">
                              <ScalarOperator>
                                <Identifier>
                                  <ColumnReference Column="Expr1019" />
                                </Identifier>
                              </ScalarOperator>
                            </Logical>
                          </ScalarOperator>
                        </Predicate>
                      </Filter>
                    </RelOp>
                  </Update>
                </RelOp>
              </Sequence>
            </RelOp>
          </QueryPlan>
        </StmtSimple>
        <StmtSimple StatementText="&#xD;&#xA;&#x9;&#x9;&#x9;&#xD;&#xA;&#x9;&#x9;UPDATE COLLATERAL &#xD;&#xA;&#x9;&#x9;set PRIMARY_LOAN_IN = 'Y', UPDATE_USER_TX = 'LFPPosting', UPDATE_DT = GETDATE()&#xD;&#xA;&#x9;&#x9;WHERE&#xD;&#xA;&#x9;&#x9;&#x9;ID IN (SELECT collateral_id from #COLLATERAL_ID_BY_RANK where rank = 1)&#xD;&#xA;&#x9;&#x9;&#x9;AND PRIMARY_LOAN_IN != 'Y'" StatementId="9" StatementCompId="11" StatementType="UPDATE" RetrievedFromCache="true" StatementSubTreeCost="127.25" StatementEstRows="2426.4" StatementOptmLevel="FULL" QueryHash="0xFC1D17182354111C" QueryPlanHash="0x3F4C6390904AEE57" CardinalityEstimationModelVersion="120">
          <StatementSetOptions QUOTED_IDENTIFIER="true" ARITHABORT="false" CONCAT_NULL_YIELDS_NULL="true" ANSI_NULLS="true" ANSI_PADDING="true" ANSI_WARNINGS="true" NUMERIC_ROUNDABORT="false" />
          <QueryPlan CachedPlanSize="120" CompileTime="8" CompileCPU="8" CompileMemory="1056">
            <ThreadStat Branches="2" />
            <MemoryGrantInfo SerialRequiredMemory="1024" SerialDesiredMemory="6096" />
            <OptimizerHardwareDependentProperties EstimatedAvailableMemoryGrant="1668249" EstimatedPagesCached="5004748" EstimatedAvailableDegreeOfParallelism="4" MaxCompileMemory="501251768" />
            <TraceFlags IsCompileTime="1">
              <TraceFlag Value="1117" Scope="Global" />
              <TraceFlag Value="2371" Scope="Global" />
              <TraceFlag Value="3226" Scope="Global" />
            </TraceFlags>
            <RelOp NodeId="1" PhysicalOp="Sequence" LogicalOp="Sequence" EstimateRows="2426.4" EstimateIO="0" EstimateCPU="0.00257511" AvgRowSize="9" EstimatedTotalSubtreeCost="127.25" Parallel="0" EstimateRebinds="0" EstimateRewinds="0" EstimatedExecutionMode="Row">
              <OutputList />
              <Sequence>
                <RelOp NodeId="2" PhysicalOp="Index Update" LogicalOp="Update" EstimateRows="74.3572" EstimateIO="0.01" EstimateCPU="7.43572e-005" AvgRowSize="9" EstimatedTotalSubtreeCost="42.1267" Parallel="0" EstimateRebinds="0" EstimateRewinds="0" EstimatedExecutionMode="Row">
                  <OutputList />
                  <Update WithOrderedPrefetch="1" DMLRequestSort="0">
                    <Object Database="[UniTrac]" Schema="[dbo]" Table="[COLLATERAL]" Index="[IDX_COLLATERAL_LOAN_ID_PURGE_DT]" IndexKind="NonClustered" Storage="RowStore" />
                    <SetPredicate>
                      <ScalarOperator ScalarString="[ID1018] = [UniTrac].[dbo].[COLLATERAL].[ID],[LOAN_ID1019] = [UniTrac].[dbo].[COLLATERAL].[LOAN_ID],[PROPERTY_ID1020] = [UniTrac].[dbo].[COLLATERAL].[PROPERTY_ID],[PRIMARY_LOAN_IN1021] = [UniTrac].[dbo].[COLLATERAL].[PRIMARY_LOAN_IN],[STATUS_CD1022] = [UniTrac].[dbo].[COLLATERAL].[STATUS_CD],[LOAN_BALANCE_NO1023] = [UniTrac].[dbo].[COLLATERAL].[LOAN_BALANCE_NO],[COLLATERAL_CODE_ID1024] = [UniTrac].[dbo].[COLLATERAL].[COLLATERAL_CODE_ID],[LENDER_COLLATERAL_CODE_TX1025] = [UniTrac].[dbo].[COLLATERAL].[LENDER_COLLATERAL_CODE_TX],[EXTRACT_UNMATCH_COUNT_NO1026] = [UniTrac].[dbo].[COLLATERAL].[EXTRACT_UNMATCH_COUNT_NO],[PURGE_DT1027] = [UniTrac].[dbo].[COLLATERAL].[PURGE_DT]">
                        <ScalarExpressionList>
                          <ScalarOperator>
                            <MultipleAssign>
                              <Assign>
                                <ColumnReference Column="ID1018" />
                                <ScalarOperator>
                                  <Identifier>
                                    <ColumnReference Database="[UniTrac]" Schema="[dbo]" Table="[COLLATERAL]" Column="ID" />
                                  </Identifier>
                                </ScalarOperator>
                              </Assign>
                              <Assign>
                                <ColumnReference Column="LOAN_ID1019" />
                                <ScalarOperator>
                                  <Identifier>
                                    <ColumnReference Database="[UniTrac]" Schema="[dbo]" Table="[COLLATERAL]" Column="LOAN_ID" />
                                  </Identifier>
                                </ScalarOperator>
                              </Assign>
                              <Assign>
                                <ColumnReference Column="PROPERTY_ID1020" />
                                <ScalarOperator>
                                  <Identifier>
                                    <ColumnReference Database="[UniTrac]" Schema="[dbo]" Table="[COLLATERAL]" Column="PROPERTY_ID" />
                                  </Identifier>
                                </ScalarOperator>
                              </Assign>
                              <Assign>
                                <ColumnReference Column="PRIMARY_LOAN_IN1021" />
                                <ScalarOperator>
                                  <Identifier>
                                    <ColumnReference Database="[UniTrac]" Schema="[dbo]" Table="[COLLATERAL]" Column="PRIMARY_LOAN_IN" />
                                  </Identifier>
                                </ScalarOperator>
                              </Assign>
                              <Assign>
                                <ColumnReference Column="STATUS_CD1022" />
                                <ScalarOperator>
                                  <Identifier>
                                    <ColumnReference Database="[UniTrac]" Schema="[dbo]" Table="[COLLATERAL]" Column="STATUS_CD" />
                                  </Identifier>
                                </ScalarOperator>
                              </Assign>
                              <Assign>
                                <ColumnReference Column="LOAN_BALANCE_NO1023" />
                                <ScalarOperator>
                                  <Identifier>
                                    <ColumnReference Database="[UniTrac]" Schema="[dbo]" Table="[COLLATERAL]" Column="LOAN_BALANCE_NO" />
                                  </Identifier>
                                </ScalarOperator>
                              </Assign>
                              <Assign>
                                <ColumnReference Column="COLLATERAL_CODE_ID1024" />
                                <ScalarOperator>
                                  <Identifier>
                                    <ColumnReference Database="[UniTrac]" Schema="[dbo]" Table="[COLLATERAL]" Column="COLLATERAL_CODE_ID" />
                                  </Identifier>
                                </ScalarOperator>
                              </Assign>
                              <Assign>
                                <ColumnReference Column="LENDER_COLLATERAL_CODE_TX1025" />
                                <ScalarOperator>
                                  <Identifier>
                                    <ColumnReference Database="[UniTrac]" Schema="[dbo]" Table="[COLLATERAL]" Column="LENDER_COLLATERAL_CODE_TX" />
                                  </Identifier>
                                </ScalarOperator>
                              </Assign>
                              <Assign>
                                <ColumnReference Column="EXTRACT_UNMATCH_COUNT_NO1026" />
                                <ScalarOperator>
                                  <Identifier>
                                    <ColumnReference Database="[UniTrac]" Schema="[dbo]" Table="[COLLATERAL]" Column="EXTRACT_UNMATCH_COUNT_NO" />
                                  </Identifier>
                                </ScalarOperator>
                              </Assign>
                              <Assign>
                                <ColumnReference Column="PURGE_DT1027" />
                                <ScalarOperator>
                                  <Identifier>
                                    <ColumnReference Database="[UniTrac]" Schema="[dbo]" Table="[COLLATERAL]" Column="PURGE_DT" />
                                  </Identifier>
                                </ScalarOperator>
                              </Assign>
                            </MultipleAssign>
                          </ScalarOperator>
                        </ScalarExpressionList>
                      </ScalarOperator>
                    </SetPredicate>
                    <ActionColumn>
                      <ColumnReference Column="Act1017" />
                    </ActionColumn>
                    <RelOp NodeId="4" PhysicalOp="Filter" LogicalOp="Filter" EstimateRows="74.3572" EstimateIO="0" EstimateCPU="0.000922791" AvgRowSize="83" EstimatedTotalSubtreeCost="42.1166" Parallel="0" EstimateRebinds="0" EstimateRewinds="0" EstimatedExecutionMode="Row">
                      <OutputList>
                        <ColumnReference Database="[UniTrac]" Schema="[dbo]" Table="[COLLATERAL]" Column="ID" />
                        <ColumnReference Database="[UniTrac]" Schema="[dbo]" Table="[COLLATERAL]" Column="LOAN_ID" />
                        <ColumnReference Database="[UniTrac]" Schema="[dbo]" Table="[COLLATERAL]" Column="PROPERTY_ID" />
                        <ColumnReference Database="[UniTrac]" Schema="[dbo]" Table="[COLLATERAL]" Column="PRIMARY_LOAN_IN" />
                        <ColumnReference Database="[UniTrac]" Schema="[dbo]" Table="[COLLATERAL]" Column="STATUS_CD" />
                        <ColumnReference Database="[UniTrac]" Schema="[dbo]" Table="[COLLATERAL]" Column="LOAN_BALANCE_NO" />
                        <ColumnReference Database="[UniTrac]" Schema="[dbo]" Table="[COLLATERAL]" Column="COLLATERAL_CODE_ID" />
                        <ColumnReference Database="[UniTrac]" Schema="[dbo]" Table="[COLLATERAL]" Column="LENDER_COLLATERAL_CODE_TX" />
                        <ColumnReference Database="[UniTrac]" Schema="[dbo]" Table="[COLLATERAL]" Column="EXTRACT_UNMATCH_COUNT_NO" />
                        <ColumnReference Database="[UniTrac]" Schema="[dbo]" Table="[COLLATERAL]" Column="PURGE_DT" />
                        <ColumnReference Column="Act1017" />
                      </OutputList>
                      <Filter StartupExpression="0">
                        <RelOp NodeId="5" PhysicalOp="Table Spool" LogicalOp="Eager Spool" EstimateRows="2428.4" EstimateIO="0.00437504" EstimateCPU="0.000325144" AvgRowSize="92" EstimatedTotalSubtreeCost="42.1157" Parallel="0" EstimateRebinds="0" EstimateRewinds="0" EstimatedExecutionMode="Row">
                          <OutputList>
                            <ColumnReference Database="[UniTrac]" Schema="[dbo]" Table="[COLLATERAL]" Column="ID" />
                            <ColumnReference Database="[UniTrac]" Schema="[dbo]" Table="[COLLATERAL]" Column="LOAN_ID" />
                            <ColumnReference Database="[UniTrac]" Schema="[dbo]" Table="[COLLATERAL]" Column="PROPERTY_ID" />
                            <ColumnReference Database="[UniTrac]" Schema="[dbo]" Table="[COLLATERAL]" Column="PRIMARY_LOAN_IN" />
                            <ColumnReference Database="[UniTrac]" Schema="[dbo]" Table="[COLLATERAL]" Column="STATUS_CD" />
                            <ColumnReference Database="[UniTrac]" Schema="[dbo]" Table="[COLLATERAL]" Column="LOAN_BALANCE_NO" />
                            <ColumnReference Database="[UniTrac]" Schema="[dbo]" Table="[COLLATERAL]" Column="COLLATERAL_CODE_ID" />
                            <ColumnReference Database="[UniTrac]" Schema="[dbo]" Table="[COLLATERAL]" Column="LENDER_COLLATERAL_CODE_TX" />
                            <ColumnReference Database="[UniTrac]" Schema="[dbo]" Table="[COLLATERAL]" Column="EXTRACT_UNMATCH_COUNT_NO" />
                            <ColumnReference Database="[UniTrac]" Schema="[dbo]" Table="[COLLATERAL]" Column="UPDATE_DT" />
                            <ColumnReference Database="[UniTrac]" Schema="[dbo]" Table="[COLLATERAL]" Column="PURGE_DT" />
                            <ColumnReference Column="Expr1014" />
                            <ColumnReference Column="Expr1015" />
                            <ColumnReference Column="Expr1016" />
                            <ColumnReference Column="Act1017" />
                          </OutputList>
                          <Spool>
                            <RelOp NodeId="6" PhysicalOp="Split" LogicalOp="Split" EstimateRows="2428.4" EstimateIO="0" EstimateCPU="0.0018213" AvgRowSize="92" EstimatedTotalSubtreeCost="126.332" Parallel="0" EstimateRebinds="0" EstimateRewinds="0" EstimatedExecutionMode="Row">
                              <OutputList>
                                <ColumnReference Database="[UniTrac]" Schema="[dbo]" Table="[COLLATERAL]" Column="ID" />
                                <ColumnReference Database="[UniTrac]" Schema="[dbo]" Table="[COLLATERAL]" Column="LOAN_ID" />
                                <ColumnReference Database="[UniTrac]" Schema="[dbo]" Table="[COLLATERAL]" Column="PROPERTY_ID" />
                                <ColumnReference Database="[UniTrac]" Schema="[dbo]" Table="[COLLATERAL]" Column="PRIMARY_LOAN_IN" />
                                <ColumnReference Database="[UniTrac]" Schema="[dbo]" Table="[COLLATERAL]" Column="STATUS_CD" />
                                <ColumnReference Database="[UniTrac]" Schema="[dbo]" Table="[COLLATERAL]" Column="LOAN_BALANCE_NO" />
                                <ColumnReference Database="[UniTrac]" Schema="[dbo]" Table="[COLLATERAL]" Column="COLLATERAL_CODE_ID" />
                                <ColumnReference Database="[UniTrac]" Schema="[dbo]" Table="[COLLATERAL]" Column="LENDER_COLLATERAL_CODE_TX" />
                                <ColumnReference Database="[UniTrac]" Schema="[dbo]" Table="[COLLATERAL]" Column="EXTRACT_UNMATCH_COUNT_NO" />
                                <ColumnReference Database="[UniTrac]" Schema="[dbo]" Table="[COLLATERAL]" Column="UPDATE_DT" />
                                <ColumnReference Database="[UniTrac]" Schema="[dbo]" Table="[COLLATERAL]" Column="PURGE_DT" />
                                <ColumnReference Column="Expr1014" />
                                <ColumnReference Column="Expr1015" />
                                <ColumnReference Column="Expr1016" />
                                <ColumnReference Column="Act1017" />
                              </OutputList>
                              <Split>
                                <DefinedValues>
                                  <DefinedValue>
                                    <ColumnReference Column="Act1017" />
                                  </DefinedValue>
                                </DefinedValues>
                                <ActionColumn>
                                  <ColumnReference Column="Act1017" />
                                </ActionColumn>
                                <RelOp NodeId="7" PhysicalOp="Clustered Index Update" LogicalOp="Update" EstimateRows="1214.2" EstimateIO="0.152142" EstimateCPU="0.0012142" AvgRowSize="96" EstimatedTotalSubtreeCost="126.33" Parallel="0" EstimateRebinds="0" EstimateRewinds="0" EstimatedExecutionMode="Row">
                                  <OutputList>
                                    <ColumnReference Database="[UniTrac]" Schema="[dbo]" Table="[COLLATERAL]" Column="ID" />
                                    <ColumnReference Database="[UniTrac]" Schema="[dbo]" Table="[COLLATERAL]" Column="LOAN_ID" />
                                    <ColumnReference Database="[UniTrac]" Schema="[dbo]" Table="[COLLATERAL]" Column="PROPERTY_ID" />
                                    <ColumnReference Database="[UniTrac]" Schema="[dbo]" Table="[COLLATERAL]" Column="PRIMARY_LOAN_IN" />
                                    <ColumnReference Database="[UniTrac]" Schema="[dbo]" Table="[COLLATERAL]" Column="STATUS_CD" />
                                    <ColumnReference Database="[UniTrac]" Schema="[dbo]" Table="[COLLATERAL]" Column="LOAN_BALANCE_NO" />
                                    <ColumnReference Database="[UniTrac]" Schema="[dbo]" Table="[COLLATERAL]" Column="COLLATERAL_CODE_ID" />
                                    <ColumnReference Database="[UniTrac]" Schema="[dbo]" Table="[COLLATERAL]" Column="LENDER_COLLATERAL_CODE_TX" />
                                    <ColumnReference Database="[UniTrac]" Schema="[dbo]" Table="[COLLATERAL]" Column="EXTRACT_UNMATCH_COUNT_NO" />
                                    <ColumnReference Database="[UniTrac]" Schema="[dbo]" Table="[COLLATERAL]" Column="UPDATE_DT" />
                                    <ColumnReference Database="[UniTrac]" Schema="[dbo]" Table="[COLLATERAL]" Column="PURGE_DT" />
                                    <ColumnReference Column="UPDATE_DT_OLD" />
                                    <ColumnReference Column="Expr1014" />
                                    <ColumnReference Column="Expr1015" />
                                    <ColumnReference Column="Expr1016" />
                                  </OutputList>
                                  <Update DMLRequestSort="0">
                                    <Object Database="[UniTrac]" Schema="[dbo]" Table="[COLLATERAL]" Index="[PK_COLLATERAL]" IndexKind="Clustered" Storage="RowStore" />
                                    <SetPredicate>
                                      <ScalarOperator ScalarString="[UniTrac].[dbo].[COLLATERAL].[PRIMARY_LOAN_IN] = [Expr1005],[UniTrac].[dbo].[COLLATERAL].[UPDATE_USER_TX] = [Expr1006],[UniTrac].[dbo].[COLLATERAL].[UPDATE_DT] = RaiseIfNullUpdate([Expr1007])">
                                        <ScalarExpressionList>
                                          <ScalarOperator>
                                            <MultipleAssign>
                                              <Assign>
                                                <ColumnReference Database="[UniTrac]" Schema="[dbo]" Table="[COLLATERAL]" Column="PRIMARY_LOAN_IN" />
                                                <ScalarOperator>
                                                  <Identifier>
                                                    <ColumnReference Column="Expr1005" />
                                                  </Identifier>
                                                </ScalarOperator>
                                              </Assign>
                                              <Assign>
                                                <ColumnReference Database="[UniTrac]" Schema="[dbo]" Table="[COLLATERAL]" Column="UPDATE_USER_TX" />
                                                <ScalarOperator>
                                                  <Identifier>
                                                    <ColumnReference Column="Expr1006" />
                                                  </Identifier>
                                                </ScalarOperator>
                                              </Assign>
                                              <Assign>
                                                <ColumnReference Database="[UniTrac]" Schema="[dbo]" Table="[COLLATERAL]" Column="UPDATE_DT" />
                                                <ScalarOperator>
                                                  <Intrinsic FunctionName="RaiseIfNullUpdate">
                                                    <ScalarOperator>
                                                      <Identifier>
                                                        <ColumnReference Column="Expr1007" />
                                                      </Identifier>
                                                    </ScalarOperator>
                                                  </Intrinsic>
                                                </ScalarOperator>
                                              </Assign>
                                            </MultipleAssign>
                                          </ScalarOperator>
                                        </ScalarExpressionList>
                                      </ScalarOperator>
                                    </SetPredicate>
                                    <RelOp NodeId="8" PhysicalOp="Compute Scalar" LogicalOp="Compute Scalar" EstimateRows="1214.2" EstimateIO="0" EstimateCPU="0.00012142" AvgRowSize="44" EstimatedTotalSubtreeCost="126.177" Parallel="0" EstimateRebinds="0" EstimateRewinds="0" EstimatedExecutionMode="Row">
                                      <OutputList>
                                        <ColumnReference Database="[UniTrac]" Schema="[dbo]" Table="[COLLATERAL]" Column="ID" />
                                        <ColumnReference Column="Expr1005" />
                                        <ColumnReference Column="Expr1006" />
                                        <ColumnReference Column="Expr1007" />
                                        <ColumnReference Column="Expr1014" />
                                        <ColumnReference Column="Expr1015" />
                                        <ColumnReference Column="Expr1016" />
                                      </OutputList>
                                      <ComputeScalar>
                                        <DefinedValues>
                                          <DefinedValue>
                                            <ColumnReference Column="Expr1014" />
                                            <ScalarOperator ScalarString="[Expr1014]">
                                              <Identifier>
                                                <ColumnReference Column="Expr1014" />
                                              </Identifier>
                                            </ScalarOperator>
                                          </DefinedValue>
                                          <DefinedValue>
                                            <ColumnReference Column="Expr1015" />
                                            <ScalarOperator ScalarString="[Expr1015]">
                                              <Identifier>
                                                <ColumnReference Column="Expr1015" />
                                              </Identifier>
                                            </ScalarOperator>
                                          </DefinedValue>
                                          <DefinedValue>
                                            <ColumnReference Column="Expr1016" />
                                            <ScalarOperator ScalarString="[Expr1016]">
                                              <Identifier>
                                                <ColumnReference Column="Expr1016" />
                                              </Identifier>
                                            </ScalarOperator>
                                          </DefinedValue>
                                        </DefinedValues>
                                        <RelOp NodeId="9" PhysicalOp="Compute Scalar" LogicalOp="Compute Scalar" EstimateRows="1214.2" EstimateIO="0" EstimateCPU="0.00012142" AvgRowSize="44" EstimatedTotalSubtreeCost="126.177" Parallel="0" EstimateRebinds="0" EstimateRewinds="0" EstimatedExecutionMode="Row">
                                          <OutputList>
                                            <ColumnReference Database="[UniTrac]" Schema="[dbo]" Table="[COLLATERAL]" Column="ID" />
                                            <ColumnReference Column="Expr1005" />
                                            <ColumnReference Column="Expr1006" />
                                            <ColumnReference Column="Expr1007" />
                                            <ColumnReference Column="Expr1014" />
                                            <ColumnReference Column="Expr1015" />
                                            <ColumnReference Column="Expr1016" />
                                          </OutputList>
                                          <ComputeScalar>
                                            <DefinedValues>
                                              <DefinedValue>
                                                <ColumnReference Column="Expr1014" />
                                                <ScalarOperator ScalarString="CASE WHEN [Expr1010] THEN (1) ELSE (0) END">
                                                  <IF>
                                                    <Condition>
                                                      <ScalarOperator>
                                                        <Identifier>
                                                          <ColumnReference Column="Expr1010" />
                                                        </Identifier>
                                                      </ScalarOperator>
                                                    </Condition>
                                                    <Then>
                                                      <ScalarOperator>
                                                        <Const ConstValue="(1)" />
                                                      </ScalarOperator>
                                                    </Then>
                                                    <Else>
                                                      <ScalarOperator>
                                                        <Const ConstValue="(0)" />
                                                      </ScalarOperator>
                                                    </Else>
                                                  </IF>
                                                </ScalarOperator>
                                              </DefinedValue>
                                              <DefinedValue>
                                                <ColumnReference Column="Expr1015" />
                                                <ScalarOperator ScalarString="CASE WHEN [Expr1010] THEN (1) ELSE (0) END">
                                                  <IF>
                                                    <Condition>
                                                      <ScalarOperator>
                                                        <Identifier>
                                                          <ColumnReference Column="Expr1010" />
                                                        </Identifier>
                                                      </ScalarOperator>
                                                    </Condition>
                                                    <Then>
                                                      <ScalarOperator>
                                                        <Const ConstValue="(1)" />
                                                      </ScalarOperator>
                                                    </Then>
                                                    <Else>
                                                      <ScalarOperator>
                                                        <Const ConstValue="(0)" />
                                                      </ScalarOperator>
                                                    </Else>
                                                  </IF>
                                                </ScalarOperator>
                                              </DefinedValue>
                                              <DefinedValue>
                                                <ColumnReference Column="Expr1016" />
                                                <ScalarOperator ScalarString="CASE WHEN [Expr1012] THEN (1) ELSE (0) END">
                                                  <IF>
                                                    <Condition>
                                                      <ScalarOperator>
                                                        <Identifier>
                                                          <ColumnReference Column="Expr1012" />
                                                        </Identifier>
                                                      </ScalarOperator>
                                                    </Condition>
                                                    <Then>
                                                      <ScalarOperator>
                                                        <Const ConstValue="(1)" />
                                                      </ScalarOperator>
                                                    </Then>
                                                    <Else>
                                                      <ScalarOperator>
                                                        <Const ConstValue="(0)" />
                                                      </ScalarOperator>
                                                    </Else>
                                                  </IF>
                                                </ScalarOperator>
                                              </DefinedValue>
                                            </DefinedValues>
                                            <RelOp NodeId="10" PhysicalOp="Compute Scalar" LogicalOp="Compute Scalar" EstimateRows="1214.2" EstimateIO="0" EstimateCPU="0.00012142" AvgRowSize="44" EstimatedTotalSubtreeCost="126.177" Parallel="0" EstimateRebinds="0" EstimateRewinds="0" EstimatedExecutionMode="Row">
                                              <OutputList>
                                                <ColumnReference Database="[UniTrac]" Schema="[dbo]" Table="[COLLATERAL]" Column="ID" />
                                                <ColumnReference Column="Expr1005" />
                                                <ColumnReference Column="Expr1006" />
                                                <ColumnReference Column="Expr1007" />
                                                <ColumnReference Column="Expr1010" />
                                                <ColumnReference Column="Expr1012" />
                                              </OutputList>
                                              <ComputeScalar>
                                                <DefinedValues>
                                                  <DefinedValue>
                                                    <ColumnReference Column="Expr1005" />
                                                    <ScalarOperator ScalarString="'Y'">
                                                      <Const ConstValue="'Y'" />
                                                    </ScalarOperator>
                                                  </DefinedValue>
                                                  <DefinedValue>
                                                    <ColumnReference Column="Expr1006" />
                                                    <ScalarOperator ScalarString="N'LFPPosting'">
                                                      <Const ConstValue="N'LFPPosting'" />
                                                    </ScalarOperator>
                                                  </DefinedValue>
                                                  <DefinedValue>
                                                    <ColumnReference Column="Expr1007" />
                                                    <ScalarOperator ScalarString="getdate()">
                                                      <Identifier>
                                                        <ColumnReference Column="ConstExpr1013">
                                                          <ScalarOperator>
                                                            <Intrinsic FunctionName="getdate" />
                                                          </ScalarOperator>
                                                        </ColumnReference>
                                                      </Identifier>
                                                    </ScalarOperator>
                                                  </DefinedValue>
                                                  <DefinedValue>
                                                    <ColumnReference Column="Expr1012" />
                                                    <ScalarOperator ScalarString="CASE WHEN [UniTrac].[dbo].[COLLATERAL].[UPDATE_DT] = getdate() THEN (1) ELSE (0) END">
                                                      <IF>
                                                        <Condition>
                                                          <ScalarOperator>
                                                            <Compare CompareOp="BINARY IS">
                                                              <ScalarOperator>
                                                                <Identifier>
                                                                  <ColumnReference Database="[UniTrac]" Schema="[dbo]" Table="[COLLATERAL]" Column="UPDATE_DT" />
                                                                </Identifier>
                                                              </ScalarOperator>
                                                              <ScalarOperator>
                                                                <Identifier>
                                                                  <ColumnReference Column="ConstExpr1013">
                                                                    <ScalarOperator>
                                                                      <Intrinsic FunctionName="getdate" />
                                                                    </ScalarOperator>
                                                                  </ColumnReference>
                                                                </Identifier>
                                                              </ScalarOperator>
                                                            </Compare>
                                                          </ScalarOperator>
                                                        </Condition>
                                                        <Then>
                                                          <ScalarOperator>
                                                            <Const ConstValue="(1)" />
                                                          </ScalarOperator>
                                                        </Then>
                                                        <Else>
                                                          <ScalarOperator>
                                                            <Const ConstValue="(0)" />
                                                          </ScalarOperator>
                                                        </Else>
                                                      </IF>
                                                    </ScalarOperator>
                                                  </DefinedValue>
                                                </DefinedValues>
                                                <RelOp NodeId="12" PhysicalOp="Parallelism" LogicalOp="Gather Streams" EstimateRows="1214.2" EstimateIO="0" EstimateCPU="0.0296342" AvgRowSize="24" EstimatedTotalSubtreeCost="126.176" Parallel="1" EstimateRebinds="0" EstimateRewinds="0" EstimatedExecutionMode="Row">
                                                  <OutputList>
                                                    <ColumnReference Database="[UniTrac]" Schema="[dbo]" Table="[COLLATERAL]" Column="ID" />
                                                    <ColumnReference Database="[UniTrac]" Schema="[dbo]" Table="[COLLATERAL]" Column="UPDATE_DT" />
                                                    <ColumnReference Column="Expr1010" />
                                                  </OutputList>
                                                  <Parallelism>
                                                    <RelOp NodeId="13" PhysicalOp="Sort" LogicalOp="Distinct Sort" EstimateRows="1214.2" EstimateIO="0.00281532" EstimateCPU="0.00487677" AvgRowSize="24" EstimatedTotalSubtreeCost="126.147" Parallel="1" EstimateRebinds="0" EstimateRewinds="0" EstimatedExecutionMode="Row">
                                                      <OutputList>
                                                        <ColumnReference Database="[UniTrac]" Schema="[dbo]" Table="[COLLATERAL]" Column="ID" />
                                                        <ColumnReference Database="[UniTrac]" Schema="[dbo]" Table="[COLLATERAL]" Column="UPDATE_DT" />
                                                        <ColumnReference Column="Expr1010" />
                                                      </OutputList>
                                                      <MemoryFractions Input="0.0315457" Output="1" />
                                                      <Sort Distinct="1">
                                                        <OrderBy>
                                                          <OrderByColumn Ascending="1">
                                                            <ColumnReference Database="[UniTrac]" Schema="[dbo]" Table="[COLLATERAL]" Column="ID" />
                                                          </OrderByColumn>
                                                        </OrderBy>
                                                        <RelOp NodeId="14" PhysicalOp="Compute Scalar" LogicalOp="Compute Scalar" EstimateRows="1214.2" EstimateIO="0" EstimateCPU="3.0355e-005" AvgRowSize="24" EstimatedTotalSubtreeCost="126.139" Parallel="1" EstimateRebinds="0" EstimateRewinds="0" EstimatedExecutionMode="Row">
                                                          <OutputList>
                                                            <ColumnReference Database="[UniTrac]" Schema="[dbo]" Table="[COLLATERAL]" Column="ID" />
                                                            <ColumnReference Database="[UniTrac]" Schema="[dbo]" Table="[COLLATERAL]" Column="UPDATE_DT" />
                                                            <ColumnReference Column="Expr1010" />
                                                          </OutputList>
                                                          <ComputeScalar>
                                                            <DefinedValues>
                                                              <DefinedValue>
                                                                <ColumnReference Column="Expr1010" />
                                                                <ScalarOperator ScalarString="CASE WHEN [UniTrac].[dbo].[COLLATERAL].[PRIMARY_LOAN_IN] = 'Y' THEN (1) ELSE (0) END">
                                                                  <IF>
                                                                    <Condition>
                                                                      <ScalarOperator>
                                                                        <Compare CompareOp="BINARY IS">
                                                                          <ScalarOperator>
                                                                            <Identifier>
                                                                              <ColumnReference Database="[UniTrac]" Schema="[dbo]" Table="[COLLATERAL]" Column="PRIMARY_LOAN_IN" />
                                                                            </Identifier>
                                                                          </ScalarOperator>
                                                                          <ScalarOperator>
                                                                            <Const ConstValue="'Y'" />
                                                                          </ScalarOperator>
                                                                        </Compare>
                                                                      </ScalarOperator>
                                                                    </Condition>
                                                                    <Then>
                                                                      <ScalarOperator>
                                                                        <Const ConstValue="(1)" />
                                                                      </ScalarOperator>
                                                                    </Then>
                                                                    <Else>
                                                                      <ScalarOperator>
                                                                        <Const ConstValue="(0)" />
                                                                      </ScalarOperator>
                                                                    </Else>
                                                                  </IF>
                                                                </ScalarOperator>
                                                              </DefinedValue>
                                                            </DefinedValues>
                                                            <RelOp NodeId="15" PhysicalOp="Parallelism" LogicalOp="Repartition Streams" EstimateRows="1214.2" EstimateIO="0" EstimateCPU="0.029853" AvgRowSize="24" EstimatedTotalSubtreeCost="126.139" Parallel="1" EstimateRebinds="0" EstimateRewinds="0" EstimatedExecutionMode="Row">
                                                              <OutputList>
                                                                <ColumnReference Database="[UniTrac]" Schema="[dbo]" Table="[COLLATERAL]" Column="ID" />
                                                                <ColumnReference Database="[UniTrac]" Schema="[dbo]" Table="[COLLATERAL]" Column="PRIMARY_LOAN_IN" />
                                                                <ColumnReference Database="[UniTrac]" Schema="[dbo]" Table="[COLLATERAL]" Column="UPDATE_DT" />
                                                              </OutputList>
                                                              <Parallelism PartitioningType="Hash">
                                                                <PartitionColumns>
                                                                  <ColumnReference Database="[UniTrac]" Schema="[dbo]" Table="[COLLATERAL]" Column="ID" />
                                                                </PartitionColumns>
                                                                <RelOp NodeId="16" PhysicalOp="Nested Loops" LogicalOp="Inner Join" EstimateRows="1214.2" EstimateIO="0" EstimateCPU="0.0414384" AvgRowSize="24" EstimatedTotalSubtreeCost="126.109" Parallel="1" EstimateRebinds="0" EstimateRewinds="0" EstimatedExecutionMode="Row">
                                                                  <OutputList>
                                                                    <ColumnReference Database="[UniTrac]" Schema="[dbo]" Table="[COLLATERAL]" Column="ID" />
                                                                    <ColumnReference Database="[UniTrac]" Schema="[dbo]" Table="[COLLATERAL]" Column="PRIMARY_LOAN_IN" />
                                                                    <ColumnReference Database="[UniTrac]" Schema="[dbo]" Table="[COLLATERAL]" Column="UPDATE_DT" />
                                                                  </OutputList>
                                                                  <MemoryFractions Input="0" Output="0.968454" />
                                                                  <NestedLoops Optimized="1" WithUnorderedPrefetch="1">
                                                                    <OuterReferences>
                                                                      <ColumnReference Table="[#COLLATERAL_ID_BY_RANK]" Column="COLLATERAL_ID" />
                                                                      <ColumnReference Column="Expr1037" />
                                                                    </OuterReferences>
                                                                    <RelOp NodeId="19" PhysicalOp="Table Scan" LogicalOp="Table Scan" EstimateRows="39654" EstimateIO="0.296537" EstimateCPU="0.0264867" AvgRowSize="23" EstimatedTotalSubtreeCost="0.323024" TableCardinality="96244" Parallel="1" EstimateRebinds="0" EstimateRewinds="0" EstimatedExecutionMode="Row">
                                                                      <OutputList>
                                                                        <ColumnReference Table="[#COLLATERAL_ID_BY_RANK]" Column="COLLATERAL_ID" />
                                                                      </OutputList>
                                                                      <TableScan Ordered="0" ForcedIndex="0" ForceScan="0" NoExpandHint="0" Storage="RowStore">
                                                                        <DefinedValues>
                                                                          <DefinedValue>
                                                                            <ColumnReference Table="[#COLLATERAL_ID_BY_RANK]" Column="COLLATERAL_ID" />
                                                                          </DefinedValue>
                                                                        </DefinedValues>
                                                                        <Object Database="[tempdb]" Schema="[dbo]" Table="[#COLLATERAL_ID_BY_RANK]" Storage="RowStore" />
                                                                        <Predicate>
                                                                          <ScalarOperator ScalarString="[#COLLATERAL_ID_BY_RANK].[RANK]=(1)">
                                                                            <Compare CompareOp="EQ">
                                                                              <ScalarOperator>
                                                                                <Identifier>
                                                                                  <ColumnReference Table="[#COLLATERAL_ID_BY_RANK]" Column="RANK" />
                                                                                </Identifier>
                                                                              </ScalarOperator>
                                                                              <ScalarOperator>
                                                                                <Const ConstValue="(1)" />
                                                                              </ScalarOperator>
                                                                            </Compare>
                                                                          </ScalarOperator>
                                                                        </Predicate>
                                                                      </TableScan>
                                                                    </RelOp>
                                                                    <RelOp NodeId="20" PhysicalOp="Clustered Index Seek" LogicalOp="Clustered Index Seek" EstimateRows="1" EstimateIO="0.003125" EstimateCPU="0.0001581" AvgRowSize="24" EstimatedTotalSubtreeCost="125.714" TableCardinality="9.15244e+007" Parallel="1" EstimateRebinds="39653" EstimateRewinds="0" EstimatedExecutionMode="Row">
                                                                      <OutputList>
                                                                        <ColumnReference Database="[UniTrac]" Schema="[dbo]" Table="[COLLATERAL]" Column="ID" />
                                                                        <ColumnReference Database="[UniTrac]" Schema="[dbo]" Table="[COLLATERAL]" Column="PRIMARY_LOAN_IN" />
                                                                        <ColumnReference Database="[UniTrac]" Schema="[dbo]" Table="[COLLATERAL]" Column="UPDATE_DT" />
                                                                      </OutputList>
                                                                      <IndexScan Ordered="1" ScanDirection="FORWARD" ForcedIndex="0" ForceSeek="0" ForceScan="0" NoExpandHint="0" Storage="RowStore">
                                                                        <DefinedValues>
                                                                          <DefinedValue>
                                                                            <ColumnReference Database="[UniTrac]" Schema="[dbo]" Table="[COLLATERAL]" Column="ID" />
                                                                          </DefinedValue>
                                                                          <DefinedValue>
                                                                            <ColumnReference Database="[UniTrac]" Schema="[dbo]" Table="[COLLATERAL]" Column="PRIMARY_LOAN_IN" />
                                                                          </DefinedValue>
                                                                          <DefinedValue>
                                                                            <ColumnReference Database="[UniTrac]" Schema="[dbo]" Table="[COLLATERAL]" Column="UPDATE_DT" />
                                                                          </DefinedValue>
                                                                        </DefinedValues>
                                                                        <Object Database="[UniTrac]" Schema="[dbo]" Table="[COLLATERAL]" Index="[PK_COLLATERAL]" IndexKind="Clustered" Storage="RowStore" />
                                                                        <SeekPredicates>
                                                                          <SeekPredicateNew>
                                                                            <SeekKeys>
                                                                              <Prefix ScanType="EQ">
                                                                                <RangeColumns>
                                                                                  <ColumnReference Database="[UniTrac]" Schema="[dbo]" Table="[COLLATERAL]" Column="ID" />
                                                                                </RangeColumns>
                                                                                <RangeExpressions>
                                                                                  <ScalarOperator ScalarString="[#COLLATERAL_ID_BY_RANK].[COLLATERAL_ID]">
                                                                                    <Identifier>
                                                                                      <ColumnReference Table="[#COLLATERAL_ID_BY_RANK]" Column="COLLATERAL_ID" />
                                                                                    </Identifier>
                                                                                  </ScalarOperator>
                                                                                </RangeExpressions>
                                                                              </Prefix>
                                                                            </SeekKeys>
                                                                          </SeekPredicateNew>
                                                                        </SeekPredicates>
                                                                        <Predicate>
                                                                          <ScalarOperator ScalarString="[UniTrac].[dbo].[COLLATERAL].[PRIMARY_LOAN_IN]&lt;&gt;'Y'">
                                                                            <Compare CompareOp="NE">
                                                                              <ScalarOperator>
                                                                                <Identifier>
                                                                                  <ColumnReference Database="[UniTrac]" Schema="[dbo]" Table="[COLLATERAL]" Column="PRIMARY_LOAN_IN" />
                                                                                </Identifier>
                                                                              </ScalarOperator>
                                                                              <ScalarOperator>
                                                                                <Const ConstValue="'Y'" />
                                                                              </ScalarOperator>
                                                                            </Compare>
                                                                          </ScalarOperator>
                                                                        </Predicate>
                                                                      </IndexScan>
                                                                    </RelOp>
                                                                  </NestedLoops>
                                                                </RelOp>
                                                              </Parallelism>
                                                            </RelOp>
                                                          </ComputeScalar>
                                                        </RelOp>
                                                      </Sort>
                                                    </RelOp>
                                                  </Parallelism>
                                                </RelOp>
                                              </ComputeScalar>
                                            </RelOp>
                                          </ComputeScalar>
                                        </RelOp>
                                      </ComputeScalar>
                                    </RelOp>
                                  </Update>
                                </RelOp>
                              </Split>
                            </RelOp>
                          </Spool>
                        </RelOp>
                        <Predicate>
                          <ScalarOperator ScalarString="NOT [Expr1014]">
                            <Logical Operation="NOT">
                              <ScalarOperator>
                                <Identifier>
                                  <ColumnReference Column="Expr1014" />
                                </Identifier>
                              </ScalarOperator>
                            </Logical>
                          </ScalarOperator>
                        </Predicate>
                      </Filter>
                    </RelOp>
                  </Update>
                </RelOp>
                <RelOp NodeId="49" PhysicalOp="Index Update" LogicalOp="Update" EstimateRows="74.3572" EstimateIO="0.01" EstimateCPU="7.43572e-005" AvgRowSize="9" EstimatedTotalSubtreeCost="42.1267" Parallel="0" EstimateRebinds="0" EstimateRewinds="0" EstimatedExecutionMode="Row">
                  <OutputList />
                  <Update WithOrderedPrefetch="1" DMLRequestSort="0">
                    <Object Database="[UniTrac]" Schema="[dbo]" Table="[COLLATERAL]" Index="[IDX_COLLATERAL_PROPERTY_ID_PURGE_DT]" IndexKind="NonClustered" Storage="RowStore" />
                    <SetPredicate>
                      <ScalarOperator ScalarString="[ID1028] = [UniTrac].[dbo].[COLLATERAL].[ID],[LOAN_ID1029] = [UniTrac].[dbo].[COLLATERAL].[LOAN_ID],[PROPERTY_ID1030] = [UniTrac].[dbo].[COLLATERAL].[PROPERTY_ID],[PRIMARY_LOAN_IN1031] = [UniTrac].[dbo].[COLLATERAL].[PRIMARY_LOAN_IN],[STATUS_CD1032] = [UniTrac].[dbo].[COLLATERAL].[STATUS_CD],[COLLATERAL_CODE_ID1033] = [UniTrac].[dbo].[COLLATERAL].[COLLATERAL_CODE_ID],[PURGE_DT1034] = [UniTrac].[dbo].[COLLATERAL].[PURGE_DT]">
                        <ScalarExpressionList>
                          <ScalarOperator>
                            <MultipleAssign>
                              <Assign>
                                <ColumnReference Column="ID1028" />
                                <ScalarOperator>
                                  <Identifier>
                                    <ColumnReference Database="[UniTrac]" Schema="[dbo]" Table="[COLLATERAL]" Column="ID" />
                                  </Identifier>
                                </ScalarOperator>
                              </Assign>
                              <Assign>
                                <ColumnReference Column="LOAN_ID1029" />
                                <ScalarOperator>
                                  <Identifier>
                                    <ColumnReference Database="[UniTrac]" Schema="[dbo]" Table="[COLLATERAL]" Column="LOAN_ID" />
                                  </Identifier>
                                </ScalarOperator>
                              </Assign>
                              <Assign>
                                <ColumnReference Column="PROPERTY_ID1030" />
                                <ScalarOperator>
                                  <Identifier>
                                    <ColumnReference Database="[UniTrac]" Schema="[dbo]" Table="[COLLATERAL]" Column="PROPERTY_ID" />
                                  </Identifier>
                                </ScalarOperator>
                              </Assign>
                              <Assign>
                                <ColumnReference Column="PRIMARY_LOAN_IN1031" />
                                <ScalarOperator>
                                  <Identifier>
                                    <ColumnReference Database="[UniTrac]" Schema="[dbo]" Table="[COLLATERAL]" Column="PRIMARY_LOAN_IN" />
                                  </Identifier>
                                </ScalarOperator>
                              </Assign>
                              <Assign>
                                <ColumnReference Column="STATUS_CD1032" />
                                <ScalarOperator>
                                  <Identifier>
                                    <ColumnReference Database="[UniTrac]" Schema="[dbo]" Table="[COLLATERAL]" Column="STATUS_CD" />
                                  </Identifier>
                                </ScalarOperator>
                              </Assign>
                              <Assign>
                                <ColumnReference Column="COLLATERAL_CODE_ID1033" />
                                <ScalarOperator>
                                  <Identifier>
                                    <ColumnReference Database="[UniTrac]" Schema="[dbo]" Table="[COLLATERAL]" Column="COLLATERAL_CODE_ID" />
                                  </Identifier>
                                </ScalarOperator>
                              </Assign>
                              <Assign>
                                <ColumnReference Column="PURGE_DT1034" />
                                <ScalarOperator>
                                  <Identifier>
                                    <ColumnReference Database="[UniTrac]" Schema="[dbo]" Table="[COLLATERAL]" Column="PURGE_DT" />
                                  </Identifier>
                                </ScalarOperator>
                              </Assign>
                            </MultipleAssign>
                          </ScalarOperator>
                        </ScalarExpressionList>
                      </ScalarOperator>
                    </SetPredicate>
                    <ActionColumn>
                      <ColumnReference Column="Act1017" />
                    </ActionColumn>
                    <RelOp NodeId="51" PhysicalOp="Filter" LogicalOp="Filter" EstimateRows="74.3572" EstimateIO="0" EstimateCPU="0.000922791" AvgRowSize="57" EstimatedTotalSubtreeCost="42.1166" Parallel="0" EstimateRebinds="0" EstimateRewinds="0" EstimatedExecutionMode="Row">
                      <OutputList>
                        <ColumnReference Database="[UniTrac]" Schema="[dbo]" Table="[COLLATERAL]" Column="ID" />
                        <ColumnReference Database="[UniTrac]" Schema="[dbo]" Table="[COLLATERAL]" Column="LOAN_ID" />
                        <ColumnReference Database="[UniTrac]" Schema="[dbo]" Table="[COLLATERAL]" Column="PROPERTY_ID" />
                        <ColumnReference Database="[UniTrac]" Schema="[dbo]" Table="[COLLATERAL]" Column="PRIMARY_LOAN_IN" />
                        <ColumnReference Database="[UniTrac]" Schema="[dbo]" Table="[COLLATERAL]" Column="STATUS_CD" />
                        <ColumnReference Database="[UniTrac]" Schema="[dbo]" Table="[COLLATERAL]" Column="COLLATERAL_CODE_ID" />
                        <ColumnReference Database="[UniTrac]" Schema="[dbo]" Table="[COLLATERAL]" Column="PURGE_DT" />
                        <ColumnReference Column="Act1017" />
                      </OutputList>
                      <Filter StartupExpression="0">
                        <RelOp NodeId="52" PhysicalOp="Table Spool" LogicalOp="Eager Spool" EstimateRows="2428.4" EstimateIO="0.00437504" EstimateCPU="0.000325144" AvgRowSize="92" EstimatedTotalSubtreeCost="42.1157" Parallel="0" EstimateRebinds="0" EstimateRewinds="0" EstimatedExecutionMode="Row">
                          <OutputList>
                            <ColumnReference Database="[UniTrac]" Schema="[dbo]" Table="[COLLATERAL]" Column="ID" />
                            <ColumnReference Database="[UniTrac]" Schema="[dbo]" Table="[COLLATERAL]" Column="LOAN_ID" />
                            <ColumnReference Database="[UniTrac]" Schema="[dbo]" Table="[COLLATERAL]" Column="PROPERTY_ID" />
                            <ColumnReference Database="[UniTrac]" Schema="[dbo]" Table="[COLLATERAL]" Column="PRIMARY_LOAN_IN" />
                            <ColumnReference Database="[UniTrac]" Schema="[dbo]" Table="[COLLATERAL]" Column="STATUS_CD" />
                            <ColumnReference Database="[UniTrac]" Schema="[dbo]" Table="[COLLATERAL]" Column="LOAN_BALANCE_NO" />
                            <ColumnReference Database="[UniTrac]" Schema="[dbo]" Table="[COLLATERAL]" Column="COLLATERAL_CODE_ID" />
                            <ColumnReference Database="[UniTrac]" Schema="[dbo]" Table="[COLLATERAL]" Column="LENDER_COLLATERAL_CODE_TX" />
                            <ColumnReference Database="[UniTrac]" Schema="[dbo]" Table="[COLLATERAL]" Column="EXTRACT_UNMATCH_COUNT_NO" />
                            <ColumnReference Database="[UniTrac]" Schema="[dbo]" Table="[COLLATERAL]" Column="UPDATE_DT" />
                            <ColumnReference Database="[UniTrac]" Schema="[dbo]" Table="[COLLATERAL]" Column="PURGE_DT" />
                            <ColumnReference Column="Expr1014" />
                            <ColumnReference Column="Expr1015" />
                            <ColumnReference Column="Expr1016" />
                            <ColumnReference Column="Act1017" />
                          </OutputList>
                          <Spool PrimaryNodeId="5" />
                        </RelOp>
                        <Predicate>
                          <ScalarOperator ScalarString="NOT [Expr1015]">
                            <Logical Operation="NOT">
                              <ScalarOperator>
                                <Identifier>
                                  <ColumnReference Column="Expr1015" />
                                </Identifier>
                              </ScalarOperator>
                            </Logical>
                          </ScalarOperator>
                        </Predicate>
                      </Filter>
                    </RelOp>
                  </Update>
                </RelOp>
                <RelOp NodeId="54" PhysicalOp="Index Update" LogicalOp="Update" EstimateRows="2426.4" EstimateIO="0.874594" EstimateCPU="0.0024264" AvgRowSize="9" EstimatedTotalSubtreeCost="42.9936" Parallel="0" EstimateRebinds="0" EstimateRewinds="0" EstimatedExecutionMode="Row">
                  <OutputList />
                  <Update WithOrderedPrefetch="1" DMLRequestSort="0">
                    <Object Database="[UniTrac]" Schema="[dbo]" Table="[COLLATERAL]" Index="[IDX_UPDATE_DT]" IndexKind="NonClustered" Storage="RowStore" />
                    <SetPredicate>
                      <ScalarOperator ScalarString="[ID1035] = [UniTrac].[dbo].[COLLATERAL].[ID],[UPDATE_DT1036] = [UniTrac].[dbo].[COLLATERAL].[UPDATE_DT]">
                        <ScalarExpressionList>
                          <ScalarOperator>
                            <MultipleAssign>
                              <Assign>
                                <ColumnReference Column="ID1035" />
                                <ScalarOperator>
                                  <Identifier>
                                    <ColumnReference Database="[UniTrac]" Schema="[dbo]" Table="[COLLATERAL]" Column="ID" />
                                  </Identifier>
                                </ScalarOperator>
                              </Assign>
                              <Assign>
                                <ColumnReference Column="UPDATE_DT1036" />
                                <ScalarOperator>
                                  <Identifier>
                                    <ColumnReference Database="[UniTrac]" Schema="[dbo]" Table="[COLLATERAL]" Column="UPDATE_DT" />
                                  </Identifier>
                                </ScalarOperator>
                              </Assign>
                            </MultipleAssign>
                          </ScalarOperator>
                        </ScalarExpressionList>
                      </ScalarOperator>
                    </SetPredicate>
                    <ActionColumn>
                      <ColumnReference Column="Act1017" />
                    </ActionColumn>
                    <RelOp NodeId="56" PhysicalOp="Filter" LogicalOp="Filter" EstimateRows="2426.4" EstimateIO="0" EstimateCPU="0.000922791" AvgRowSize="27" EstimatedTotalSubtreeCost="42.1166" Parallel="0" EstimateRebinds="0" EstimateRewinds="0" EstimatedExecutionMode="Row">
                      <OutputList>
                        <ColumnReference Database="[UniTrac]" Schema="[dbo]" Table="[COLLATERAL]" Column="ID" />
                        <ColumnReference Database="[UniTrac]" Schema="[dbo]" Table="[COLLATERAL]" Column="UPDATE_DT" />
                        <ColumnReference Column="Act1017" />
                      </OutputList>
                      <Filter StartupExpression="0">
                        <RelOp NodeId="57" PhysicalOp="Table Spool" LogicalOp="Eager Spool" EstimateRows="2428.4" EstimateIO="0.00437504" EstimateCPU="0.000325144" AvgRowSize="92" EstimatedTotalSubtreeCost="42.1157" Parallel="0" EstimateRebinds="0" EstimateRewinds="0" EstimatedExecutionMode="Row">
                          <OutputList>
                            <ColumnReference Database="[UniTrac]" Schema="[dbo]" Table="[COLLATERAL]" Column="ID" />
                            <ColumnReference Database="[UniTrac]" Schema="[dbo]" Table="[COLLATERAL]" Column="LOAN_ID" />
                            <ColumnReference Database="[UniTrac]" Schema="[dbo]" Table="[COLLATERAL]" Column="PROPERTY_ID" />
                            <ColumnReference Database="[UniTrac]" Schema="[dbo]" Table="[COLLATERAL]" Column="PRIMARY_LOAN_IN" />
                            <ColumnReference Database="[UniTrac]" Schema="[dbo]" Table="[COLLATERAL]" Column="STATUS_CD" />
                            <ColumnReference Database="[UniTrac]" Schema="[dbo]" Table="[COLLATERAL]" Column="LOAN_BALANCE_NO" />
                            <ColumnReference Database="[UniTrac]" Schema="[dbo]" Table="[COLLATERAL]" Column="COLLATERAL_CODE_ID" />
                            <ColumnReference Database="[UniTrac]" Schema="[dbo]" Table="[COLLATERAL]" Column="LENDER_COLLATERAL_CODE_TX" />
                            <ColumnReference Database="[UniTrac]" Schema="[dbo]" Table="[COLLATERAL]" Column="EXTRACT_UNMATCH_COUNT_NO" />
                            <ColumnReference Database="[UniTrac]" Schema="[dbo]" Table="[COLLATERAL]" Column="UPDATE_DT" />
                            <ColumnReference Database="[UniTrac]" Schema="[dbo]" Table="[COLLATERAL]" Column="PURGE_DT" />
                            <ColumnReference Column="Expr1014" />
                            <ColumnReference Column="Expr1015" />
                            <ColumnReference Column="Expr1016" />
                            <ColumnReference Column="Act1017" />
                          </OutputList>
                          <Spool PrimaryNodeId="5" />
                        </RelOp>
                        <Predicate>
                          <ScalarOperator ScalarString="NOT [Expr1016]">
                            <Logical Operation="NOT">
                              <ScalarOperator>
                                <Identifier>
                                  <ColumnReference Column="Expr1016" />
                                </Identifier>
                              </ScalarOperator>
                            </Logical>
                          </ScalarOperator>
                        </Predicate>
                      </Filter>
                    </RelOp>
                  </Update>
                </RelOp>
              </Sequence>
            </RelOp>
          </QueryPlan>
        </StmtSimple>
        <StmtSimple StatementText="&#xD;&#xA;&#xD;&#xA;&#x9;   UPDATE re&#xD;&#xA;&#x9;   SET re.ACTIVE_IN = 'N', re.UPDATE_USER_TX = 'LFPPosting', re.UPDATE_DT = GETDATE()&#xD;&#xA;&#x9;   FROM&#x9; REQUIRED_ESCROW re&#xD;&#xA;&#x9;    JOIN REQUIRED_COVERAGE rc ON re.REQUIRED_COVERAGE_ID = rc.ID AND rc.PURGE_DT IS NULL&#x9;&#xD;&#xA;&#x9;&#x9;JOIN PROPERTY p ON rc.PROPERTY_ID = p.ID AND p.PURGE_DT IS NULL&#xD;&#xA;&#x9;&#x9;JOIN COLLATERAL c ON p.ID = c.PROPERTY_ID AND c.PURGE_DT IS NULL AND c.PRIMARY_LOAN_IN = 'Y'&#xD;&#xA;&#x9;&#x9;JOIN LOAN l ON c.LOAN_ID = l.ID&#xD;&#xA;&#x9;  WHERE  &#xD;&#xA;&#x9;&#x9;c.ID IN (SELECT collateral_id from #COLLATERAL_ID_BY_RANK where rank = 1)  &#xD;&#xA;&#x9;&#x9;AND re.PURGE_DT IS null&#xD;&#xA;&#x9;&#x9;AND re.ACTIVE_IN = 'Y'&#xD;&#xA;&#x9;&#x9;AND l.ESCROW_IN = 'N'" StatementId="10" StatementCompId="12" StatementType="UPDATE" RetrievedFromCache="true" StatementSubTreeCost="273.618" StatementEstRows="1" StatementOptmLevel="FULL" QueryHash="0x3936F0ECAA20A1CE" QueryPlanHash="0x540B19EBF7B6989B" CardinalityEstimationModelVersion="120">
          <StatementSetOptions QUOTED_IDENTIFIER="true" ARITHABORT="false" CONCAT_NULL_YIELDS_NULL="true" ANSI_NULLS="true" ANSI_PADDING="true" ANSI_WARNINGS="true" NUMERIC_ROUNDABORT="false" />
          <QueryPlan CachedPlanSize="160" CompileTime="259" CompileCPU="259" CompileMemory="7888">
            <ThreadStat Branches="3" />
            <MissingIndexes>
              <MissingIndexGroup Impact="11.2233">
                <MissingIndex Database="[UniTrac]" Schema="[dbo]" Table="[REQUIRED_ESCROW]">
                  <ColumnGroup Usage="EQUALITY">
                    <Column Name="[ACTIVE_IN]" ColumnId="9" />
                    <Column Name="[PURGE_DT]" ColumnId="13" />
                  </ColumnGroup>
                  <ColumnGroup Usage="INCLUDE">
                    <Column Name="[ID]" ColumnId="1" />
                    <Column Name="[REQUIRED_COVERAGE_ID]" ColumnId="2" />
                  </ColumnGroup>
                </MissingIndex>
              </MissingIndexGroup>
            </MissingIndexes>
            <MemoryGrantInfo SerialRequiredMemory="3072" SerialDesiredMemory="31576" />
            <OptimizerHardwareDependentProperties EstimatedAvailableMemoryGrant="1668249" EstimatedPagesCached="5004748" EstimatedAvailableDegreeOfParallelism="4" MaxCompileMemory="501250616" />
            <TraceFlags IsCompileTime="1">
              <TraceFlag Value="1117" Scope="Global" />
              <TraceFlag Value="2371" Scope="Global" />
              <TraceFlag Value="3226" Scope="Global" />
            </TraceFlags>
            <RelOp NodeId="1" PhysicalOp="Clustered Index Update" LogicalOp="Update" EstimateRows="1" EstimateIO="0.03" EstimateCPU="3e-006" AvgRowSize="9" EstimatedTotalSubtreeCost="273.618" Parallel="0" EstimateRebinds="0" EstimateRewinds="0" EstimatedExecutionMode="Row">
              <OutputList />
              <Update DMLRequestSort="0">
                <Object Database="[UniTrac]" Schema="[dbo]" Table="[REQUIRED_ESCROW]" Index="[PK_REQUIRED_ESCROW]" Alias="[re]" IndexKind="Clustered" Storage="RowStore" />
                <Object Database="[UniTrac]" Schema="[dbo]" Table="[REQUIRED_ESCROW]" Index="[IDX_REQUIRED_COVERAGE_ESCROW_RC_ID]" Alias="[re]" IndexKind="NonClustered" Storage="RowStore" />
                <Object Database="[UniTrac]" Schema="[dbo]" Table="[REQUIRED_ESCROW]" Index="[IDX_REQUIRED_ESCROW_SUB_TYPE_CD_EXCESS_IN]" Alias="[re]" IndexKind="NonClustered" Storage="RowStore" />
                <SetPredicate>
                  <ScalarOperator ScalarString="[UniTrac].[dbo].[REQUIRED_ESCROW].[ACTIVE_IN] as [re].[ACTIVE_IN] = [Expr1008],[UniTrac].[dbo].[REQUIRED_ESCROW].[UPDATE_USER_TX] as [re].[UPDATE_USER_TX] = [Expr1009],[UniTrac].[dbo].[REQUIRED_ESCROW].[UPDATE_DT] as [re].[UPDATE_DT] = RaiseIfNullUpdate([Expr1010])">
                    <ScalarExpressionList>
                      <ScalarOperator>
                        <MultipleAssign>
                          <Assign>
                            <ColumnReference Database="[UniTrac]" Schema="[dbo]" Table="[REQUIRED_ESCROW]" Alias="[re]" Column="ACTIVE_IN" />
                            <ScalarOperator>
                              <Identifier>
                                <ColumnReference Column="Expr1008" />
                              </Identifier>
                            </ScalarOperator>
                          </Assign>
                          <Assign>
                            <ColumnReference Database="[UniTrac]" Schema="[dbo]" Table="[REQUIRED_ESCROW]" Alias="[re]" Column="UPDATE_USER_TX" />
                            <ScalarOperator>
                              <Identifier>
                                <ColumnReference Column="Expr1009" />
                              </Identifier>
                            </ScalarOperator>
                          </Assign>
                          <Assign>
                            <ColumnReference Database="[UniTrac]" Schema="[dbo]" Table="[REQUIRED_ESCROW]" Alias="[re]" Column="UPDATE_DT" />
                            <ScalarOperator>
                              <Intrinsic FunctionName="RaiseIfNullUpdate">
                                <ScalarOperator>
                                  <Identifier>
                                    <ColumnReference Column="Expr1010" />
                                  </Identifier>
                                </ScalarOperator>
                              </Intrinsic>
                            </ScalarOperator>
                          </Assign>
                        </MultipleAssign>
                      </ScalarOperator>
                    </ScalarExpressionList>
                  </ScalarOperator>
                </SetPredicate>
                <RelOp NodeId="2" PhysicalOp="Compute Scalar" LogicalOp="Compute Scalar" EstimateRows="1" EstimateIO="0" EstimateCPU="1e-007" AvgRowSize="51" EstimatedTotalSubtreeCost="273.588" Parallel="0" EstimateRebinds="0" EstimateRewinds="0" EstimatedExecutionMode="Row">
                  <OutputList>
                    <ColumnReference Database="[UniTrac]" Schema="[dbo]" Table="[REQUIRED_ESCROW]" Alias="[re]" Column="ID" />
                    <ColumnReference Column="Expr1008" />
                    <ColumnReference Column="Expr1009" />
                    <ColumnReference Column="Expr1010" />
                    <ColumnReference Column="Expr1016" />
                    <ColumnReference Column="Expr1017" />
                  </OutputList>
                  <ComputeScalar>
                    <DefinedValues>
                      <DefinedValue>
                        <ColumnReference Column="Expr1016" />
                        <ScalarOperator ScalarString="[Expr1016]">
                          <Identifier>
                            <ColumnReference Column="Expr1016" />
                          </Identifier>
                        </ScalarOperator>
                      </DefinedValue>
                      <DefinedValue>
                        <ColumnReference Column="Expr1017" />
                        <ScalarOperator ScalarString="[Expr1017]">
                          <Identifier>
                            <ColumnReference Column="Expr1017" />
                          </Identifier>
                        </ScalarOperator>
                      </DefinedValue>
                    </DefinedValues>
                    <RelOp NodeId="3" PhysicalOp="Compute Scalar" LogicalOp="Compute Scalar" EstimateRows="1" EstimateIO="0" EstimateCPU="1e-007" AvgRowSize="51" EstimatedTotalSubtreeCost="273.588" Parallel="0" EstimateRebinds="0" EstimateRewinds="0" EstimatedExecutionMode="Row">
                      <OutputList>
                        <ColumnReference Database="[UniTrac]" Schema="[dbo]" Table="[REQUIRED_ESCROW]" Alias="[re]" Column="ID" />
                        <ColumnReference Column="Expr1008" />
                        <ColumnReference Column="Expr1009" />
                        <ColumnReference Column="Expr1010" />
                        <ColumnReference Column="Expr1016" />
                        <ColumnReference Column="Expr1017" />
                      </OutputList>
                      <ComputeScalar>
                        <DefinedValues>
                          <DefinedValue>
                            <ColumnReference Column="Expr1016" />
                            <ScalarOperator ScalarString="CASE WHEN [Expr1012] THEN (0) ELSE (1) END">
                              <IF>
                                <Condition>
                                  <ScalarOperator>
                                    <Identifier>
                                      <ColumnReference Column="Expr1012" />
                                    </Identifier>
                                  </ScalarOperator>
                                </Condition>
                                <Then>
                                  <ScalarOperator>
                                    <Const ConstValue="(0)" />
                                  </ScalarOperator>
                                </Then>
                                <Else>
                                  <ScalarOperator>
                                    <Const ConstValue="(1)" />
                                  </ScalarOperator>
                                </Else>
                              </IF>
                            </ScalarOperator>
                          </DefinedValue>
                          <DefinedValue>
                            <ColumnReference Column="Expr1017" />
                            <ScalarOperator ScalarString="CASE WHEN [Expr1012] THEN (0) ELSE (1) END">
                              <IF>
                                <Condition>
                                  <ScalarOperator>
                                    <Identifier>
                                      <ColumnReference Column="Expr1012" />
                                    </Identifier>
                                  </ScalarOperator>
                                </Condition>
                                <Then>
                                  <ScalarOperator>
                                    <Const ConstValue="(0)" />
                                  </ScalarOperator>
                                </Then>
                                <Else>
                                  <ScalarOperator>
                                    <Const ConstValue="(1)" />
                                  </ScalarOperator>
                                </Else>
                              </IF>
                            </ScalarOperator>
                          </DefinedValue>
                        </DefinedValues>
                        <RelOp NodeId="4" PhysicalOp="Compute Scalar" LogicalOp="Compute Scalar" EstimateRows="1" EstimateIO="0" EstimateCPU="1e-007" AvgRowSize="44" EstimatedTotalSubtreeCost="273.588" Parallel="0" EstimateRebinds="0" EstimateRewinds="0" EstimatedExecutionMode="Row">
                          <OutputList>
                            <ColumnReference Database="[UniTrac]" Schema="[dbo]" Table="[REQUIRED_ESCROW]" Alias="[re]" Column="ID" />
                            <ColumnReference Column="Expr1008" />
                            <ColumnReference Column="Expr1009" />
                            <ColumnReference Column="Expr1010" />
                            <ColumnReference Column="Expr1012" />
                          </OutputList>
                          <ComputeScalar>
                            <DefinedValues>
                              <DefinedValue>
                                <ColumnReference Column="Expr1008" />
                                <ScalarOperator ScalarString="'N'">
                                  <Const ConstValue="'N'" />
                                </ScalarOperator>
                              </DefinedValue>
                              <DefinedValue>
                                <ColumnReference Column="Expr1009" />
                                <ScalarOperator ScalarString="N'LFPPosting'">
                                  <Const ConstValue="N'LFPPosting'" />
                                </ScalarOperator>
                              </DefinedValue>
                              <DefinedValue>
                                <ColumnReference Column="Expr1010" />
                                <ScalarOperator ScalarString="getdate()">
                                  <Identifier>
                                    <ColumnReference Column="ConstExpr1015">
                                      <ScalarOperator>
                                        <Intrinsic FunctionName="getdate" />
                                      </ScalarOperator>
                                    </ColumnReference>
                                  </Identifier>
                                </ScalarOperator>
                              </DefinedValue>
                              <DefinedValue>
                                <ColumnReference Column="Expr1012" />
                                <ScalarOperator ScalarString="CASE WHEN [UniTrac].[dbo].[REQUIRED_ESCROW].[ACTIVE_IN] as [re].[ACTIVE_IN] = 'N' THEN (1) ELSE (0) END">
                                  <IF>
                                    <Condition>
                                      <ScalarOperator>
                                        <Compare CompareOp="BINARY IS">
                                          <ScalarOperator>
                                            <Identifier>
                                              <ColumnReference Database="[UniTrac]" Schema="[dbo]" Table="[REQUIRED_ESCROW]" Alias="[re]" Column="ACTIVE_IN" />
                                            </Identifier>
                                          </ScalarOperator>
                                          <ScalarOperator>
                                            <Const ConstValue="'N'" />
                                          </ScalarOperator>
                                        </Compare>
                                      </ScalarOperator>
                                    </Condition>
                                    <Then>
                                      <ScalarOperator>
                                        <Const ConstValue="(1)" />
                                      </ScalarOperator>
                                    </Then>
                                    <Else>
                                      <ScalarOperator>
                                        <Const ConstValue="(0)" />
                                      </ScalarOperator>
                                    </Else>
                                  </IF>
                                </ScalarOperator>
                              </DefinedValue>
                            </DefinedValues>
                            <RelOp NodeId="5" PhysicalOp="Stream Aggregate" LogicalOp="Aggregate" EstimateRows="1" EstimateIO="0" EstimateCPU="2.5e-006" AvgRowSize="16" EstimatedTotalSubtreeCost="273.588" Parallel="0" EstimateRebinds="0" EstimateRewinds="0" EstimatedExecutionMode="Row">
                              <OutputList>
                                <ColumnReference Database="[UniTrac]" Schema="[dbo]" Table="[REQUIRED_ESCROW]" Alias="[re]" Column="ID" />
                                <ColumnReference Database="[UniTrac]" Schema="[dbo]" Table="[REQUIRED_ESCROW]" Alias="[re]" Column="ACTIVE_IN" />
                              </OutputList>
                              <StreamAggregate>
                                <DefinedValues>
                                  <DefinedValue>
                                    <ColumnReference Database="[UniTrac]" Schema="[dbo]" Table="[REQUIRED_ESCROW]" Alias="[re]" Column="ACTIVE_IN" />
                                    <ScalarOperator ScalarString="ANY([UniTrac].[dbo].[REQUIRED_ESCROW].[ACTIVE_IN] as [re].[ACTIVE_IN])">
                                      <Aggregate Distinct="0" AggType="ANY">
                                        <ScalarOperator>
                                          <Identifier>
                                            <ColumnReference Database="[UniTrac]" Schema="[dbo]" Table="[REQUIRED_ESCROW]" Alias="[re]" Column="ACTIVE_IN" />
                                          </Identifier>
                                        </ScalarOperator>
                                      </Aggregate>
                                    </ScalarOperator>
                                  </DefinedValue>
                                </DefinedValues>
                                <GroupBy>
                                  <ColumnReference Database="[UniTrac]" Schema="[dbo]" Table="[REQUIRED_ESCROW]" Alias="[re]" Column="ID" />
                                </GroupBy>
                                <RelOp NodeId="6" PhysicalOp="Parallelism" LogicalOp="Gather Streams" EstimateRows="4" EstimateIO="0" EstimateCPU="0.0285227" AvgRowSize="16" EstimatedTotalSubtreeCost="273.588" Parallel="1" EstimateRebinds="0" EstimateRewinds="0" EstimatedExecutionMode="Row">
                                  <OutputList>
                                    <ColumnReference Database="[UniTrac]" Schema="[dbo]" Table="[REQUIRED_ESCROW]" Alias="[re]" Column="ID" />
                                    <ColumnReference Database="[UniTrac]" Schema="[dbo]" Table="[REQUIRED_ESCROW]" Alias="[re]" Column="ACTIVE_IN" />
                                  </OutputList>
                                  <Parallelism>
                                    <OrderBy>
                                      <OrderByColumn Ascending="1">
                                        <ColumnReference Database="[UniTrac]" Schema="[dbo]" Table="[REQUIRED_ESCROW]" Alias="[re]" Column="ID" />
                                      </OrderByColumn>
                                    </OrderBy>
                                    <RelOp NodeId="7" PhysicalOp="Stream Aggregate" LogicalOp="Aggregate" EstimateRows="4" EstimateIO="0" EstimateCPU="0.000101541" AvgRowSize="16" EstimatedTotalSubtreeCost="273.56" Parallel="1" EstimateRebinds="0" EstimateRewinds="0" EstimatedExecutionMode="Row">
                                      <OutputList>
                                        <ColumnReference Database="[UniTrac]" Schema="[dbo]" Table="[REQUIRED_ESCROW]" Alias="[re]" Column="ID" />
                                        <ColumnReference Database="[UniTrac]" Schema="[dbo]" Table="[REQUIRED_ESCROW]" Alias="[re]" Column="ACTIVE_IN" />
                                      </OutputList>
                                      <StreamAggregate>
                                        <DefinedValues>
                                          <DefinedValue>
                                            <ColumnReference Database="[UniTrac]" Schema="[dbo]" Table="[REQUIRED_ESCROW]" Alias="[re]" Column="ACTIVE_IN" />
                                            <ScalarOperator ScalarString="ANY([UniTrac].[dbo].[REQUIRED_ESCROW].[ACTIVE_IN] as [re].[ACTIVE_IN])">
                                              <Aggregate Distinct="0" AggType="ANY">
                                                <ScalarOperator>
                                                  <Identifier>
                                                    <ColumnReference Database="[UniTrac]" Schema="[dbo]" Table="[REQUIRED_ESCROW]" Alias="[re]" Column="ACTIVE_IN" />
                                                  </Identifier>
                                                </ScalarOperator>
                                              </Aggregate>
                                            </ScalarOperator>
                                          </DefinedValue>
                                        </DefinedValues>
                                        <GroupBy>
                                          <ColumnReference Database="[UniTrac]" Schema="[dbo]" Table="[REQUIRED_ESCROW]" Alias="[re]" Column="ID" />
                                        </GroupBy>
                                        <RelOp NodeId="9" PhysicalOp="Sort" LogicalOp="Distinct Sort" EstimateRows="637.018" EstimateIO="0.00281532" EstimateCPU="0.00233924" AvgRowSize="16" EstimatedTotalSubtreeCost="273.56" Parallel="1" EstimateRebinds="0" EstimateRewinds="0" EstimatedExecutionMode="Row">
                                          <OutputList>
                                            <ColumnReference Database="[UniTrac]" Schema="[dbo]" Table="[REQUIRED_ESCROW]" Alias="[re]" Column="ID" />
                                            <ColumnReference Database="[UniTrac]" Schema="[dbo]" Table="[REQUIRED_ESCROW]" Alias="[re]" Column="ACTIVE_IN" />
                                          </OutputList>
                                          <MemoryFractions Input="0.00336795" Output="1" />
                                          <Sort Distinct="1">
                                            <OrderBy>
                                              <OrderByColumn Ascending="1">
                                                <ColumnReference Database="[UniTrac]" Schema="[dbo]" Table="[REQUIRED_ESCROW]" Alias="[re]" Column="ID" />
                                              </OrderByColumn>
                                              <OrderByColumn Ascending="1">
                                                <ColumnReference Database="[UniTrac]" Schema="[dbo]" Table="[COLLATERAL]" Alias="[c]" Column="ID" />
                                              </OrderByColumn>
                                            </OrderBy>
                                            <RelOp NodeId="10" PhysicalOp="Parallelism" LogicalOp="Repartition Streams" EstimateRows="637.018" EstimateIO="0" EstimateCPU="0.0292813" AvgRowSize="24" EstimatedTotalSubtreeCost="273.554" Parallel="1" EstimateRebinds="0" EstimateRewinds="0" EstimatedExecutionMode="Row">
                                              <OutputList>
                                                <ColumnReference Database="[UniTrac]" Schema="[dbo]" Table="[REQUIRED_ESCROW]" Alias="[re]" Column="ID" />
                                                <ColumnReference Database="[UniTrac]" Schema="[dbo]" Table="[REQUIRED_ESCROW]" Alias="[re]" Column="ACTIVE_IN" />
                                                <ColumnReference Database="[UniTrac]" Schema="[dbo]" Table="[COLLATERAL]" Alias="[c]" Column="ID" />
                                              </OutputList>
                                              <Parallelism PartitioningType="Hash">
                                                <PartitionColumns>
                                                  <ColumnReference Database="[UniTrac]" Schema="[dbo]" Table="[REQUIRED_ESCROW]" Alias="[re]" Column="ID" />
                                                  <ColumnReference Database="[UniTrac]" Schema="[dbo]" Table="[COLLATERAL]" Alias="[c]" Column="ID" />
                                                </PartitionColumns>
                                                <RelOp NodeId="11" PhysicalOp="Nested Loops" LogicalOp="Inner Join" EstimateRows="637.018" EstimateIO="0" EstimateCPU="0.000747782" AvgRowSize="24" EstimatedTotalSubtreeCost="273.525" Parallel="1" EstimateRebinds="0" EstimateRewinds="0" EstimatedExecutionMode="Row">
                                                  <OutputList>
                                                    <ColumnReference Database="[UniTrac]" Schema="[dbo]" Table="[REQUIRED_ESCROW]" Alias="[re]" Column="ID" />
                                                    <ColumnReference Database="[UniTrac]" Schema="[dbo]" Table="[REQUIRED_ESCROW]" Alias="[re]" Column="ACTIVE_IN" />
                                                    <ColumnReference Database="[UniTrac]" Schema="[dbo]" Table="[COLLATERAL]" Alias="[c]" Column="ID" />
                                                  </OutputList>
                                                  <MemoryFractions Input="0" Output="0.00392927" />
                                                  <NestedLoops Optimized="1" WithUnorderedPrefetch="1">
                                                    <OuterReferences>
                                                      <ColumnReference Database="[UniTrac]" Schema="[dbo]" Table="[COLLATERAL]" Alias="[c]" Column="PROPERTY_ID" />
                                                      <ColumnReference Column="Expr1028" />
                                                    </OuterReferences>
                                                    <RelOp NodeId="14" PhysicalOp="Nested Loops" LogicalOp="Inner Join" EstimateRows="715.581" EstimateIO="0" EstimateCPU="0.000812027" AvgRowSize="32" EstimatedTotalSubtreeCost="272.97" Parallel="1" EstimateRebinds="0" EstimateRewinds="0" EstimatedExecutionMode="Row">
                                                      <OutputList>
                                                        <ColumnReference Database="[UniTrac]" Schema="[dbo]" Table="[REQUIRED_ESCROW]" Alias="[re]" Column="ID" />
                                                        <ColumnReference Database="[UniTrac]" Schema="[dbo]" Table="[REQUIRED_ESCROW]" Alias="[re]" Column="ACTIVE_IN" />
                                                        <ColumnReference Database="[UniTrac]" Schema="[dbo]" Table="[COLLATERAL]" Alias="[c]" Column="ID" />
                                                        <ColumnReference Database="[UniTrac]" Schema="[dbo]" Table="[COLLATERAL]" Alias="[c]" Column="PROPERTY_ID" />
                                                      </OutputList>
                                                      <MemoryFractions Input="0" Output="0.0044906" />
                                                      <NestedLoops Optimized="1" WithUnorderedPrefetch="1">
                                                        <OuterReferences>
                                                          <ColumnReference Database="[UniTrac]" Schema="[dbo]" Table="[COLLATERAL]" Alias="[c]" Column="LOAN_ID" />
                                                          <ColumnReference Column="Expr1027" />
                                                        </OuterReferences>
                                                        <RelOp NodeId="17" PhysicalOp="Hash Match" LogicalOp="Inner Join" EstimateRows="777.06" EstimateIO="0" EstimateCPU="3.55057" AvgRowSize="40" EstimatedTotalSubtreeCost="272.476" Parallel="1" EstimateRebinds="0" EstimateRewinds="0" EstimatedExecutionMode="Row">
                                                          <OutputList>
                                                            <ColumnReference Database="[UniTrac]" Schema="[dbo]" Table="[REQUIRED_ESCROW]" Alias="[re]" Column="ID" />
                                                            <ColumnReference Database="[UniTrac]" Schema="[dbo]" Table="[REQUIRED_ESCROW]" Alias="[re]" Column="ACTIVE_IN" />
                                                            <ColumnReference Database="[UniTrac]" Schema="[dbo]" Table="[COLLATERAL]" Alias="[c]" Column="ID" />
                                                            <ColumnReference Database="[UniTrac]" Schema="[dbo]" Table="[COLLATERAL]" Alias="[c]" Column="LOAN_ID" />
                                                            <ColumnReference Database="[UniTrac]" Schema="[dbo]" Table="[COLLATERAL]" Alias="[c]" Column="PROPERTY_ID" />
                                                          </OutputList>
                                                          <MemoryFractions Input="0.825618" Output="0.988212" />
                                                          <Hash>
                                                            <DefinedValues />
                                                            <HashKeysBuild>
                                                              <ColumnReference Database="[UniTrac]" Schema="[dbo]" Table="[REQUIRED_COVERAGE]" Alias="[rc]" Column="ID" />
                                                            </HashKeysBuild>
                                                            <HashKeysProbe>
                                                              <ColumnReference Database="[UniTrac]" Schema="[dbo]" Table="[REQUIRED_ESCROW]" Alias="[re]" Column="REQUIRED_COVERAGE_ID" />
                                                            </HashKeysProbe>
                                                            <ProbeResidual>
                                                              <ScalarOperator ScalarString="[UniTrac].[dbo].[REQUIRED_ESCROW].[REQUIRED_COVERAGE_ID] as [re].[REQUIRED_COVERAGE_ID]=[UniTrac].[dbo].[REQUIRED_COVERAGE].[ID] as [rc].[ID]">
                                                                <Compare CompareOp="EQ">
                                                                  <ScalarOperator>
                                                                    <Identifier>
                                                                      <ColumnReference Database="[UniTrac]" Schema="[dbo]" Table="[REQUIRED_ESCROW]" Alias="[re]" Column="REQUIRED_COVERAGE_ID" />
                                                                    </Identifier>
                                                                  </ScalarOperator>
                                                                  <ScalarOperator>
                                                                    <Identifier>
                                                                      <ColumnReference Database="[UniTrac]" Schema="[dbo]" Table="[REQUIRED_COVERAGE]" Alias="[rc]" Column="ID" />
                                                                    </Identifier>
                                                                  </ScalarOperator>
                                                                </Compare>
                                                              </ScalarOperator>
                                                            </ProbeResidual>
                                                            <RelOp NodeId="18" PhysicalOp="Bitmap" LogicalOp="Bitmap Create" EstimateRows="34995.8" EstimateIO="0" EstimateCPU="0.0807772" AvgRowSize="39" EstimatedTotalSubtreeCost="235.967" Parallel="1" EstimateRebinds="0" EstimateRewinds="0" EstimatedExecutionMode="Row">
                                                              <OutputList>
                                                                <ColumnReference Database="[UniTrac]" Schema="[dbo]" Table="[REQUIRED_COVERAGE]" Alias="[rc]" Column="ID" />
                                                                <ColumnReference Database="[UniTrac]" Schema="[dbo]" Table="[COLLATERAL]" Alias="[c]" Column="ID" />
                                                                <ColumnReference Database="[UniTrac]" Schema="[dbo]" Table="[COLLATERAL]" Alias="[c]" Column="LOAN_ID" />
                                                                <ColumnReference Database="[UniTrac]" Schema="[dbo]" Table="[COLLATERAL]" Alias="[c]" Column="PROPERTY_ID" />
                                                              </OutputList>
                                                              <Bitmap>
                                                                <DefinedValues>
                                                                  <DefinedValue>
                                                                    <ColumnReference Column="Bitmap1026" />
                                                                  </DefinedValue>
                                                                </DefinedValues>
                                                                <HashKeys>
                                                                  <ColumnReference Database="[UniTrac]" Schema="[dbo]" Table="[REQUIRED_COVERAGE]" Alias="[rc]" Column="ID" />
                                                                </HashKeys>
                                                                <RelOp NodeId="19" PhysicalOp="Parallelism" LogicalOp="Repartition Streams" EstimateRows="34995.8" EstimateIO="0" EstimateCPU="0.0807772" AvgRowSize="39" EstimatedTotalSubtreeCost="235.967" Parallel="1" EstimateRebinds="0" EstimateRewinds="0" EstimatedExecutionMode="Row">
                                                                  <OutputList>
                                                                    <ColumnReference Database="[UniTrac]" Schema="[dbo]" Table="[REQUIRED_COVERAGE]" Alias="[rc]" Column="ID" />
                                                                    <ColumnReference Database="[UniTrac]" Schema="[dbo]" Table="[COLLATERAL]" Alias="[c]" Column="ID" />
                                                                    <ColumnReference Database="[UniTrac]" Schema="[dbo]" Table="[COLLATERAL]" Alias="[c]" Column="LOAN_ID" />
                                                                    <ColumnReference Database="[UniTrac]" Schema="[dbo]" Table="[COLLATERAL]" Alias="[c]" Column="PROPERTY_ID" />
                                                                  </OutputList>
                                                                  <Parallelism PartitioningType="Hash">
                                                                    <PartitionColumns>
                                                                      <ColumnReference Database="[UniTrac]" Schema="[dbo]" Table="[REQUIRED_COVERAGE]" Alias="[rc]" Column="ID" />
                                                                    </PartitionColumns>
                                                                    <RelOp NodeId="20" PhysicalOp="Nested Loops" LogicalOp="Inner Join" EstimateRows="34995.8" EstimateIO="0" EstimateCPU="0.0376764" AvgRowSize="39" EstimatedTotalSubtreeCost="235.886" Parallel="1" EstimateRebinds="0" EstimateRewinds="0" EstimatedExecutionMode="Row">
                                                                      <OutputList>
                                                                        <ColumnReference Database="[UniTrac]" Schema="[dbo]" Table="[REQUIRED_COVERAGE]" Alias="[rc]" Column="ID" />
                                                                        <ColumnReference Database="[UniTrac]" Schema="[dbo]" Table="[COLLATERAL]" Alias="[c]" Column="ID" />
                                                                        <ColumnReference Database="[UniTrac]" Schema="[dbo]" Table="[COLLATERAL]" Alias="[c]" Column="LOAN_ID" />
                                                                        <ColumnReference Database="[UniTrac]" Schema="[dbo]" Table="[COLLATERAL]" Alias="[c]" Column="PROPERTY_ID" />
                                                                      </OutputList>
                                                                      <NestedLoops Optimized="0" WithUnorderedPrefetch="1">
                                                                        <OuterReferences>
                                                                          <ColumnReference Database="[UniTrac]" Schema="[dbo]" Table="[COLLATERAL]" Alias="[c]" Column="PROPERTY_ID" />
                                                                          <ColumnReference Column="Expr1025" />
                                                                        </OuterReferences>
                                                                        <RelOp NodeId="22" PhysicalOp="Nested Loops" LogicalOp="Inner Join" EstimateRows="34699.6" EstimateIO="0" EstimateCPU="0.0414384" AvgRowSize="31" EstimatedTotalSubtreeCost="126.125" Parallel="1" EstimateRebinds="0" EstimateRewinds="0" EstimatedExecutionMode="Row">
                                                                          <OutputList>
                                                                            <ColumnReference Database="[UniTrac]" Schema="[dbo]" Table="[COLLATERAL]" Alias="[c]" Column="ID" />
                                                                            <ColumnReference Database="[UniTrac]" Schema="[dbo]" Table="[COLLATERAL]" Alias="[c]" Column="LOAN_ID" />
                                                                            <ColumnReference Database="[UniTrac]" Schema="[dbo]" Table="[COLLATERAL]" Alias="[c]" Column="PROPERTY_ID" />
                                                                          </OutputList>
                                                                          <MemoryFractions Input="0" Output="0.174382" />
                                                                          <NestedLoops Optimized="1" WithUnorderedPrefetch="1">
                                                                            <OuterReferences>
                                                                              <ColumnReference Table="[#COLLATERAL_ID_BY_RANK]" Column="COLLATERAL_ID" />
                                                                              <ColumnReference Column="Expr1024" />
                                                                            </OuterReferences>
                                                                            <RelOp NodeId="25" PhysicalOp="Table Scan" LogicalOp="Table Scan" EstimateRows="39654" EstimateIO="0.296537" EstimateCPU="0.0264867" AvgRowSize="23" EstimatedTotalSubtreeCost="0.323024" TableCardinality="96244" Parallel="1" EstimateRebinds="0" EstimateRewinds="0" EstimatedExecutionMode="Row">
                                                                              <OutputList>
                                                                                <ColumnReference Table="[#COLLATERAL_ID_BY_RANK]" Column="COLLATERAL_ID" />
                                                                              </OutputList>
                                                                              <TableScan Ordered="0" ForcedIndex="0" ForceScan="0" NoExpandHint="0" Storage="RowStore">
                                                                                <DefinedValues>
                                                                                  <DefinedValue>
                                                                                    <ColumnReference Table="[#COLLATERAL_ID_BY_RANK]" Column="COLLATERAL_ID" />
                                                                                  </DefinedValue>
                                                                                </DefinedValues>
                                                                                <Object Database="[tempdb]" Schema="[dbo]" Table="[#COLLATERAL_ID_BY_RANK]" Storage="RowStore" />
                                                                                <Predicate>
                                                                                  <ScalarOperator ScalarString="[#COLLATERAL_ID_BY_RANK].[RANK]=(1)">
                                                                                    <Compare CompareOp="EQ">
                                                                                      <ScalarOperator>
                                                                                        <Identifier>
                                                                                          <ColumnReference Table="[#COLLATERAL_ID_BY_RANK]" Column="RANK" />
                                                                                        </Identifier>
                                                                                      </ScalarOperator>
                                                                                      <ScalarOperator>
                                                                                        <Const ConstValue="(1)" />
                                                                                      </ScalarOperator>
                                                                                    </Compare>
                                                                                  </ScalarOperator>
                                                                                </Predicate>
                                                                              </TableScan>
                                                                            </RelOp>
                                                                            <RelOp NodeId="26" PhysicalOp="Clustered Index Seek" LogicalOp="Clustered Index Seek" EstimateRows="1" EstimateIO="0.003125" EstimateCPU="0.0001581" AvgRowSize="40" EstimatedTotalSubtreeCost="125.714" TableCardinality="9.15244e+007" Parallel="1" EstimateRebinds="39653" EstimateRewinds="0" EstimatedExecutionMode="Row">
                                                                              <OutputList>
                                                                                <ColumnReference Database="[UniTrac]" Schema="[dbo]" Table="[COLLATERAL]" Alias="[c]" Column="ID" />
                                                                                <ColumnReference Database="[UniTrac]" Schema="[dbo]" Table="[COLLATERAL]" Alias="[c]" Column="LOAN_ID" />
                                                                                <ColumnReference Database="[UniTrac]" Schema="[dbo]" Table="[COLLATERAL]" Alias="[c]" Column="PROPERTY_ID" />
                                                                              </OutputList>
                                                                              <IndexScan Ordered="1" ScanDirection="FORWARD" ForcedIndex="0" ForceSeek="0" ForceScan="0" NoExpandHint="0" Storage="RowStore">
                                                                                <DefinedValues>
                                                                                  <DefinedValue>
                                                                                    <ColumnReference Database="[UniTrac]" Schema="[dbo]" Table="[COLLATERAL]" Alias="[c]" Column="ID" />
                                                                                  </DefinedValue>
                                                                                  <DefinedValue>
                                                                                    <ColumnReference Database="[UniTrac]" Schema="[dbo]" Table="[COLLATERAL]" Alias="[c]" Column="LOAN_ID" />
                                                                                  </DefinedValue>
                                                                                  <DefinedValue>
                                                                                    <ColumnReference Database="[UniTrac]" Schema="[dbo]" Table="[COLLATERAL]" Alias="[c]" Column="PROPERTY_ID" />
                                                                                  </DefinedValue>
                                                                                </DefinedValues>
                                                                                <Object Database="[UniTrac]" Schema="[dbo]" Table="[COLLATERAL]" Index="[PK_COLLATERAL]" Alias="[c]" IndexKind="Clustered" Storage="RowStore" />
                                                                                <SeekPredicates>
                                                                                  <SeekPredicateNew>
                                                                                    <SeekKeys>
                                                                                      <Prefix ScanType="EQ">
                                                                                        <RangeColumns>
                                                                                          <ColumnReference Database="[UniTrac]" Schema="[dbo]" Table="[COLLATERAL]" Alias="[c]" Column="ID" />
                                                                                        </RangeColumns>
                                                                                        <RangeExpressions>
                                                                                          <ScalarOperator ScalarString="[#COLLATERAL_ID_BY_RANK].[COLLATERAL_ID]">
                                                                                            <Identifier>
                                                                                              <ColumnReference Table="[#COLLATERAL_ID_BY_RANK]" Column="COLLATERAL_ID" />
                                                                                            </Identifier>
                                                                                          </ScalarOperator>
                                                                                        </RangeExpressions>
                                                                                      </Prefix>
                                                                                    </SeekKeys>
                                                                                  </SeekPredicateNew>
                                                                                </SeekPredicates>
                                                                                <Predicate>
                                                                                  <ScalarOperator ScalarString="[UniTrac].[dbo].[COLLATERAL].[PURGE_DT] as [c].[PURGE_DT] IS NULL AND [UniTrac].[dbo].[COLLATERAL].[PRIMARY_LOAN_IN] as [c].[PRIMARY_LOAN_IN]='Y'">
                                                                                    <Logical Operation="AND">
                                                                                      <ScalarOperator>
                                                                                        <Compare CompareOp="IS">
                                                                                          <ScalarOperator>
                                                                                            <Identifier>
                                                                                              <ColumnReference Database="[UniTrac]" Schema="[dbo]" Table="[COLLATERAL]" Alias="[c]" Column="PURGE_DT" />
                                                                                            </Identifier>
                                                                                          </ScalarOperator>
                                                                                          <ScalarOperator>
                                                                                            <Const ConstValue="NULL" />
                                                                                          </ScalarOperator>
                                                                                        </Compare>
                                                                                      </ScalarOperator>
                                                                                      <ScalarOperator>
                                                                                        <Compare CompareOp="EQ">
                                                                                          <ScalarOperator>
                                                                                            <Identifier>
                                                                                              <ColumnReference Database="[UniTrac]" Schema="[dbo]" Table="[COLLATERAL]" Alias="[c]" Column="PRIMARY_LOAN_IN" />
                                                                                            </Identifier>
                                                                                          </ScalarOperator>
                                                                                          <ScalarOperator>
                                                                                            <Const ConstValue="'Y'" />
                                                                                          </ScalarOperator>
                                                                                        </Compare>
                                                                                      </ScalarOperator>
                                                                                    </Logical>
                                                                                  </ScalarOperator>
                                                                                </Predicate>
                                                                              </IndexScan>
                                                                            </RelOp>
                                                                          </NestedLoops>
                                                                        </RelOp>
                                                                        <RelOp NodeId="27" PhysicalOp="Index Seek" LogicalOp="Index Seek" EstimateRows="1.03903" EstimateIO="0.003125" EstimateCPU="0.000158143" AvgRowSize="15" EstimatedTotalSubtreeCost="109.723" TableCardinality="9.71355e+007" Parallel="1" EstimateRebinds="34698.6" EstimateRewinds="0.000421234" EstimatedExecutionMode="Row">
                                                                          <OutputList>
                                                                            <ColumnReference Database="[UniTrac]" Schema="[dbo]" Table="[REQUIRED_COVERAGE]" Alias="[rc]" Column="ID" />
                                                                          </OutputList>
                                                                          <IndexScan Ordered="1" ScanDirection="FORWARD" ForcedIndex="0" ForceSeek="0" ForceScan="0" NoExpandHint="0" Storage="RowStore">
                                                                            <DefinedValues>
                                                                              <DefinedValue>
                                                                                <ColumnReference Database="[UniTrac]" Schema="[dbo]" Table="[REQUIRED_COVERAGE]" Alias="[rc]" Column="ID" />
                                                                              </DefinedValue>
                                                                            </DefinedValues>
                                                                            <Object Database="[UniTrac]" Schema="[dbo]" Table="[REQUIRED_COVERAGE]" Index="[IDX_REQUIRED_COVERAGE_PROPERTYID_PURGEDT]" Alias="[rc]" IndexKind="NonClustered" Storage="RowStore" />
                                                                            <SeekPredicates>
                                                                              <SeekPredicateNew>
                                                                                <SeekKeys>
                                                                                  <Prefix ScanType="EQ">
                                                                                    <RangeColumns>
                                                                                      <ColumnReference Database="[UniTrac]" Schema="[dbo]" Table="[REQUIRED_COVERAGE]" Alias="[rc]" Column="PROPERTY_ID" />
                                                                                      <ColumnReference Database="[UniTrac]" Schema="[dbo]" Table="[REQUIRED_COVERAGE]" Alias="[rc]" Column="PURGE_DT" />
                                                                                    </RangeColumns>
                                                                                    <RangeExpressions>
                                                                                      <ScalarOperator ScalarString="[UniTrac].[dbo].[COLLATERAL].[PROPERTY_ID] as [c].[PROPERTY_ID]">
                                                                                        <Identifier>
                                                                                          <ColumnReference Database="[UniTrac]" Schema="[dbo]" Table="[COLLATERAL]" Alias="[c]" Column="PROPERTY_ID" />
                                                                                        </Identifier>
                                                                                      </ScalarOperator>
                                                                                      <ScalarOperator ScalarString="NULL">
                                                                                        <Const ConstValue="NULL" />
                                                                                      </ScalarOperator>
                                                                                    </RangeExpressions>
                                                                                  </Prefix>
                                                                                </SeekKeys>
                                                                              </SeekPredicateNew>
                                                                            </SeekPredicates>
                                                                          </IndexScan>
                                                                        </RelOp>
                                                                      </NestedLoops>
                                                                    </RelOp>
                                                                  </Parallelism>
                                                                </RelOp>
                                                              </Bitmap>
                                                            </RelOp>
                                                            <RelOp NodeId="28" PhysicalOp="Parallelism" LogicalOp="Repartition Streams" EstimateRows="1.9864e+006" EstimateIO="0" EstimateCPU="2.24197" AvgRowSize="24" EstimatedTotalSubtreeCost="32.9585" Parallel="1" EstimateRebinds="0" EstimateRewinds="0" EstimatedExecutionMode="Row">
                                                              <OutputList>
                                                                <ColumnReference Database="[UniTrac]" Schema="[dbo]" Table="[REQUIRED_ESCROW]" Alias="[re]" Column="ID" />
                                                                <ColumnReference Database="[UniTrac]" Schema="[dbo]" Table="[REQUIRED_ESCROW]" Alias="[re]" Column="REQUIRED_COVERAGE_ID" />
                                                                <ColumnReference Database="[UniTrac]" Schema="[dbo]" Table="[REQUIRED_ESCROW]" Alias="[re]" Column="ACTIVE_IN" />
                                                              </OutputList>
                                                              <Parallelism PartitioningType="Hash">
                                                                <PartitionColumns>
                                                                  <ColumnReference Database="[UniTrac]" Schema="[dbo]" Table="[REQUIRED_ESCROW]" Alias="[re]" Column="REQUIRED_COVERAGE_ID" />
                                                                </PartitionColumns>
                                                                <RelOp NodeId="29" PhysicalOp="Index Scan" LogicalOp="Index Scan" EstimateRows="1.9864e+006" EstimateIO="29.092" EstimateCPU="0.902526" AvgRowSize="32" EstimatedTotalSubtreeCost="29.9945" TableCardinality="3.28177e+006" Parallel="1" EstimateRebinds="0" EstimateRewinds="0" EstimatedExecutionMode="Row">
                                                                  <OutputList>
                                                                    <ColumnReference Database="[UniTrac]" Schema="[dbo]" Table="[REQUIRED_ESCROW]" Alias="[re]" Column="ID" />
                                                                    <ColumnReference Database="[UniTrac]" Schema="[dbo]" Table="[REQUIRED_ESCROW]" Alias="[re]" Column="REQUIRED_COVERAGE_ID" />
                                                                    <ColumnReference Database="[UniTrac]" Schema="[dbo]" Table="[REQUIRED_ESCROW]" Alias="[re]" Column="ACTIVE_IN" />
                                                                  </OutputList>
                                                                  <IndexScan Ordered="1" ScanDirection="FORWARD" ForcedIndex="0" ForceSeek="0" ForceScan="0" NoExpandHint="0" Storage="RowStore">
                                                                    <DefinedValues>
                                                                      <DefinedValue>
                                                                        <ColumnReference Database="[UniTrac]" Schema="[dbo]" Table="[REQUIRED_ESCROW]" Alias="[re]" Column="ID" />
                                                                      </DefinedValue>
                                                                      <DefinedValue>
                                                                        <ColumnReference Database="[UniTrac]" Schema="[dbo]" Table="[REQUIRED_ESCROW]" Alias="[re]" Column="REQUIRED_COVERAGE_ID" />
                                                                      </DefinedValue>
                                                                      <DefinedValue>
                                                                        <ColumnReference Database="[UniTrac]" Schema="[dbo]" Table="[REQUIRED_ESCROW]" Alias="[re]" Column="ACTIVE_IN" />
                                                                      </DefinedValue>
                                                                    </DefinedValues>
                                                                    <Object Database="[UniTrac]" Schema="[dbo]" Table="[REQUIRED_ESCROW]" Index="[IDX_REQUIRED_COVERAGE_ESCROW_RC_ID]" Alias="[re]" IndexKind="NonClustered" Storage="RowStore" />
                                                                    <Predicate>
                                                                      <ScalarOperator ScalarString="[UniTrac].[dbo].[REQUIRED_ESCROW].[PURGE_DT] as [re].[PURGE_DT] IS NULL AND [UniTrac].[dbo].[REQUIRED_ESCROW].[ACTIVE_IN] as [re].[ACTIVE_IN]='Y' AND PROBE([Bitmap1026],[UniTrac].[dbo].[REQUIRED_ESCROW].[REQUIRED_COVERAGE_ID] as [re].[REQUIRED_COVERAGE_ID],N'[IN ROW]')">
                                                                        <Logical Operation="AND">
                                                                          <ScalarOperator>
                                                                            <Logical Operation="AND">
                                                                              <ScalarOperator>
                                                                                <Compare CompareOp="IS">
                                                                                  <ScalarOperator>
                                                                                    <Identifier>
                                                                                      <ColumnReference Database="[UniTrac]" Schema="[dbo]" Table="[REQUIRED_ESCROW]" Alias="[re]" Column="PURGE_DT" />
                                                                                    </Identifier>
                                                                                  </ScalarOperator>
                                                                                  <ScalarOperator>
                                                                                    <Const ConstValue="NULL" />
                                                                                  </ScalarOperator>
                                                                                </Compare>
                                                                              </ScalarOperator>
                                                                              <ScalarOperator>
                                                                                <Compare CompareOp="EQ">
                                                                                  <ScalarOperator>
                                                                                    <Identifier>
                                                                                      <ColumnReference Database="[UniTrac]" Schema="[dbo]" Table="[REQUIRED_ESCROW]" Alias="[re]" Column="ACTIVE_IN" />
                                                                                    </Identifier>
                                                                                  </ScalarOperator>
                                                                                  <ScalarOperator>
                                                                                    <Const ConstValue="'Y'" />
                                                                                  </ScalarOperator>
                                                                                </Compare>
                                                                              </ScalarOperator>
                                                                            </Logical>
                                                                          </ScalarOperator>
                                                                          <ScalarOperator>
                                                                            <Intrinsic FunctionName="PROBE">
                                                                              <ScalarOperator>
                                                                                <Identifier>
                                                                                  <ColumnReference Column="Bitmap1026" />
                                                                                </Identifier>
                                                                              </ScalarOperator>
                                                                              <ScalarOperator>
                                                                                <Identifier>
                                                                                  <ColumnReference Database="[UniTrac]" Schema="[dbo]" Table="[REQUIRED_ESCROW]" Alias="[re]" Column="REQUIRED_COVERAGE_ID" />
                                                                                </Identifier>
                                                                              </ScalarOperator>
                                                                              <ScalarOperator>
                                                                                <Const ConstValue="N'[IN ROW]'" />
                                                                              </ScalarOperator>
                                                                            </Intrinsic>
                                                                          </ScalarOperator>
                                                                        </Logical>
                                                                      </ScalarOperator>
                                                                    </Predicate>
                                                                  </IndexScan>
                                                                </RelOp>
                                                              </Parallelism>
                                                            </RelOp>
                                                          </Hash>
                                                        </RelOp>
                                                        <RelOp NodeId="31" PhysicalOp="Clustered Index Seek" LogicalOp="Clustered Index Seek" EstimateRows="1" EstimateIO="0.003125" EstimateCPU="0.0001581" AvgRowSize="9" EstimatedTotalSubtreeCost="0.492924" TableCardinality="8.94349e+007" Parallel="1" EstimateRebinds="772.113" EstimateRewinds="3.9468" EstimatedExecutionMode="Row">
                                                          <OutputList />
                                                          <IndexScan Ordered="1" ScanDirection="FORWARD" ForcedIndex="0" ForceSeek="0" ForceScan="0" NoExpandHint="0" Storage="RowStore">
                                                            <DefinedValues />
                                                            <Object Database="[UniTrac]" Schema="[dbo]" Table="[LOAN]" Index="[PK_LOAN]" Alias="[l]" IndexKind="Clustered" Storage="RowStore" />
                                                            <SeekPredicates>
                                                              <SeekPredicateNew>
                                                                <SeekKeys>
                                                                  <Prefix ScanType="EQ">
                                                                    <RangeColumns>
                                                                      <ColumnReference Database="[UniTrac]" Schema="[dbo]" Table="[LOAN]" Alias="[l]" Column="ID" />
                                                                    </RangeColumns>
                                                                    <RangeExpressions>
                                                                      <ScalarOperator ScalarString="[UniTrac].[dbo].[COLLATERAL].[LOAN_ID] as [c].[LOAN_ID]">
                                                                        <Identifier>
                                                                          <ColumnReference Database="[UniTrac]" Schema="[dbo]" Table="[COLLATERAL]" Alias="[c]" Column="LOAN_ID" />
                                                                        </Identifier>
                                                                      </ScalarOperator>
                                                                    </RangeExpressions>
                                                                  </Prefix>
                                                                </SeekKeys>
                                                              </SeekPredicateNew>
                                                            </SeekPredicates>
                                                            <Predicate>
                                                              <ScalarOperator ScalarString="[UniTrac].[dbo].[LOAN].[ESCROW_IN] as [l].[ESCROW_IN]='N'">
                                                                <Compare CompareOp="EQ">
                                                                  <ScalarOperator>
                                                                    <Identifier>
                                                                      <ColumnReference Database="[UniTrac]" Schema="[dbo]" Table="[LOAN]" Alias="[l]" Column="ESCROW_IN" />
                                                                    </Identifier>
                                                                  </ScalarOperator>
                                                                  <ScalarOperator>
                                                                    <Const ConstValue="'N'" />
                                                                  </ScalarOperator>
                                                                </Compare>
                                                              </ScalarOperator>
                                                            </Predicate>
                                                          </IndexScan>
                                                        </RelOp>
                                                      </NestedLoops>
                                                    </RelOp>
                                                    <RelOp NodeId="32" PhysicalOp="Clustered Index Seek" LogicalOp="Clustered Index Seek" EstimateRows="1" EstimateIO="0.003125" EstimateCPU="0.0001581" AvgRowSize="15" EstimatedTotalSubtreeCost="0.554315" TableCardinality="8.88242e+007" Parallel="1" EstimateRebinds="710.512" EstimateRewinds="4.06851" EstimatedExecutionMode="Row">
                                                      <OutputList />
                                                      <IndexScan Ordered="1" ScanDirection="FORWARD" ForcedIndex="0" ForceSeek="0" ForceScan="0" NoExpandHint="0" Storage="RowStore">
                                                        <DefinedValues />
                                                        <Object Database="[UniTrac]" Schema="[dbo]" Table="[PROPERTY]" Index="[PK_PROPERTY]" Alias="[p]" IndexKind="Clustered" Storage="RowStore" />
                                                        <SeekPredicates>
                                                          <SeekPredicateNew>
                                                            <SeekKeys>
                                                              <Prefix ScanType="EQ">
                                                                <RangeColumns>
                                                                  <ColumnReference Database="[UniTrac]" Schema="[dbo]" Table="[PROPERTY]" Alias="[p]" Column="ID" />
                                                                </RangeColumns>
                                                                <RangeExpressions>
                                                                  <ScalarOperator ScalarString="[UniTrac].[dbo].[COLLATERAL].[PROPERTY_ID] as [c].[PROPERTY_ID]">
                                                                    <Identifier>
                                                                      <ColumnReference Database="[UniTrac]" Schema="[dbo]" Table="[COLLATERAL]" Alias="[c]" Column="PROPERTY_ID" />
                                                                    </Identifier>
                                                                  </ScalarOperator>
                                                                </RangeExpressions>
                                                              </Prefix>
                                                            </SeekKeys>
                                                          </SeekPredicateNew>
                                                        </SeekPredicates>
                                                        <Predicate>
                                                          <ScalarOperator ScalarString="[UniTrac].[dbo].[PROPERTY].[PURGE_DT] as [p].[PURGE_DT] IS NULL">
                                                            <Compare CompareOp="IS">
                                                              <ScalarOperator>
                                                                <Identifier>
                                                                  <ColumnReference Database="[UniTrac]" Schema="[dbo]" Table="[PROPERTY]" Alias="[p]" Column="PURGE_DT" />
                                                                </Identifier>
                                                              </ScalarOperator>
                                                              <ScalarOperator>
                                                                <Const ConstValue="NULL" />
                                                              </ScalarOperator>
                                                            </Compare>
                                                          </ScalarOperator>
                                                        </Predicate>
                                                      </IndexScan>
                                                    </RelOp>
                                                  </NestedLoops>
                                                </RelOp>
                                              </Parallelism>
                                            </RelOp>
                                          </Sort>
                                        </RelOp>
                                      </StreamAggregate>
                                    </RelOp>
                                  </Parallelism>
                                </RelOp>
                              </StreamAggregate>
                            </RelOp>
                          </ComputeScalar>
                        </RelOp>
                      </ComputeScalar>
                    </RelOp>
                  </ComputeScalar>
                </RelOp>
              </Update>
            </RelOp>
          </QueryPlan>
        </StmtSimple>
        <StmtSimple StatementText="  &#xD;&#xA;&#xD;&#xA;&#x9;&#x9;COMMIT TRANSACTION&#xD;&#xA;&#x9;" StatementId="11" StatementCompId="13" StatementType="COMMIT TRANSACTION" RetrievedFromCache="true" />
        <StmtSimple StatementText="END TRY&#xD;&#xA;&#x9;" StatementId="12" StatementCompId="14" StatementType="END TRY" RetrievedFromCache="true" />
        <StmtSimple StatementText="BEGIN CATCH&#xD;&#xA;&#x9;&#x9;" StatementId="13" StatementCompId="15" StatementType="BEGIN CATCH" RetrievedFromCache="true" />
        <StmtSimple StatementText="ROLLBACK TRANSACTION&#xD;&#xA;&#x9;&#x9;THROW&#xD;&#xA;&#x9;" StatementId="14" StatementCompId="16" StatementType="ROLLBACK TRANSACTION" RetrievedFromCache="true" />
        <StmtSimple StatementText="END CATCH" StatementId="15" StatementCompId="17" StatementType="END CATCH" RetrievedFromCache="true" />
      </Statements>
    </Batch>
  </BatchSequence>
</ShowPlanXML>