<ShowPlanXML xmlns="http://schemas.microsoft.com/sqlserver/2004/07/showplan" Version="1.1" Build="10.0.4067.0"><BatchSequence><Batch><Statements><StmtSimple StatementText="&#xd;&#xa;&#xd;&#xa;CREATE PROCEDURE [dbo].[PurgeRequiredCoverageRelates]&#xd;&#xa;(&#xd;&#xa;@requiredCoverageId bigint ,&#xd;&#xa;@propertyId bigint ,&#xd;&#xa;@updateUser nvarchar(15)&#xd;&#xa;)&#xd;&#xa;AS&#xd;&#xa;BEGIN&#x9;&#xd;&#xa;&#x9;SET NOCOUNT ON&#xd;&#xa;&#x9;&#xd;&#xa;&#x9;CREATE TABLE #TMPPLI&#xd;&#xa;&#x9;(&#xd;&#xa;&#x9;  PLI_ID BIGINT&#xd;&#xa;&#x9;)&#xd;&#xa;&#x9;&#xd;&#xa;&#x9;--- WITHDRAW AND PURGE OBCALL WI&#xd;&#xa;&#x9;UPDATE WI SET &#xd;&#xa;&#x9;STATUS_CD = &apos;Withdrawn&apos; , &#x9;&#xd;&#xa;&#x9;UPDATE_DT = GETDATE() ,&#xd;&#xa;&#x9;UPDATE_USER_TX = @updateUser , &#xd;&#xa;&#x9;LOCK_ID = WI.LOCK_ID % 255 + 1&#xd;&#xa;&#x9;FROM WORK_ITEM WI&#xd;&#xa;    JOIN WORKFLOW_DEFINITION WFD ON WI.WORKFLOW_DEFINITION_ID = WFD.ID &#xd;&#xa;    AND WFD.PURGE_DT IS NULL AND WFD.NAME_TX = &apos;OutboundCall&apos; &#xd;&#xa;&#x9;AND WI.PURGE_DT IS NULL&#xd;&#xa;&#x9;JOIN INTERACTION_HISTORY IH ON IH.ID = wi.RELATE_ID&#xd;&#xa;&#x9;AND IH.PURGE_DT IS NULL&#xd;&#xa;&#x9;WHERE IH.PROPERTY_ID = @propertyId&#xd;&#xa;&#x9;AND IH.TYPE_CD = &apos;OUTBNDCALL&apos;&#xd;&#xa;&#x9;AND ISNULL(IH.SPECIAL_HANDLING_XML.value(&apos;(/SH/RC)[1]&apos; , &apos;bigint&apos;),0) = @requiredCoverageId&#xd;&#xa;&#x9;AND WI.STATUS_CD NOT IN (&apos;Complete&apos;, &apos;Withdrawn&apos;)&#xd;&#xa;&#x9;&#x9;&#xd;&#xa;&#x9;--- NOTICES&#xd;&#xa;&#x9;INSERT INTO #TMPPLI&#xd;&#xa;&#x9;SELECT DISTINCT PLI.ID &#xd;&#xa;&#x9;FROM PROCESS_LOG_ITEM PLI&#xd;&#xa;&#x9;JOIN NOTICE_REQUIRED_COVERAGE_RELATE REL ON REL.NOTICE_ID = PLI.RELATE_ID&#xd;&#xa;&#x9;AND REL.PURGE_DT IS NULL AND PLI.PURGE_DT IS NULL&#xd;&#xa;&#x9;JOIN WORK_ITEM WI ON WI.RELATE_ID = PLI.PROCESS_LOG_ID&#xd;&#xa;&#x9;AND WI.PURGE_DT IS NULL&#xd;&#xa;&#x9;JOIN WORKFLOW_DEFINITION WFD ON WFD.ID = WI.WORKFLOW_DEFINITION_ID&#xd;&#xa;&#x9;AND WFD.NAME_TX = &apos;Cycle&apos;&#x9;&#xd;&#xa;&#x9;WHERE REL.REQUIRED_COVERAGE_ID = @requiredCoverageId&#xd;&#xa;&#x9;AND PLI.RELATE_TYPE_CD = &apos;Allied.UniTrac.Notice&apos;&#xd;&#xa;&#x9;AND PLI.STATUS_CD = &apos;COMP&apos;&#xd;&#xa;&#x9;AND WI.STATUS_CD NOT IN (&apos;Complete&apos;, &apos;Withdrawn&apos;)&#xd;&#xa;&#x9;AND WI.RELATE_TYPE_CD = &apos;Osprey.ProcessMgr.ProcessLog&apos;&#xd;&#xa;&#x9;&#xd;&#xa;&#x9;&#xd;&#xa;&#x9;--- AUTOOBCALL&#xd;&#xa;&#x9;INSERT INTO #TMPPLI&#xd;&#xa;&#x9;SELECT DISTINCT PLI.ID &#xd;&#xa;&#x9;FROM PROCESS_LOG_ITEM PLI&#xd;&#xa;&#x9;JOIN EVALUATION_EVENT EE ON EE.ID = PLI.EVALUATION_EVENT_ID&#xd;&#xa;&#x9;AND EE.PURGE_DT IS NULL AND PLI.PURGE_DT IS NULL&#xd;&#xa;&#x9;JOIN WORK_ITEM WI ON WI.RELATE_ID = PLI.PROCESS_LOG_ID&#xd;&#xa;&#x9;AND WI.PURGE_DT IS NULL&#xd;&#xa;&#x9;JOIN WORKFLOW_DEFINITION WFD ON WFD.ID = WI.WORKFLOW_DEFINITION_ID&#xd;&#xa;&#x9;AND WFD.NAME_TX = &apos;Cycle&apos;&#x9;&#xd;&#xa;&#x9;WHERE EE.REQUIRED_COVERAGE_ID = @requiredCoverageId&#xd;&#xa;&#x9;AND PLI.RELATE_TYPE_CD = &apos;Allied.UniTrac.NoticeInteraction&apos;&#xd;&#xa;&#x9;AND PLI.STATUS_CD = &apos;COMP&apos;&#xd;&#xa;&#x9;AND EE.STATUS_CD = &apos;COMP&apos;&#xd;&#xa;&#x9;AND WI.STATUS_CD NOT IN (&apos;Complete&apos;, &apos;Withdrawn&apos;)&#xd;&#xa;&#x9;AND WI.RELATE_TYPE_CD = &apos;Osprey.ProcessMgr.ProcessLog&apos;&#xd;&#xa;&#x9;&#x9;&#xd;&#xa;&#x9;&#xd;&#xa;" StatementId="1" StatementCompId="6" StatementType="INSERT" StatementSubTreeCost="218.96" StatementEstRows="1.33483" StatementOptmLevel="FULL" QueryHash="0x31DFE34810581FED" QueryPlanHash="0x9D238AE407755BA6"><StatementSetOptions QUOTED_IDENTIFIER="true" ARITHABORT="false" CONCAT_NULL_YIELDS_NULL="true" ANSI_NULLS="true" ANSI_PADDING="true" ANSI_WARNINGS="true" NUMERIC_ROUNDABORT="false"/><QueryPlan CachedPlanSize="136" CompileTime="836" CompileCPU="206" CompileMemory="2632"><MissingIndexes><MissingIndexGroup Impact="98.266"><MissingIndex Database="[UniTrac]" Schema="[dbo]" Table="[WORK_ITEM]"><ColumnGroup Usage="EQUALITY"><Column Name="[RELATE_TYPE_CD]" ColumnId="5"/><Column Name="[PURGE_DT]" ColumnId="11"/></ColumnGroup><ColumnGroup Usage="INEQUALITY"><Column Name="[STATUS_CD]" ColumnId="6"/></ColumnGroup><ColumnGroup Usage="INCLUDE"><Column Name="[WORKFLOW_DEFINITION_ID]" ColumnId="2"/><Column Name="[RELATE_ID]" ColumnId="4"/></ColumnGroup></MissingIndex></MissingIndexGroup><MissingIndexGroup Impact="98.2718"><MissingIndex Database="[UniTrac]" Schema="[dbo]" Table="[WORK_ITEM]"><ColumnGroup Usage="EQUALITY"><Column Name="[WORKFLOW_DEFINITION_ID]" ColumnId="2"/><Column Name="[RELATE_TYPE_CD]" ColumnId="5"/><Column Name="[PURGE_DT]" ColumnId="11"/></ColumnGroup><ColumnGroup Usage="INCLUDE"><Column Name="[RELATE_ID]" ColumnId="4"/><Column Name="[STATUS_CD]" ColumnId="6"/></ColumnGroup></MissingIndex></MissingIndexGroup></MissingIndexes><RelOp NodeId="0" PhysicalOp="Table Insert" LogicalOp="Insert" EstimateRows="1.33483" EstimateIO="0.01" EstimateCPU="1.33483e-006" AvgRowSize="9" EstimatedTotalSubtreeCost="218.96" Parallel="0" EstimateRebinds="0" EstimateRewinds="0"><OutputList/><Update DMLRequestSort="0"><Object Database="[tempdb]" Schema="[dbo]" Table="[#TMPPLI]"/><SetPredicate><ScalarOperator ScalarString="[#TMPPLI].[PLI_ID] = [UniTrac].[dbo].[PROCESS_LOG_ITEM].[ID] as [PLI].[ID]"><ScalarExpressionList><ScalarOperator><MultipleAssign><Assign><ColumnReference Table="[#TMPPLI]" Column="PLI_ID"/><ScalarOperator><Identifier><ColumnReference Database="[UniTrac]" Schema="[dbo]" Table="[PROCESS_LOG_ITEM]" Alias="[PLI]" Column="ID"/></Identifier></ScalarOperator></Assign></MultipleAssign></ScalarOperator></ScalarExpressionList></ScalarOperator></SetPredicate><RelOp NodeId="1" PhysicalOp="Top" LogicalOp="Top" EstimateRows="1.33483" EstimateIO="0" EstimateCPU="1.33483e-007" AvgRowSize="15" EstimatedTotalSubtreeCost="218.95" Parallel="0" EstimateRebinds="0" EstimateRewinds="0"><OutputList><ColumnReference Database="[UniTrac]" Schema="[dbo]" Table="[PROCESS_LOG_ITEM]" Alias="[PLI]" Column="ID"/></OutputList><Top RowCount="1" IsPercent="0" WithTies="0"><TopExpression><ScalarOperator ScalarString="(0)"><Const ConstValue="(0)"/></ScalarOperator></TopExpression><RelOp NodeId="2" PhysicalOp="Sort" LogicalOp="Distinct Sort" EstimateRows="1.33483" EstimateIO="0.0112613" EstimateCPU="0.000100883" AvgRowSize="15" EstimatedTotalSubtreeCost="218.95" Parallel="0" EstimateRebinds="0" EstimateRewinds="0"><OutputList><ColumnReference Database="[UniTrac]" Schema="[dbo]" Table="[PROCESS_LOG_ITEM]" Alias="[PLI]" Column="ID"/></OutputList><MemoryFractions Input="0.000431779" Output="1"/><Sort Distinct="1"><OrderBy><OrderByColumn Ascending="1"><ColumnReference Database="[UniTrac]" Schema="[dbo]" Table="[PROCESS_LOG_ITEM]" Alias="[PLI]" Column="ID"/></OrderByColumn></OrderBy><RelOp NodeId="3" PhysicalOp="Parallelism" LogicalOp="Gather Streams" EstimateRows="1.33483" EstimateIO="0" EstimateCPU="0.0285021" AvgRowSize="15" EstimatedTotalSubtreeCost="218.939" Parallel="1" EstimateRebinds="0" EstimateRewinds="0"><OutputList><ColumnReference Database="[UniTrac]" Schema="[dbo]" Table="[PROCESS_LOG_ITEM]" Alias="[PLI]" Column="ID"/></OutputList><Parallelism><RelOp NodeId="4" PhysicalOp="Hash Match" LogicalOp="Inner Join" EstimateRows="1.33483" EstimateIO="0" EstimateCPU="0.062498" AvgRowSize="15" EstimatedTotalSubtreeCost="218.91" Parallel="1" EstimateRebinds="0" EstimateRewinds="0"><OutputList><ColumnReference Database="[UniTrac]" Schema="[dbo]" Table="[PROCESS_LOG_ITEM]" Alias="[PLI]" Column="ID"/></OutputList><MemoryFractions Input="0" Output="0"/><Hash><DefinedValues/><HashKeysBuild><ColumnReference Database="[UniTrac]" Schema="[dbo]" Table="[EVALUATION_EVENT]" Alias="[EE]" Column="ID"/></HashKeysBuild><HashKeysProbe><ColumnReference Database="[UniTrac]" Schema="[dbo]" Table="[PROCESS_LOG_ITEM]" Alias="[PLI]" Column="EVALUATION_EVENT_ID"/></HashKeysProbe><ProbeResidual><ScalarOperator ScalarString="[UniTrac].[dbo].[EVALUATION_EVENT].[ID] as [EE].[ID]=[UniTrac].[dbo].[PROCESS_LOG_ITEM].[EVALUATION_EVENT_ID] as [PLI].[EVALUATION_EVENT_ID]"><Compare CompareOp="EQ"><ScalarOperator><Identifier><ColumnReference Database="[UniTrac]" Schema="[dbo]" Table="[EVALUATION_EVENT]" Alias="[EE]" Column="ID"/></Identifier></ScalarOperator><ScalarOperator><Identifier><ColumnReference Database="[UniTrac]" Schema="[dbo]" Table="[PROCESS_LOG_ITEM]" Alias="[PLI]" Column="EVALUATION_EVENT_ID"/></Identifier></ScalarOperator></Compare></ScalarOperator></ProbeResidual><RelOp NodeId="6" PhysicalOp="Parallelism" LogicalOp="Distribute Streams" EstimateRows="2.84681" EstimateIO="0" EstimateCPU="0.0285061" AvgRowSize="15" EstimatedTotalSubtreeCost="0.0317964" Parallel="1" EstimateRebinds="0" EstimateRewinds="0"><OutputList><ColumnReference Database="[UniTrac]" Schema="[dbo]" Table="[EVALUATION_EVENT]" Alias="[EE]" Column="ID"/></OutputList><Parallelism PartitioningType="Broadcast"><RelOp NodeId="7" PhysicalOp="Index Seek" LogicalOp="Index Seek" EstimateRows="2.84681" EstimateIO="0.003125" EstimateCPU="0.000161616" AvgRowSize="30" EstimatedTotalSubtreeCost="0.00328662" TableCardinality="4.69304e+007" Parallel="0" EstimateRebinds="0" EstimateRewinds="0"><OutputList><ColumnReference Database="[UniTrac]" Schema="[dbo]" Table="[EVALUATION_EVENT]" Alias="[EE]" Column="ID"/></OutputList><IndexScan Ordered="1" ScanDirection="FORWARD" ForcedIndex="0" ForceSeek="0" NoExpandHint="0"><DefinedValues><DefinedValue><ColumnReference Database="[UniTrac]" Schema="[dbo]" Table="[EVALUATION_EVENT]" Alias="[EE]" Column="ID"/></DefinedValue></DefinedValues><Object Database="[UniTrac]" Schema="[dbo]" Table="[EVALUATION_EVENT]" Index="[IDX_EVALUATION_EVENT_REQ_COVERAGE]" Alias="[EE]" IndexKind="NonClustered"/><SeekPredicates><SeekPredicateNew><SeekKeys><Prefix ScanType="EQ"><RangeColumns><ColumnReference Database="[UniTrac]" Schema="[dbo]" Table="[EVALUATION_EVENT]" Alias="[EE]" Column="REQUIRED_COVERAGE_ID"/></RangeColumns><RangeExpressions><ScalarOperator ScalarString="[@requiredCoverageId]"><Identifier><ColumnReference Column="@requiredCoverageId"/></Identifier></ScalarOperator></RangeExpressions></Prefix></SeekKeys></SeekPredicateNew></SeekPredicates><Predicate><ScalarOperator ScalarString="[UniTrac].[dbo].[EVALUATION_EVENT].[PURGE_DT] as [EE].[PURGE_DT] IS NULL AND [UniTrac].[dbo].[EVALUATION_EVENT].[STATUS_CD] as [EE].[STATUS_CD]=&apos;COMP&apos;"><Logical Operation="AND"><ScalarOperator><Compare CompareOp="IS"><ScalarOperator><Identifier><ColumnReference Database="[UniTrac]" Schema="[dbo]" Table="[EVALUATION_EVENT]" Alias="[EE]" Column="PURGE_DT"/></Identifier></ScalarOperator><ScalarOperator><Const ConstValue="NULL"/></ScalarOperator></Compare></ScalarOperator><ScalarOperator><Compare CompareOp="EQ"><ScalarOperator><Identifier><ColumnReference Database="[UniTrac]" Schema="[dbo]" Table="[EVALUATION_EVENT]" Alias="[EE]" Column="STATUS_CD"/></Identifier></ScalarOperator><ScalarOperator><Const ConstValue="&apos;COMP&apos;"/></ScalarOperator></Compare></ScalarOperator></Logical></ScalarOperator></Predicate></IndexScan></RelOp></Parallelism></RelOp><RelOp NodeId="8" PhysicalOp="Nested Loops" LogicalOp="Inner Join" EstimateRows="7854.86" EstimateIO="0" EstimateCPU="0.00410417" AvgRowSize="23" EstimatedTotalSubtreeCost="218.816" Parallel="1" EstimateRebinds="0" EstimateRewinds="0"><OutputList><ColumnReference Database="[UniTrac]" Schema="[dbo]" Table="[PROCESS_LOG_ITEM]" Alias="[PLI]" Column="ID"/><ColumnReference Database="[UniTrac]" Schema="[dbo]" Table="[PROCESS_LOG_ITEM]" Alias="[PLI]" Column="EVALUATION_EVENT_ID"/></OutputList><NestedLoops Optimized="1" WithUnorderedPrefetch="1"><OuterReferences><ColumnReference Database="[UniTrac]" Schema="[dbo]" Table="[PROCESS_LOG_ITEM]" Alias="[PLI]" Column="ID"/><ColumnReference Column="Expr1018"/></OuterReferences><RelOp NodeId="11" PhysicalOp="Nested Loops" LogicalOp="Inner Join" EstimateRows="7854.86" EstimateIO="0" EstimateCPU="0.00410417" AvgRowSize="15" EstimatedTotalSubtreeCost="217.108" Parallel="1" EstimateRebinds="0" EstimateRewinds="0"><OutputList><ColumnReference Database="[UniTrac]" Schema="[dbo]" Table="[PROCESS_LOG_ITEM]" Alias="[PLI]" Column="ID"/></OutputList><NestedLoops Optimized="0" WithUnorderedPrefetch="1"><OuterReferences><ColumnReference Database="[UniTrac]" Schema="[dbo]" Table="[WORK_ITEM]" Alias="[WI]" Column="RELATE_ID"/><ColumnReference Column="Expr1017"/></OuterReferences><RelOp NodeId="13" PhysicalOp="Sort" LogicalOp="Sort" EstimateRows="485.434" EstimateIO="0.00140766" EstimateCPU="0.000857162" AvgRowSize="15" EstimatedTotalSubtreeCost="215.581" Parallel="1" EstimateRebinds="0" EstimateRewinds="0"><OutputList><ColumnReference Database="[UniTrac]" Schema="[dbo]" Table="[WORK_ITEM]" Alias="[WI]" Column="RELATE_ID"/></OutputList><MemoryFractions Input="0.000874126" Output="0.98791"/><Sort Distinct="0"><OrderBy><OrderByColumn Ascending="1"><ColumnReference Database="[UniTrac]" Schema="[dbo]" Table="[WORK_ITEM]" Alias="[WI]" Column="RELATE_ID"/></OrderByColumn></OrderBy><RelOp NodeId="14" PhysicalOp="Hash Match" LogicalOp="Inner Join" EstimateRows="485.434" EstimateIO="0" EstimateCPU="0.0371312" AvgRowSize="15" EstimatedTotalSubtreeCost="215.578" Parallel="1" EstimateRebinds="0" EstimateRewinds="0"><OutputList><ColumnReference Database="[UniTrac]" Schema="[dbo]" Table="[WORK_ITEM]" Alias="[WI]" Column="RELATE_ID"/></OutputList><MemoryFractions Input="0" Output="0"/><Hash><DefinedValues/><HashKeysBuild><ColumnReference Database="[UniTrac]" Schema="[dbo]" Table="[WORKFLOW_DEFINITION]" Alias="[WFD]" Column="ID"/></HashKeysBuild><HashKeysProbe><ColumnReference Database="[UniTrac]" Schema="[dbo]" Table="[WORK_ITEM]" Alias="[WI]" Column="WORKFLOW_DEFINITION_ID"/></HashKeysProbe><ProbeResidual><ScalarOperator ScalarString="[UniTrac].[dbo].[WORKFLOW_DEFINITION].[ID] as [WFD].[ID]=[UniTrac].[dbo].[WORK_ITEM].[WORKFLOW_DEFINITION_ID] as [WI].[WORKFLOW_DEFINITION_ID]"><Compare CompareOp="EQ"><ScalarOperator><Identifier><ColumnReference Database="[UniTrac]" Schema="[dbo]" Table="[WORKFLOW_DEFINITION]" Alias="[WFD]" Column="ID"/></Identifier></ScalarOperator><ScalarOperator><Identifier><ColumnReference Database="[UniTrac]" Schema="[dbo]" Table="[WORK_ITEM]" Alias="[WI]" Column="WORKFLOW_DEFINITION_ID"/></Identifier></ScalarOperator></Compare></ScalarOperator></ProbeResidual><RelOp NodeId="16" PhysicalOp="Parallelism" LogicalOp="Distribute Streams" EstimateRows="1.15385" EstimateIO="0" EstimateCPU="0.0285025" AvgRowSize="15" EstimatedTotalSubtreeCost="0.0332897" Parallel="1" EstimateRebinds="0" EstimateRewinds="0"><OutputList><ColumnReference Database="[UniTrac]" Schema="[dbo]" Table="[WORKFLOW_DEFINITION]" Alias="[WFD]" Column="ID"/></OutputList><Parallelism PartitioningType="Broadcast"><RelOp NodeId="17" PhysicalOp="Clustered Index Scan" LogicalOp="Clustered Index Scan" EstimateRows="1.15385" EstimateIO="0.00460648" EstimateCPU="0.0001735" AvgRowSize="41" EstimatedTotalSubtreeCost="0.00477998" TableCardinality="15" Parallel="0" EstimateRebinds="0" EstimateRewinds="0"><OutputList><ColumnReference Database="[UniTrac]" Schema="[dbo]" Table="[WORKFLOW_DEFINITION]" Alias="[WFD]" Column="ID"/></OutputList><IndexScan Ordered="0" ForcedIndex="0" NoExpandHint="0"><DefinedValues><DefinedValue><ColumnReference Database="[UniTrac]" Schema="[dbo]" Table="[WORKFLOW_DEFINITION]" Alias="[WFD]" Column="ID"/></DefinedValue></DefinedValues><Object Database="[UniTrac]" Schema="[dbo]" Table="[WORKFLOW_DEFINITION]" Index="[PK_WORKFLOW_DEFINITION]" Alias="[WFD]" IndexKind="Clustered"/><Predicate><ScalarOperator ScalarString="[UniTrac].[dbo].[WORKFLOW_DEFINITION].[NAME_TX] as [WFD].[NAME_TX]=N&apos;Cycle&apos;"><Compare CompareOp="EQ"><ScalarOperator><Identifier><ColumnReference Database="[UniTrac]" Schema="[dbo]" Table="[WORKFLOW_DEFINITION]" Alias="[WFD]" Column="NAME_TX"/></Identifier></ScalarOperator><ScalarOperator><Const ConstValue="N&apos;Cycle&apos;"/></ScalarOperator></Compare></ScalarOperator></Predicate></IndexScan></RelOp></Parallelism></RelOp><RelOp NodeId="19" PhysicalOp="Hash Match" LogicalOp="Inner Join" EstimateRows="5050.35" EstimateIO="0" EstimateCPU="1.1677" AvgRowSize="23" EstimatedTotalSubtreeCost="215.508" Parallel="1" EstimateRebinds="0" EstimateRewinds="0"><OutputList><ColumnReference Database="[UniTrac]" Schema="[dbo]" Table="[WORK_ITEM]" Alias="[WI]" Column="WORKFLOW_DEFINITION_ID"/><ColumnReference Database="[UniTrac]" Schema="[dbo]" Table="[WORK_ITEM]" Alias="[WI]" Column="RELATE_ID"/></OutputList><MemoryFractions Input="1" Output="0.999126"/><Hash><DefinedValues/><HashKeysBuild><ColumnReference Database="[UniTrac]" Schema="[dbo]" Table="[WORK_ITEM]" Alias="[WI]" Column="ID"/></HashKeysBuild><HashKeysProbe><ColumnReference Database="[UniTrac]" Schema="[dbo]" Table="[WORK_ITEM]" Alias="[WI]" Column="ID"/></HashKeysProbe><ProbeResidual><ScalarOperator ScalarString="[UniTrac].[dbo].[WORK_ITEM].[ID] as [WI].[ID] = [UniTrac].[dbo].[WORK_ITEM].[ID] as [WI].[ID]"><Compare CompareOp="IS"><ScalarOperator><Identifier><ColumnReference Database="[UniTrac]" Schema="[dbo]" Table="[WORK_ITEM]" Alias="[WI]" Column="ID"/></Identifier></ScalarOperator><ScalarOperator><Identifier><ColumnReference Database="[UniTrac]" Schema="[dbo]" Table="[WORK_ITEM]" Alias="[WI]" Column="ID"/></Identifier></ScalarOperator></Compare></ScalarOperator></ProbeResidual><RelOp NodeId="20" PhysicalOp="Bitmap" LogicalOp="Bitmap Create" EstimateRows="447891" EstimateIO="0" EstimateCPU="0.189195" AvgRowSize="15" EstimatedTotalSubtreeCost="9.20295" Parallel="1" EstimateRebinds="0" EstimateRewinds="0"><OutputList><ColumnReference Database="[UniTrac]" Schema="[dbo]" Table="[WORK_ITEM]" Alias="[WI]" Column="ID"/></OutputList><Bitmap><DefinedValues><DefinedValue><ColumnReference Column="Bitmap1015"/></DefinedValue></DefinedValues><HashKeys><ColumnReference Database="[UniTrac]" Schema="[dbo]" Table="[WORK_ITEM]" Alias="[WI]" Column="ID"/></HashKeys><RelOp NodeId="21" PhysicalOp="Parallelism" LogicalOp="Repartition Streams" EstimateRows="447891" EstimateIO="0" EstimateCPU="0.189195" AvgRowSize="15" EstimatedTotalSubtreeCost="9.20295" Parallel="1" EstimateRebinds="0" EstimateRewinds="0"><OutputList><ColumnReference Database="[UniTrac]" Schema="[dbo]" Table="[WORK_ITEM]" Alias="[WI]" Column="ID"/></OutputList><Parallelism PartitioningType="Hash"><PartitionColumns><ColumnReference Database="[UniTrac]" Schema="[dbo]" Table="[WORK_ITEM]" Alias="[WI]" Column="ID"/></PartitionColumns><RelOp NodeId="22" PhysicalOp="Index Seek" LogicalOp="Index Seek" EstimateRows="447891" EstimateIO="8.72979" EstimateCPU="0.131256" AvgRowSize="47" EstimatedTotalSubtreeCost="8.86105" TableCardinality="2.43683e+007" Parallel="1" EstimateRebinds="0" EstimateRewinds="0"><OutputList><ColumnReference Database="[UniTrac]" Schema="[dbo]" Table="[WORK_ITEM]" Alias="[WI]" Column="ID"/></OutputList><IndexScan Ordered="1" ScanDirection="FORWARD" ForcedIndex="0" ForceSeek="0" NoExpandHint="0"><DefinedValues><DefinedValue><ColumnReference Database="[UniTrac]" Schema="[dbo]" Table="[WORK_ITEM]" Alias="[WI]" Column="ID"/></DefinedValue></DefinedValues><Object Database="[UniTrac]" Schema="[dbo]" Table="[WORK_ITEM]" Index="[IDX_WI_STATUSCD_PURGEDT_UPDATEDT]" Alias="[WI]" IndexKind="NonClustered"/><SeekPredicates><SeekPredicateNew><SeekKeys><EndRange ScanType="LT"><RangeColumns><ColumnReference Database="[UniTrac]" Schema="[dbo]" Table="[WORK_ITEM]" Alias="[WI]" Column="STATUS_CD"/></RangeColumns><RangeExpressions><ScalarOperator ScalarString="N&apos;Complete&apos;"><Const ConstValue="N&apos;Complete&apos;"/></ScalarOperator></RangeExpressions></EndRange></SeekKeys></SeekPredicateNew><SeekPredicateNew><SeekKeys><StartRange ScanType="GT"><RangeColumns><ColumnReference Database="[UniTrac]" Schema="[dbo]" Table="[WORK_ITEM]" Alias="[WI]" Column="STATUS_CD"/></RangeColumns><RangeExpressions><ScalarOperator ScalarString="N&apos;Complete&apos;"><Const ConstValue="N&apos;Complete&apos;"/></ScalarOperator></RangeExpressions></StartRange></SeekKeys></SeekPredicateNew></SeekPredicates><Predicate><ScalarOperator ScalarString="[UniTrac].[dbo].[WORK_ITEM].[PURGE_DT] as [WI].[PURGE_DT] IS NULL AND ([UniTrac].[dbo].[WORK_ITEM].[STATUS_CD] as [WI].[STATUS_CD]&lt;N&apos;Withdrawn&apos; OR [UniTrac].[dbo].[WORK_ITEM].[STATUS_CD] as [WI].[STATUS_CD]&gt;N&apos;Withdrawn&apos;)"><Logical Operation="AND"><ScalarOperator><Compare CompareOp="IS"><ScalarOperator><Identifier><ColumnReference Database="[UniTrac]" Schema="[dbo]" Table="[WORK_ITEM]" Alias="[WI]" Column="PURGE_DT"/></Identifier></ScalarOperator><ScalarOperator><Const ConstValue="NULL"/></ScalarOperator></Compare></ScalarOperator><ScalarOperator><Logical Operation="OR"><ScalarOperator><Compare CompareOp="LT"><ScalarOperator><Identifier><ColumnReference Database="[UniTrac]" Schema="[dbo]" Table="[WORK_ITEM]" Alias="[WI]" Column="STATUS_CD"/></Identifier></ScalarOperator><ScalarOperator><Const ConstValue="N&apos;Withdrawn&apos;"/></ScalarOperator></Compare></ScalarOperator><ScalarOperator><Compare CompareOp="GT"><ScalarOperator><Identifier><ColumnReference Database="[UniTrac]" Schema="[dbo]" Table="[WORK_ITEM]" Alias="[WI]" Column="STATUS_CD"/></Identifier></ScalarOperator><ScalarOperator><Const ConstValue="N&apos;Withdrawn&apos;"/></ScalarOperator></Compare></ScalarOperator></Logical></ScalarOperator></Logical></ScalarOperator></Predicate></IndexScan></RelOp></Parallelism></RelOp></Bitmap></RelOp><RelOp NodeId="23" PhysicalOp="Parallelism" LogicalOp="Repartition Streams" EstimateRows="262250" EstimateIO="0" EstimateCPU="0.190448" AvgRowSize="31" EstimatedTotalSubtreeCost="205.137" Parallel="1" EstimateRebinds="0" EstimateRewinds="0"><OutputList><ColumnReference Database="[UniTrac]" Schema="[dbo]" Table="[WORK_ITEM]" Alias="[WI]" Column="ID"/><ColumnReference Database="[UniTrac]" Schema="[dbo]" Table="[WORK_ITEM]" Alias="[WI]" Column="WORKFLOW_DEFINITION_ID"/><ColumnReference Database="[UniTrac]" Schema="[dbo]" Table="[WORK_ITEM]" Alias="[WI]" Column="RELATE_ID"/></OutputList><Parallelism PartitioningType="Hash"><PartitionColumns><ColumnReference Database="[UniTrac]" Schema="[dbo]" Table="[WORK_ITEM]" Alias="[WI]" Column="ID"/></PartitionColumns><RelOp NodeId="24" PhysicalOp="Index Scan" LogicalOp="Index Scan" EstimateRows="262250" EstimateIO="198.916" EstimateCPU="3.35066" AvgRowSize="93" EstimatedTotalSubtreeCost="202.266" TableCardinality="2.43683e+007" Parallel="1" EstimateRebinds="0" EstimateRewinds="0"><OutputList><ColumnReference Database="[UniTrac]" Schema="[dbo]" Table="[WORK_ITEM]" Alias="[WI]" Column="ID"/><ColumnReference Database="[UniTrac]" Schema="[dbo]" Table="[WORK_ITEM]" Alias="[WI]" Column="WORKFLOW_DEFINITION_ID"/><ColumnReference Database="[UniTrac]" Schema="[dbo]" Table="[WORK_ITEM]" Alias="[WI]" Column="RELATE_ID"/></OutputList><IndexScan Ordered="0" ForcedIndex="0" ForceSeek="0" NoExpandHint="0"><DefinedValues><DefinedValue><ColumnReference Database="[UniTrac]" Schema="[dbo]" Table="[WORK_ITEM]" Alias="[WI]" Column="ID"/></DefinedValue><DefinedValue><ColumnReference Database="[UniTrac]" Schema="[dbo]" Table="[WORK_ITEM]" Alias="[WI]" Column="WORKFLOW_DEFINITION_ID"/></DefinedValue><DefinedValue><ColumnReference Database="[UniTrac]" Schema="[dbo]" Table="[WORK_ITEM]" Alias="[WI]" Column="RELATE_ID"/></DefinedValue></DefinedValues><Object Database="[UniTrac]" Schema="[dbo]" Table="[WORK_ITEM]" Index="[IDX_WI_RELID_TYPE_Cover]" Alias="[WI]" IndexKind="NonClustered"/><Predicate><ScalarOperator ScalarString="[UniTrac].[dbo].[WORK_ITEM].[PURGE_DT] as [WI].[PURGE_DT] IS NULL AND [UniTrac].[dbo].[WORK_ITEM].[RELATE_TYPE_CD] as [WI].[RELATE_TYPE_CD]=N&apos;Osprey.ProcessMgr.ProcessLog&apos; AND PROBE([Bitmap1015],[UniTrac].[dbo].[WORK_ITEM].[ID] as [WI].[ID],N&apos;[IN ROW]&apos;)"><Logical Operation="AND"><ScalarOperator><Logical Operation="AND"><ScalarOperator><Compare CompareOp="IS"><ScalarOperator><Identifier><ColumnReference Database="[UniTrac]" Schema="[dbo]" Table="[WORK_ITEM]" Alias="[WI]" Column="PURGE_DT"/></Identifier></ScalarOperator><ScalarOperator><Const ConstValue="NULL"/></ScalarOperator></Compare></ScalarOperator><ScalarOperator><Compare CompareOp="EQ"><ScalarOperator><Identifier><ColumnReference Database="[UniTrac]" Schema="[dbo]" Table="[WORK_ITEM]" Alias="[WI]" Column="RELATE_TYPE_CD"/></Identifier></ScalarOperator><ScalarOperator><Const ConstValue="N&apos;Osprey.ProcessMgr.ProcessLog&apos;"/></ScalarOperator></Compare></ScalarOperator></Logical></ScalarOperator><ScalarOperator><Intrinsic FunctionName="PROBE"><ScalarOperator><Identifier><ColumnReference Column="Bitmap1015"/></Identifier></ScalarOperator><ScalarOperator><Identifier><ColumnReference Database="[UniTrac]" Schema="[dbo]" Table="[WORK_ITEM]" Alias="[WI]" Column="ID"/></Identifier></ScalarOperator><ScalarOperator><Const ConstValue="N&apos;[IN ROW]&apos;"/></ScalarOperator></Intrinsic></ScalarOperator></Logical></ScalarOperator></Predicate></IndexScan></RelOp></Parallelism></RelOp></Hash></RelOp></Hash></RelOp></Sort></RelOp><RelOp NodeId="32" PhysicalOp="Index Seek" LogicalOp="Index Seek" EstimateRows="16.1811" EstimateIO="0.003125" EstimateCPU="0.000174799" AvgRowSize="15" EstimatedTotalSubtreeCost="1.52276" TableCardinality="3.20453e+008" Parallel="1" EstimateRebinds="460.156" EstimateRewinds="24.2779"><OutputList><ColumnReference Database="[UniTrac]" Schema="[dbo]" Table="[PROCESS_LOG_ITEM]" Alias="[PLI]" Column="ID"/></OutputList><IndexScan Ordered="1" ScanDirection="FORWARD" ForcedIndex="0" ForceSeek="0" NoExpandHint="0"><DefinedValues><DefinedValue><ColumnReference Database="[UniTrac]" Schema="[dbo]" Table="[PROCESS_LOG_ITEM]" Alias="[PLI]" Column="ID"/></DefinedValue></DefinedValues><Object Database="[UniTrac]" Schema="[dbo]" Table="[PROCESS_LOG_ITEM]" Index="[IDX_PLI_PROCESS_LOG_ID_cover]" Alias="[PLI]" IndexKind="NonClustered"/><SeekPredicates><SeekPredicateNew><SeekKeys><Prefix ScanType="EQ"><RangeColumns><ColumnReference Database="[UniTrac]" Schema="[dbo]" Table="[PROCESS_LOG_ITEM]" Alias="[PLI]" Column="PROCESS_LOG_ID"/><ColumnReference Database="[UniTrac]" Schema="[dbo]" Table="[PROCESS_LOG_ITEM]" Alias="[PLI]" Column="STATUS_CD"/><ColumnReference Database="[UniTrac]" Schema="[dbo]" Table="[PROCESS_LOG_ITEM]" Alias="[PLI]" Column="RELATE_TYPE_CD"/><ColumnReference Database="[UniTrac]" Schema="[dbo]" Table="[PROCESS_LOG_ITEM]" Alias="[PLI]" Column="PURGE_DT"/></RangeColumns><RangeExpressions><ScalarOperator ScalarString="[UniTrac].[dbo].[WORK_ITEM].[RELATE_ID] as [WI].[RELATE_ID]"><Identifier><ColumnReference Database="[UniTrac]" Schema="[dbo]" Table="[WORK_ITEM]" Alias="[WI]" Column="RELATE_ID"/></Identifier></ScalarOperator><ScalarOperator ScalarString="N&apos;COMP&apos;"><Const ConstValue="N&apos;COMP&apos;"/></ScalarOperator><ScalarOperator ScalarString="N&apos;Allied.UniTrac.NoticeInteraction&apos;"><Const ConstValue="N&apos;Allied.UniTrac.NoticeInteraction&apos;"/></ScalarOperator><ScalarOperator ScalarString="NULL"><Const ConstValue="NULL"/></ScalarOperator></RangeExpressions></Prefix></SeekKeys></SeekPredicateNew></SeekPredicates></IndexScan></RelOp></NestedLoops></RelOp><RelOp NodeId="34" PhysicalOp="Clustered Index Seek" LogicalOp="Clustered Index Seek" EstimateRows="1" EstimateIO="0.003125" EstimateCPU="0.0001581" AvgRowSize="15" EstimatedTotalSubtreeCost="1.70436" TableCardinality="3.20453e+008" Parallel="1" EstimateRebinds="7339.9" EstimateRewinds="513.959"><OutputList><ColumnReference Database="[UniTrac]" Schema="[dbo]" Table="[PROCESS_LOG_ITEM]" Alias="[PLI]" Column="EVALUATION_EVENT_ID"/></OutputList><IndexScan Lookup="1" Ordered="1" ScanDirection="FORWARD" ForcedIndex="0" ForceSeek="0" NoExpandHint="0"><DefinedValues><DefinedValue><ColumnReference Database="[UniTrac]" Schema="[dbo]" Table="[PROCESS_LOG_ITEM]" Alias="[PLI]" Column="EVALUATION_EVENT_ID"/></DefinedValue></DefinedValues><Object Database="[UniTrac]" Schema="[dbo]" Table="[PROCESS_LOG_ITEM]" Index="[PK_PROCESS_LOG_ITEM]" Alias="[PLI]" TableReferenceId="-1" IndexKind="Clustered"/><SeekPredicates><SeekPredicateNew><SeekKeys><Prefix ScanType="EQ"><RangeColumns><ColumnReference Database="[UniTrac]" Schema="[dbo]" Table="[PROCESS_LOG_ITEM]" Alias="[PLI]" Column="ID"/></RangeColumns><RangeExpressions><ScalarOperator ScalarString="[UniTrac].[dbo].[PROCESS_LOG_ITEM].[ID] as [PLI].[ID]"><Identifier><ColumnReference Database="[UniTrac]" Schema="[dbo]" Table="[PROCESS_LOG_ITEM]" Alias="[PLI]" Column="ID"/></Identifier></ScalarOperator></RangeExpressions></Prefix></SeekKeys></SeekPredicateNew></SeekPredicates></IndexScan></RelOp></NestedLoops></RelOp></Hash></RelOp></Parallelism></RelOp></Sort></RelOp></Top></RelOp></Update></RelOp><ParameterList><ColumnReference Column="@requiredCoverageId" ParameterCompiledValue="(114046551)"/></ParameterList></QueryPlan></StmtSimple></Statements></Batch></BatchSequence></ShowPlanXML>